Log file open, 08/15/18 11:04:38
LogWindows: Failed to load 'aqProf.dll' (GetLastError=126)
LogWindows: File 'aqProf.dll' does not exist
LogWindows: Failed to load 'VtuneApi.dll' (GetLastError=126)
LogWindows: File 'VtuneApi.dll' does not exist
LogWindows: Failed to load 'VtuneApi32e.dll' (GetLastError=126)
LogWindows: File 'VtuneApi32e.dll' does not exist
LogInit: Display: Running engine for game: ALBIRB_EXPERIENCE
LogPlatformFile: Not using cached read wrapper
LogInit: Display: RandInit(974806702) SRandInit(974806702).
LogInit: Read version file with build ID '3944462'
LogInit: Overriding engine version to CL 4033788, compatible CL 3944462
LogInit: Registered custom module enumerator with build ID '3944462'
LogTaskGraph: Started task graph with 5 named threads and 23 total threads with 3 sets of task threads.
LogStats: Stats thread started at 0.261944
LogD3D11RHI: Aftermath initialized
LogICUInternationalization: Display: ICU TimeZone Detection - Raw Offset: +12:00, Platform Override: ''
LogPluginManager: Mounting plugin Paper2D
LogPluginManager: Mounting plugin LiveLink
LogPluginManager: Mounting plugin LightPropagationVolume
LogPluginManager: Mounting plugin CLionSourceCodeAccess
LogPluginManager: Mounting plugin CodeLiteSourceCodeAccess
LogPluginManager: Mounting plugin GitSourceControl
LogPluginManager: Mounting plugin KDevelopSourceCodeAccess
LogPluginManager: Mounting plugin NullSourceCodeAccess
LogPluginManager: Mounting plugin PerforceSourceControl
LogPluginManager: Mounting plugin SubversionSourceControl
LogPluginManager: Mounting plugin UObjectPlugin
LogPluginManager: Mounting plugin VisualStudioCodeSourceCodeAccess
LogPluginManager: Mounting plugin VisualStudioSourceCodeAccess
LogPluginManager: Mounting plugin XCodeSourceCodeAccess
LogPluginManager: Mounting plugin AssetManagerEditor
LogPluginManager: Mounting plugin CryptoKeys
LogPluginManager: Mounting plugin DataValidation
LogPluginManager: Mounting plugin FacialAnimation
LogPluginManager: Mounting plugin GameplayTagsEditor
LogPluginManager: Mounting plugin MobileLauncherProfileWizard
LogPluginManager: Mounting plugin PluginBrowser
LogPluginManager: Mounting plugin SpeedTreeImporter
LogPluginManager: Mounting plugin DatasmithContent
LogPluginManager: Mounting plugin AlembicImporter
LogPluginManager: Mounting plugin CharacterAI
LogPluginManager: Mounting plugin HTML5Networking
LogPluginManager: Mounting plugin AndroidMedia
LogPluginManager: Mounting plugin AvfMedia
LogPluginManager: Mounting plugin ImgMedia
LogPluginManager: Mounting plugin LinearTimecode
LogPluginManager: Mounting plugin MediaCompositing
LogPluginManager: Mounting plugin MediaPlayerEditor
LogPluginManager: Mounting plugin WmfMedia
LogPluginManager: Mounting plugin TcpMessaging
LogPluginManager: Mounting plugin UdpMessaging
LogPluginManager: Mounting plugin ActorSequence
LogPluginManager: Mounting plugin LevelSequenceEditor
LogPluginManager: Mounting plugin MatineeToLevelSequence
LogPluginManager: Mounting plugin NetcodeUnitTest
LogPluginManager: Mounting plugin NUTUnrealEngine4
LogPluginManager: Mounting plugin OnlineSubsystemGooglePlay
LogPluginManager: Mounting plugin OnlineSubsystemIOS
LogPluginManager: Mounting plugin OnlineSubsystem
LogPluginManager: Mounting plugin OnlineSubsystemNull
LogPluginManager: Mounting plugin OnlineSubsystemUtils
LogPluginManager: Mounting plugin AndroidDeviceProfileSelector
LogPluginManager: Mounting plugin AndroidMoviePlayer
LogPluginManager: Mounting plugin AndroidPermission
LogPluginManager: Mounting plugin AppleARKit
LogPluginManager: Mounting plugin AppleMoviePlayer
LogPluginManager: Mounting plugin ArchVisCharacter
LogPluginManager: Mounting plugin AudioCapture
LogPluginManager: Mounting plugin CableComponent
LogPluginManager: Mounting plugin CustomMeshComponent
LogPluginManager: Mounting plugin ExampleDeviceProfileSelector
LogPluginManager: Mounting plugin GoogleCloudMessaging
LogPluginManager: Mounting plugin ImmediatePhysics
LogPluginManager: Mounting plugin IOSDeviceProfileSelector
LogPluginManager: Mounting plugin LinuxDeviceProfileSelector
LogPluginManager: Mounting plugin LocationServicesBPLibrary
LogPluginManager: Mounting plugin MobilePatchingUtils
LogPluginManager: Mounting plugin OculusVR
LogPluginManager: Plugin shader directory ../../../Engine/Plugins/Runtime/Oculus/OculusVR/Shaders found
LogPluginManager: Mapping shader source directory ../../../Engine/Plugins/Runtime/Oculus/OculusVR/Shaders to virtual directory /Plugin/OculusVR
LogPluginManager: Mounting plugin PhysXVehicles
LogPluginManager: Mounting plugin ProceduralMeshComponent
LogPluginManager: Mounting plugin RuntimePhysXCooking
LogPluginManager: Mounting plugin SteamVR
LogPluginManager: Mounting plugin WindowsMoviePlayer
LogStreaming: Display: Took  0.075s to configure plugins.
LogModuleManager: Display: Found up-to-date module file ../../../../../Users/james.dev7362/Documents/Unreal Projects/ALBIRB_EXPERIENCE/Binaries/Win64/UE4Editor-ALBIRB_EXPERIENCE.dll (API version 3944462).
LogModuleManager: Display: Found up-to-date module file ../../../Engine/Plugins/2D/Paper2D/Binaries/Win64/UE4Editor-Paper2D.dll (API version 3944462).
LogModuleManager: Display: Found up-to-date module file ../../../Engine/Plugins/2D/Paper2D/Binaries/Win64/UE4Editor-Paper2DEditor.dll (API version 3944462).
LogModuleManager: Display: Found up-to-date module file ../../../Engine/Plugins/2D/Paper2D/Binaries/Win64/UE4Editor-PaperSpriteSheetImporter.dll (API version 3944462).
LogModuleManager: Display: Found up-to-date module file ../../../Engine/Plugins/2D/Paper2D/Binaries/Win64/UE4Editor-PaperTiledImporter.dll (API version 3944462).
LogModuleManager: Display: Found up-to-date module file ../../../Engine/Plugins/2D/Paper2D/Binaries/Win64/UE4Editor-SmartSnapping.dll (API version 3944462).
LogModuleManager: Display: Found up-to-date module file ../../../Engine/Plugins/Animation/LiveLink/Binaries/Win64/UE4Editor-LiveLink.dll (API version 3944462).
LogModuleManager: Display: Found up-to-date module file ../../../Engine/Plugins/Animation/LiveLink/Binaries/Win64/UE4Editor-LiveLinkEditor.dll (API version 3944462).
LogModuleManager: Display: Found up-to-date module file ../../../Engine/Plugins/Blendables/LightPropagationVolume/Binaries/Win64/UE4Editor-LightPropagationVolumeRuntime.dll (API version 3944462).
LogModuleManager: Display: Found up-to-date module file ../../../Engine/Plugins/Blendables/LightPropagationVolume/Binaries/Win64/UE4Editor-LightPropagationVolumeEditor.dll (API version 3944462).
LogModuleManager: Display: Found up-to-date module file ../../../Engine/Plugins/Developer/CLionSourceCodeAccess/Binaries/Win64/UE4Editor-CLionSourceCodeAccess.dll (API version 3944462).
LogModuleManager: Display: Found up-to-date module file ../../../Engine/Plugins/Developer/GitSourceControl/Binaries/Win64/UE4Editor-GitSourceControl.dll (API version 3944462).
LogModuleManager: Display: Found up-to-date module file ../../../Engine/Plugins/Developer/PerforceSourceControl/Binaries/Win64/UE4Editor-PerforceSourceControl.dll (API version 3944462).
LogModuleManager: Display: Found up-to-date module file ../../../Engine/Plugins/Developer/SubversionSourceControl/Binaries/Win64/UE4Editor-SubversionSourceControl.dll (API version 3944462).
LogModuleManager: Display: Found up-to-date module file ../../../Engine/Plugins/Developer/UObjectPlugin/Binaries/Win64/UE4Editor-UObjectPlugin.dll (API version 3944462).
LogModuleManager: Display: Found up-to-date module file ../../../Engine/Plugins/Developer/VisualStudioCodeSourceCodeAccess/Binaries/Win64/UE4Editor-VisualStudioCodeSourceCodeAccess.dll (API version 3944462).
LogModuleManager: Display: Found up-to-date module file ../../../Engine/Plugins/Developer/VisualStudioSourceCodeAccess/Binaries/Win64/UE4Editor-VisualStudioSourceCodeAccess.dll (API version 3944462).
LogModuleManager: Display: Found up-to-date module file ../../../Engine/Plugins/Editor/AssetManagerEditor/Binaries/Win64/UE4Editor-AssetManagerEditor.dll (API version 3944462).
LogModuleManager: Display: Found up-to-date module file ../../../Engine/Plugins/Editor/CryptoKeys/Binaries/Win64/UE4Editor-CryptoKeys.dll (API version 3944462).
LogModuleManager: Display: Found up-to-date module file ../../../Engine/Plugins/Editor/CryptoKeys/Binaries/Win64/UE4Editor-CryptoKeysOpenSSL.dll (API version 3944462).
LogModuleManager: Display: Found up-to-date module file ../../../Engine/Plugins/Editor/DataValidation/Binaries/Win64/UE4Editor-DataValidation.dll (API version 3944462).
LogModuleManager: Display: Found up-to-date module file ../../../Engine/Plugins/Editor/FacialAnimation/Binaries/Win64/UE4Editor-FacialAnimation.dll (API version 3944462).
LogModuleManager: Display: Found up-to-date module file ../../../Engine/Plugins/Editor/FacialAnimation/Binaries/Win64/UE4Editor-FacialAnimationEditor.dll (API version 3944462).
LogModuleManager: Display: Found up-to-date module file ../../../Engine/Plugins/Editor/GameplayTagsEditor/Binaries/Win64/UE4Editor-GameplayTagsEditor.dll (API version 3944462).
LogModuleManager: Display: Found up-to-date module file ../../../Engine/Plugins/Editor/MobileLauncherProfileWizard/Binaries/Win64/UE4Editor-MobileLauncherProfileWizard.dll (API version 3944462).
LogModuleManager: Display: Found up-to-date module file ../../../Engine/Plugins/Editor/PluginBrowser/Binaries/Win64/UE4Editor-PluginBrowser.dll (API version 3944462).
LogModuleManager: Display: Found up-to-date module file ../../../Engine/Plugins/Editor/SpeedTreeImporter/Binaries/Win64/UE4Editor-SpeedTreeImporter.dll (API version 3944462).
LogModuleManager: Display: Found up-to-date module file ../../../Engine/Plugins/Enterprise/DatasmithContent/Binaries/Win64/UE4Editor-DatasmithContent.dll (API version 3944462).
LogModuleManager: Display: Found up-to-date module file ../../../Engine/Plugins/Experimental/AlembicImporter/Binaries/Win64/UE4Editor-AlembicImporter.dll (API version 3944462).
LogModuleManager: Display: Found up-to-date module file ../../../Engine/Plugins/Experimental/AlembicImporter/Binaries/Win64/UE4Editor-AlembicLibrary.dll (API version 3944462).
LogModuleManager: Display: Found up-to-date module file ../../../Engine/Plugins/Experimental/CharacterAI/Binaries/Win64/UE4Editor-CharacterAI.dll (API version 3944462).
LogModuleManager: Display: Found up-to-date module file ../../../Engine/Plugins/Experimental/HTML5Networking/Binaries/Win64/UE4Editor-HTML5Networking.dll (API version 3944462).
LogModuleManager: Display: Found up-to-date module file ../../../Engine/Plugins/Media/AndroidMedia/Binaries/Win64/UE4Editor-AndroidMediaEditor.dll (API version 3944462).
LogModuleManager: Display: Found up-to-date module file ../../../Engine/Plugins/Media/AndroidMedia/Binaries/Win64/UE4Editor-AndroidMediaFactory.dll (API version 3944462).
LogModuleManager: Display: Found up-to-date module file ../../../Engine/Plugins/Media/AvfMedia/Binaries/Win64/UE4Editor-AvfMediaEditor.dll (API version 3944462).
LogModuleManager: Display: Found up-to-date module file ../../../Engine/Plugins/Media/AvfMedia/Binaries/Win64/UE4Editor-AvfMediaFactory.dll (API version 3944462).
LogModuleManager: Display: Found up-to-date module file ../../../Engine/Plugins/Media/AvfMedia/Binaries/Win64/UE4Editor-AvfMediaFactory.dll (API version 3944462).
LogModuleManager: Display: Found up-to-date module file ../../../Engine/Plugins/Media/ImgMedia/Binaries/Win64/UE4Editor-ImgMedia.dll (API version 3944462).
LogModuleManager: Display: Found up-to-date module file ../../../Engine/Plugins/Media/ImgMedia/Binaries/Win64/UE4Editor-ImgMediaEditor.dll (API version 3944462).
LogModuleManager: Display: Found up-to-date module file ../../../Engine/Plugins/Media/ImgMedia/Binaries/Win64/UE4Editor-ImgMediaFactory.dll (API version 3944462).
LogModuleManager: Display: Found up-to-date module file ../../../Engine/Plugins/Media/ImgMedia/Binaries/Win64/UE4Editor-ImgMediaFactory.dll (API version 3944462).
LogModuleManager: Display: Found up-to-date module file ../../../Engine/Plugins/Media/ImgMedia/Binaries/Win64/UE4Editor-OpenExrWrapper.dll (API version 3944462).
LogModuleManager: Display: Found up-to-date module file ../../../Engine/Plugins/Media/LinearTimecode/Binaries/Win64/UE4Editor-LinearTimecode.dll (API version 3944462).
LogModuleManager: Display: Found up-to-date module file ../../../Engine/Plugins/Media/MediaCompositing/Binaries/Win64/UE4Editor-MediaCompositing.dll (API version 3944462).
LogModuleManager: Display: Found up-to-date module file ../../../Engine/Plugins/Media/MediaCompositing/Binaries/Win64/UE4Editor-MediaCompositingEditor.dll (API version 3944462).
LogModuleManager: Display: Found up-to-date module file ../../../Engine/Plugins/Media/MediaPlayerEditor/Binaries/Win64/UE4Editor-MediaPlayerEditor.dll (API version 3944462).
LogModuleManager: Display: Found up-to-date module file ../../../Engine/Plugins/Media/WmfMedia/Binaries/Win64/UE4Editor-WmfMedia.dll (API version 3944462).
LogModuleManager: Display: Found up-to-date module file ../../../Engine/Plugins/Media/WmfMedia/Binaries/Win64/UE4Editor-WmfMediaEditor.dll (API version 3944462).
LogModuleManager: Display: Found up-to-date module file ../../../Engine/Plugins/Media/WmfMedia/Binaries/Win64/UE4Editor-WmfMediaFactory.dll (API version 3944462).
LogModuleManager: Display: Found up-to-date module file ../../../Engine/Plugins/Media/WmfMedia/Binaries/Win64/UE4Editor-WmfMediaFactory.dll (API version 3944462).
LogModuleManager: Display: Found up-to-date module file ../../../Engine/Plugins/Messaging/TcpMessaging/Binaries/Win64/UE4Editor-TcpMessaging.dll (API version 3944462).
LogModuleManager: Display: Found up-to-date module file ../../../Engine/Plugins/Messaging/UdpMessaging/Binaries/Win64/UE4Editor-UdpMessaging.dll (API version 3944462).
LogModuleManager: Display: Found up-to-date module file ../../../Engine/Plugins/MovieScene/ActorSequence/Binaries/Win64/UE4Editor-ActorSequence.dll (API version 3944462).
LogModuleManager: Display: Found up-to-date module file ../../../Engine/Plugins/MovieScene/LevelSequenceEditor/Binaries/Win64/UE4Editor-LevelSequenceEditor.dll (API version 3944462).
LogModuleManager: Display: Found up-to-date module file ../../../Engine/Plugins/MovieScene/MatineeToLevelSequence/Binaries/Win64/UE4Editor-MatineeToLevelSequence.dll (API version 3944462).
LogModuleManager: Display: Found up-to-date module file ../../../Engine/Plugins/NetcodeUnitTest/NetcodeUnitTest/Binaries/Win64/UE4Editor-NetcodeUnitTest.dll (API version 3944462).
LogModuleManager: Display: Found up-to-date module file ../../../Engine/Plugins/NetcodeUnitTest/NUTUnrealEngine4/Binaries/Win64/UE4Editor-NUTUnrealEngine4.dll (API version 3944462).
LogModuleManager: Display: Found up-to-date module file ../../../Engine/Plugins/Online/OnlineSubsystem/Binaries/Win64/UE4Editor-OnlineSubsystem.dll (API version 3944462).
LogModuleManager: Display: Found up-to-date module file ../../../Engine/Plugins/Online/OnlineSubsystemNull/Binaries/Win64/UE4Editor-OnlineSubsystemNull.dll (API version 3944462).
LogModuleManager: Display: Found up-to-date module file ../../../Engine/Plugins/Online/OnlineSubsystemUtils/Binaries/Win64/UE4Editor-OnlineSubsystemUtils.dll (API version 3944462).
LogModuleManager: Display: Found up-to-date module file ../../../Engine/Plugins/Online/OnlineSubsystemUtils/Binaries/Win64/UE4Editor-OnlineBlueprintSupport.dll (API version 3944462).
LogModuleManager: Display: Found up-to-date module file ../../../Engine/Plugins/Runtime/AndroidDeviceProfileSelector/Binaries/Win64/UE4Editor-AndroidDeviceProfileSelector.dll (API version 3944462).
LogModuleManager: Display: Found up-to-date module file ../../../Engine/Plugins/Runtime/AndroidPermission/Binaries/Win64/UE4Editor-AndroidPermission.dll (API version 3944462).
LogModuleManager: Display: Found up-to-date module file ../../../Engine/Plugins/Runtime/AppleARKit/Binaries/Win64/UE4Editor-AppleARKit.dll (API version 3944462).
LogModuleManager: Display: Found up-to-date module file ../../../Engine/Plugins/Runtime/ArchVisCharacter/Binaries/Win64/UE4Editor-ArchVisCharacter.dll (API version 3944462).
LogModuleManager: Display: Found up-to-date module file ../../../Engine/Plugins/Runtime/AudioCapture/Binaries/Win64/UE4Editor-AudioCapture.dll (API version 3944462).
LogModuleManager: Display: Found up-to-date module file ../../../Engine/Plugins/Runtime/AudioCapture/Binaries/Win64/UE4Editor-AudioCaptureEditor.dll (API version 3944462).
LogModuleManager: Display: Found up-to-date module file ../../../Engine/Plugins/Runtime/CableComponent/Binaries/Win64/UE4Editor-CableComponent.dll (API version 3944462).
LogModuleManager: Display: Found up-to-date module file ../../../Engine/Plugins/Runtime/CustomMeshComponent/Binaries/Win64/UE4Editor-CustomMeshComponent.dll (API version 3944462).
LogModuleManager: Display: Found up-to-date module file ../../../Engine/Plugins/Runtime/ExampleDeviceProfileSelector/Binaries/Win64/UE4Editor-ExampleDeviceProfileSelector.dll (API version 3944462).
LogModuleManager: Display: Found up-to-date module file ../../../Engine/Plugins/Runtime/ImmediatePhysics/Binaries/Win64/UE4Editor-ImmediatePhysics.dll (API version 3944462).
LogModuleManager: Display: Found up-to-date module file ../../../Engine/Plugins/Runtime/ImmediatePhysics/Binaries/Win64/UE4Editor-ImmediatePhysicsEditor.dll (API version 3944462).
LogModuleManager: Display: Found up-to-date module file ../../../Engine/Plugins/Runtime/LocationServicesBPLibrary/Binaries/Win64/UE4Editor-LocationServicesBPLibrary.dll (API version 3944462).
LogModuleManager: Display: Found up-to-date module file ../../../Engine/Plugins/Runtime/MobilePatchingUtils/Binaries/Win64/UE4Editor-MobilePatchingUtils.dll (API version 3944462).
LogModuleManager: Display: Found up-to-date module file ../../../Engine/Plugins/Runtime/Oculus/OculusVR/Binaries/Win64/UE4Editor-OculusHMD.dll (API version 3944462).
LogModuleManager: Display: Found up-to-date module file ../../../Engine/Plugins/Runtime/Oculus/OculusVR/Binaries/Win64/UE4Editor-OculusInput.dll (API version 3944462).
LogModuleManager: Display: Found up-to-date module file ../../../Engine/Plugins/Runtime/Oculus/OculusVR/Binaries/Win64/UE4Editor-OculusEditor.dll (API version 3944462).
LogModuleManager: Display: Found up-to-date module file ../../../Engine/Plugins/Runtime/PhysXVehicles/Binaries/Win64/UE4Editor-PhysXVehicles.dll (API version 3944462).
LogModuleManager: Display: Found up-to-date module file ../../../Engine/Plugins/Runtime/PhysXVehicles/Binaries/Win64/UE4Editor-PhysXVehiclesEditor.dll (API version 3944462).
LogModuleManager: Display: Found up-to-date module file ../../../Engine/Plugins/Runtime/ProceduralMeshComponent/Binaries/Win64/UE4Editor-ProceduralMeshComponent.dll (API version 3944462).
LogModuleManager: Display: Found up-to-date module file ../../../Engine/Plugins/Runtime/ProceduralMeshComponent/Binaries/Win64/UE4Editor-ProceduralMeshComponentEditor.dll (API version 3944462).
LogModuleManager: Display: Found up-to-date module file ../../../Engine/Plugins/Runtime/RuntimePhysXCooking/Binaries/Win64/UE4Editor-RuntimePhysXCooking.dll (API version 3944462).
LogModuleManager: Display: Found up-to-date module file ../../../Engine/Plugins/Runtime/Steam/SteamVR/Binaries/Win64/UE4Editor-SteamVR.dll (API version 3944462).
LogModuleManager: Display: Found up-to-date module file ../../../Engine/Plugins/Runtime/Steam/SteamVR/Binaries/Win64/UE4Editor-SteamVRController.dll (API version 3944462).
LogModuleManager: Display: Found up-to-date module file ../../../Engine/Plugins/Runtime/WindowsMoviePlayer/Binaries/Win64/UE4Editor-WindowsMoviePlayer.dll (API version 3944462).
LogInit: Using libcurl 7.47.1
LogInit:  - built for x86_64-pc-win32
LogInit:  - supports SSL with OpenSSL/1.0.2g
LogInit:  - supports HTTP deflate (compression) using libz 1.2.8
LogInit:  - other features:
LogInit:      CURL_VERSION_SSL
LogInit:      CURL_VERSION_LIBZ
LogInit:      CURL_VERSION_IPV6
LogInit:      CURL_VERSION_ASYNCHDNS
LogInit:      CURL_VERSION_LARGEFILE
LogInit:      CURL_VERSION_IDN
LogInit:  CurlRequestOptions (configurable via config and command line):
LogInit:  - bVerifyPeer = false  - Libcurl will NOT verify peer certificate
LogInit:  - bUseHttpProxy = false  - Libcurl will NOT use HTTP proxy
LogInit:  - bDontReuseConnections = false  - Libcurl will reuse connections
LogInit:  - CertBundlePath = nullptr  - Libcurl will use whatever was configured at build time.
LogInit:  - MaxHostConnections = 16  - Libcurl will limit the number of connections to a host
LogInit:  - LocalHostAddr = Default
LogInit: WinSock: version 1.1 (2.2), MaxSocks=32767, MaxUdp=65467
LogInit: WinSock: I am 1806C024 (10.18.0.77:0)
LogInit: Build: ++UE4+Release-4.19-CL-4033788
LogInit: Engine Version: 4.19.2-4033788+++UE4+Release-4.19
LogInit: Compatible Engine Version: 4.19.0-3944462+++UE4+Release-4.19
LogInit: Net CL: 3944462
LogDevObjectVersion: Number of dev versions registered: 18
LogDevObjectVersion:   Dev-Blueprints (B0D832E4-1F89-4F0D-ACCF-7EB736FD4AA2): 10
LogDevObjectVersion:   Dev-Build (E1C64328-A22C-4D53-A36C-8E866417BD8C): 0
LogDevObjectVersion:   Dev-Core (375EC13C-06E4-48FB-B500-84F0262A717E): 2
LogDevObjectVersion:   Dev-Editor (E4B068ED-F494-42E9-A231-DA0B2E46BB41): 23
LogDevObjectVersion:   Dev-Framework (CFFC743F-43B0-4480-9391-14DF171D2073): 33
LogDevObjectVersion:   Dev-Mobile (B02B49B5-BB20-44E9-A304-32B752E40360): 2
LogDevObjectVersion:   Dev-Networking (A4E4105C-59A1-49B5-A7C5-40C4547EDFEE): 0
LogDevObjectVersion:   Dev-Online (39C831C9-5AE6-47DC-9A44-9C173E1C8E7C): 0
LogDevObjectVersion:   Dev-Physics (78F01B33-EBEA-4F98-B9B4-84EACCB95AA2): 0
LogDevObjectVersion:   Dev-Platform (6631380F-2D4D-43E0-8009-CF276956A95A): 0
LogDevObjectVersion:   Dev-Rendering (12F88B9F-8875-4AFC-A67C-D90C383ABD29): 25
LogDevObjectVersion:   Dev-Sequencer (7B5AE74C-D270-4C10-A958-57980B212A5A): 6
LogDevObjectVersion:   Dev-VR (D7296918-1DD6-4BDD-9DE2-64A83CC13884): 1
LogDevObjectVersion:   Dev-LoadTimes (C2A15278-BFE7-4AFE-6C17-90FF531DF755): 1
LogDevObjectVersion:   Private-Geometry (6EACA3D4-40EC-4CC1-B786-8BED09428FC5): 2
LogDevObjectVersion:   Dev-AnimPhys (29E575DD-E0A3-4627-9D10-D276232CDCEA): 16
LogDevObjectVersion:   Dev-ReflectionCapture (6B266CEC-1EC7-4B8F-A30B-E4D90942FC07): 1
LogDevObjectVersion:   Dev-Automation (0DF73D61-A23F-47EA-B727-89E90C41499A): 1
LogInit: Compiled (64-bit): Apr 27 2018 02:06:57
LogInit: Compiled with Visual C++: 19.00.24215.01
LogInit: Build Configuration: Development
LogInit: Branch Name: ++UE4+Release-4.19
LogInit: Command Line: -EpicPortal 
LogInit: Base Directory: D:/Epic/UE_4.19/Engine/Binaries/Win64/
LogInit: Installed Engine Build: 1
LogStreaming: Display: Took  0.000s to delete old logs.
LogInit: Presizing for max 8388607 objects, including 0 objects not considered by GC, pre-allocating 0 bytes for permanent pool.
LogInit: Object subsystem initialized
[2018.08.14-23.04.40:181][  0]LogInit: Selected Device Profile: [Windows]
[2018.08.14-23.04.40:181][  0]LogInit: Applying CVar settings loaded from the selected device profile: [Windows]
[2018.08.14-23.04.40:219][  0]LogInit: Computer: 1806C024
[2018.08.14-23.04.40:219][  0]LogInit: User: jamesdev7362
[2018.08.14-23.04.40:219][  0]LogInit: CPU Page size=4096, Cores=4
[2018.08.14-23.04.40:219][  0]LogInit: High frequency timer resolution =3.515624 MHz
[2018.08.14-23.04.40:221][  0]LogMemory: Memory total: Physical=32.0GB (32GB approx)
[2018.08.14-23.04.40:221][  0]LogMemory: Platform Memory Stats for Windows
[2018.08.14-23.04.40:221][  0]LogMemory: Process Physical Memory: 276.85 MB used, 276.85 MB peak
[2018.08.14-23.04.40:221][  0]LogMemory: Process Virtual Memory: 264.96 MB used, 264.96 MB peak
[2018.08.14-23.04.40:221][  0]LogMemory: Physical Memory: 8932.25 MB used,  23795.40 MB free, 32727.65 MB total
[2018.08.14-23.04.40:221][  0]LogMemory: Virtual Memory: 699.12 MB used,  23795.40 MB free, 134217728.00 MB total
[2018.08.14-23.04.40:236][  0]LogInit: Using OS detected language (en-US).
[2018.08.14-23.04.40:236][  0]LogInit: Using OS detected locale (en-US).
[2018.08.14-23.04.40:239][  0]LogTextLocalizationManager: No specific localization for 'en-US' exists, so the 'en' localization will be used.
[2018.08.14-23.04.40:574][  0]LogStreaming: Display: Took  0.340s to EndInitTextLocalization.
[2018.08.14-23.04.40:574][  0]LogInit: Setting process to per monitor DPI aware
[2018.08.14-23.04.40:602][  0]LogSlate: New Slate User Created.  User Index 0, Is Virtual User: 0
[2018.08.14-23.04.40:602][  0]LogSlate: Slate User Registered.  User Index 0, Is Virtual User: 0
[2018.08.14-23.04.40:803][  0]LogD3D11RHI: D3D11 adapters:
[2018.08.14-23.04.40:842][  0]LogD3D11RHI:    0. 'NVIDIA GeForce GTX 1080' (Feature Level 11_0)
[2018.08.14-23.04.40:842][  0]LogD3D11RHI:       8086/0/16363 MB DedicatedVideo/DedicatedSystem/SharedSystem, Outputs:2, VendorId:0x10de
[2018.08.14-23.04.40:845][  0]LogD3D11RHI:    1. 'Microsoft Basic Render Driver' (Feature Level 11_0)
[2018.08.14-23.04.40:845][  0]LogD3D11RHI:       0/0/16363 MB DedicatedVideo/DedicatedSystem/SharedSystem, Outputs:0, VendorId:0x1414
[2018.08.14-23.04.40:845][  0]LogD3D11RHI: Chosen D3D11 Adapter: 0
[2018.08.14-23.04.40:851][  0]LogD3D11RHI: Creating new Direct3DDevice
[2018.08.14-23.04.40:851][  0]LogD3D11RHI:     GPU DeviceId: 0x1b80 (for the marketing name, search the web for "GPU Device Id")
[2018.08.14-23.04.40:851][  0]LogWindows: EnumDisplayDevices:
[2018.08.14-23.04.40:851][  0]LogWindows:    0. 'NVIDIA GeForce GTX 1080' (P:1 D:1)
[2018.08.14-23.04.40:851][  0]LogWindows:    1. 'NVIDIA GeForce GTX 1080' (P:0 D:1)
[2018.08.14-23.04.40:851][  0]LogWindows:    2. 'NVIDIA GeForce GTX 1080' (P:0 D:0)
[2018.08.14-23.04.40:851][  0]LogWindows:    3. 'NVIDIA GeForce GTX 1080' (P:0 D:0)
[2018.08.14-23.04.40:851][  0]LogWindows:    4. 'Mirage Driver' (P:0 D:0)
[2018.08.14-23.04.40:851][  0]LogWindows: DebugString: GetVideoDriverDetailsInvalid PrimaryIsNotTheChoosenAdapter GetVideoDriverDetailsInvalid PrimaryIsNotTheChoosenAdapter GetVideoDriverDetailsInvalid PrimaryIsNotTheChoosenAdapter GetVideoDriverDetailsInvalid PrimaryIsNotTheChoosenAdapter GetVideoDriverDetailsInvalid PrimaryIsNotTheChoosenAdapter FoundDriverCount:0 
[2018.08.14-23.04.40:851][  0]LogD3D11RHI:     Adapter Name: NVIDIA GeForce GTX 1080
[2018.08.14-23.04.40:851][  0]LogD3D11RHI:   Driver Version: Unknown (internal:Unknown, unified:Unknown)
[2018.08.14-23.04.40:851][  0]LogD3D11RHI:      Driver Date: Unknown
[2018.08.14-23.04.40:851][  0]LogRHI: Texture pool is 5660 MB (70% of 8086 MB)
[2018.08.14-23.04.40:872][  0]LogD3D11RHI: [Aftermath] Aftermath enabled but failed to initialize
[2018.08.14-23.04.40:872][  0]LogD3D11RHI: [Aftermath] Aftermath enabled and primed
[2018.08.14-23.04.40:872][  0]LogD3D11RHI: Async texture creation enabled
[2018.08.14-23.04.40:884][  0]LogD3D11RHI: GPU Timing Frequency: 1000.000000 (Debug: 2 1)
[2018.08.14-23.04.40:970][  0]LogShaderCompilers: Guid format shader working directory is -24 characters bigger than the processId version (../../../../../Users/james.dev7362/Documents/Unreal Projects/ALBIRB_EXPERIENCE/Intermediate/Shaders/WorkingDirectory/1320/).
[2018.08.14-23.04.40:971][  0]LogShaderCompilers: Cleaned the shader compiler working directory 'D:/Users/james.dev7362/AppData/Local/Temp/UnrealShaderWorkingDir/5477530A471B2C5372FB8AA5EC44B2D4/'.
[2018.08.14-23.04.41:184][  0]LogTemp: Display: Loaded TP AllDesktopTargetPlatform
[2018.08.14-23.04.41:196][  0]LogTemp: Display: Loaded TP MacClientTargetPlatform
[2018.08.14-23.04.41:209][  0]LogTemp: Display: Loaded TP MacNoEditorTargetPlatform
[2018.08.14-23.04.41:220][  0]LogTemp: Display: Loaded TP MacServerTargetPlatform
[2018.08.14-23.04.41:236][  0]LogTemp: Display: Loaded TP MacTargetPlatform
[2018.08.14-23.04.41:252][  0]LogTemp: Display: Loaded TP WindowsClientTargetPlatform
[2018.08.14-23.04.41:266][  0]LogTemp: Display: Loaded TP WindowsNoEditorTargetPlatform
[2018.08.14-23.04.41:280][  0]LogTemp: Display: Loaded TP WindowsServerTargetPlatform
[2018.08.14-23.04.41:285][  0]LogTemp: Display: Loaded TP WindowsTargetPlatform
[2018.08.14-23.04.41:296][  0]LogTemp: Display: Loaded TP Android_ASTCTargetPlatform
[2018.08.14-23.04.41:306][  0]LogTemp: Display: Loaded TP Android_ATCTargetPlatform
[2018.08.14-23.04.41:318][  0]LogTemp: Display: Loaded TP Android_DXTTargetPlatform
[2018.08.14-23.04.41:328][  0]LogTemp: Display: Loaded TP Android_ETC1aTargetPlatform
[2018.08.14-23.04.41:339][  0]LogTemp: Display: Loaded TP Android_ETC1TargetPlatform
[2018.08.14-23.04.41:353][  0]LogTemp: Display: Loaded TP Android_ETC2TargetPlatform
[2018.08.14-23.04.41:374][  0]LogTemp: Display: Loaded TP Android_MultiTargetPlatform
[2018.08.14-23.04.41:374][  0]LogTemp: Display: Loaded TP Android_PVRTCTargetPlatform
[2018.08.14-23.04.41:383][  0]LogTemp: Display: Loaded TP AndroidTargetPlatform
[2018.08.14-23.04.41:385][  0]LogTemp: Display: Loaded TP HTML5TargetPlatform
[2018.08.14-23.04.41:419][  0]LogTemp: Display: Loaded TP IOSTargetPlatform
[2018.08.14-23.04.41:428][  0]LogTemp: Display: Loaded TP TVOSTargetPlatform
[2018.08.14-23.04.41:438][  0]LogTemp: Display: Loaded TP LinuxClientTargetPlatform
[2018.08.14-23.04.41:448][  0]LogTemp: Display: Loaded TP LinuxNoEditorTargetPlatform
[2018.08.14-23.04.41:462][  0]LogTemp: Display: Loaded TP LinuxServerTargetPlatform
[2018.08.14-23.04.41:472][  0]LogTemp: Display: Loaded TP LinuxTargetPlatform
[2018.08.14-23.04.41:473][  0]LogTargetPlatformManager: Display: Building Assets For Windows
[2018.08.14-23.04.41:553][  0]LogXGEController: Cannot use XGE Controller as Incredibuild is not installed on this machine.
[2018.08.14-23.04.41:553][  0]LogShaderCompilers: Cannot use XGE Shader Compiler as Incredibuild is not installed on this machine.
[2018.08.14-23.04.41:553][  0]LogShaderCompilers: Display: Using Local Shader Compiler.
[2018.08.14-23.04.42:173][  0]LogDerivedDataCache: Display: Max Cache Size: 512 MB
[2018.08.14-23.04.42:227][  0]LogDerivedDataCache: Loaded boot cache 0.05s 77MB D:/Users/james.dev7362/AppData/Local/UnrealEngine/4.19/DerivedDataCache/Boot.ddc.
[2018.08.14-23.04.42:227][  0]LogDerivedDataCache: Display: Loaded Boot cache: D:/Users/james.dev7362/AppData/Local/UnrealEngine/4.19/DerivedDataCache/Boot.ddc
[2018.08.14-23.04.42:228][  0]LogDerivedDataCache: FDerivedDataBackendGraph:  Pak pak cache file ../../../../../Users/james.dev7362/Documents/Unreal Projects/ALBIRB_EXPERIENCE/DerivedDataCache/DDC.ddp not found, will not use a pak cache.
[2018.08.14-23.04.42:228][  0]LogDerivedDataCache: Unable to find inner node Pak for hierarchical cache Hierarchy.
[2018.08.14-23.04.42:228][  0]LogDerivedDataCache: FDerivedDataBackendGraph:  CompressedPak pak cache file ../../../../../Users/james.dev7362/Documents/Unreal Projects/ALBIRB_EXPERIENCE/DerivedDataCache/Compressed.ddp not found, will not use a pak cache.
[2018.08.14-23.04.42:228][  0]LogDerivedDataCache: Unable to find inner node CompressedPak for hierarchical cache Hierarchy.
[2018.08.14-23.04.42:242][  0]LogDerivedDataCache: Display: Pak cache opened for reading ../../../Engine/DerivedDataCache/Compressed.ddp.
[2018.08.14-23.04.42:254][  0]LogDerivedDataCache: Using Local data cache path D:/Users/james.dev7362/AppData/Local/UnrealEngine/Common/DerivedDataCache: Writable
[2018.08.14-23.04.42:254][  0]LogDerivedDataCache: Shared data cache path not found in *engine.ini, will not use an Shared cache.
[2018.08.14-23.04.42:254][  0]LogDerivedDataCache: Unable to find inner node Shared for hierarchical cache Hierarchy.
[2018.08.14-23.04.42:263][  0]LogMaterial: Verifying Global Shaders for PCD3D_SM5
[2018.08.14-23.04.42:263][  0]LogSlate: Using Freetype 2.6.0
[2018.08.14-23.04.42:264][  0]LogSlate: SlateFontCache - WITH_FREETYPE: 1, WITH_HARFBUZZ: 1
[2018.08.14-23.04.42:264][  0]LogSlate: SlateFontCache - WITH_FREETYPE: 1, WITH_HARFBUZZ: 1
[2018.08.14-23.04.42:370][  0]LogAssetRegistry: FAssetRegistry took 0.0253 seconds to start up
[2018.08.14-23.04.42:653][  0]LogInit: Selected Device Profile: [Windows]
[2018.08.14-23.04.42:775][  0]LogSimplygon: Simplygon DLL not present - disabling.
[2018.08.14-23.04.42:777][  0]LogMeshReduction: Using SimplygonSwarm for distributed automatic mesh merging
[2018.08.14-23.04.42:777][  0]LogMeshReduction: Using QuadricMeshReduction for automatic static mesh reduction
[2018.08.14-23.04.42:777][  0]LogMeshReduction: No automatic skeletal mesh reduction module available
[2018.08.14-23.04.42:777][  0]LogMeshReduction: No automatic mesh merging module available
[2018.08.14-23.04.42:777][  0]LogMeshMerging: No automatic mesh merging module available
[2018.08.14-23.04.42:803][  0]LogNetVersion: ALBIRB_EXPERIENCE , NetCL: 3944462, EngineNetVer: 2, GameNetVer: 0 (Checksum: 1179153627)
[2018.08.14-23.04.43:197][  0]LogPackageLocalizationCache: Processed 9 localized package path(s) for 2 prioritized culture(s) in 0.061438 seconds
[2018.08.14-23.04.43:203][  0]LogUObjectArray: 36728 objects as part of root set at end of initial load.
[2018.08.14-23.04.43:203][  0]LogUObjectAllocator: 7314312 out of 0 bytes used by permanent object pool.
[2018.08.14-23.04.43:203][  0]LogUObjectArray: CloseDisregardForGC: 0/0 objects in disregard for GC pool
[2018.08.14-23.04.44:647][  0]LogTcpMessaging: Initializing TcpMessaging bridge
[2018.08.14-23.04.44:677][  0]LogUdpMessaging: Initializing bridge on interface 0.0.0.0:0 to multicast group 230.0.0.1:6666.
[2018.08.14-23.04.44:997][  0]SourceControl: Source control is disabled
[2018.08.14-23.04.44:997][  0]SourceControl: Source control is disabled
[2018.08.14-23.04.45:011][  0]SourceControl: Source control is disabled
[2018.08.14-23.04.45:022][  0]SourceControl: Source control is disabled
[2018.08.14-23.04.45:384][  0]LogAndroidPermission: UAndroidPermissionCallbackProxy::GetInstance
[2018.08.14-23.04.45:482][  0]LogOcInput: OculusInput pre-init called
[2018.08.14-23.04.45:563][  0]LogEngine: Initializing Engine...
[2018.08.14-23.04.45:564][  0]LogHMD: Failed to initialize OpenVR with code 110
[2018.08.14-23.04.45:565][  0]LogStats: UGameplayTagsManager::ConstructGameplayTagTree: Construct from data asset -  0.000 s
[2018.08.14-23.04.45:565][  0]LogStats: UGameplayTagsManager::ConstructGameplayTagTree: GameplayTagTreeChangedEvent.Broadcast -  0.000 s
[2018.08.14-23.04.45:749][  0]LogAIModule: Creating AISystem for world Untitled
[2018.08.14-23.04.45:790][  0]LogInit: XAudio2 using 'Digital Audio (S/PDIF) (High Definition Audio Device)' : 2 channels at 48 kHz using 16 bits per sample (channel mask 0x3)
[2018.08.14-23.04.45:805][  0]LogInit: FAudioDevice initialized.
[2018.08.14-23.04.45:909][  0]LogDerivedDataCache: Saved boot cache 0.10s 77MB D:/Users/james.dev7362/AppData/Local/UnrealEngine/4.19/DerivedDataCache/Boot.ddc.
[2018.08.14-23.04.45:919][  0]LogInit: Texture streaming: Enabled
[2018.08.14-23.04.45:931][  0]LogEngineSessionManager: EngineSessionManager initialized
[2018.08.14-23.04.45:940][  0]LogInit: Transaction tracking system initialized
[2018.08.14-23.04.45:955][  0]BlueprintLog: New page: Editor Load
[2018.08.14-23.04.46:051][  0]LocalizationService: Localization service is disabled
[2018.08.14-23.04.46:138][  0]LogConsoleResponse: Display: 
[2018.08.14-23.04.46:267][  0]LogCook: Display: Max memory allowance for cook 16384mb min free memory 0mb
[2018.08.14-23.04.46:267][  0]LogFileCache: Scanning file cache for directory 'D:/Users/james.dev7362/Documents/Unreal Projects/ALBIRB_EXPERIENCE/Content/' took 0.01s
[2018.08.14-23.04.46:267][  0]LogCook: Display: Mobile HDR setting 1
[2018.08.14-23.04.46:267][  0]LogGameplayTags: Display: UGameplayTagsManager::DoneAddingNativeTags. DelegateIsBound: 0
[2018.08.14-23.04.46:267][  0]LogStats: UGameplayTagsManager::ConstructGameplayTagTree: Construct from data asset -  0.000 s
[2018.08.14-23.04.46:268][  0]LogStats: UGameplayTagsManager::ConstructGameplayTagTree: GameplayTagTreeChangedEvent.Broadcast -  0.000 s
[2018.08.14-23.04.46:521][  0]SourceControl: Source control is disabled
[2018.08.14-23.04.46:521][  0]Cmd: MAP LOAD FILE="../../../../../Users/james.dev7362/Documents/Unreal Projects/ALBIRB_EXPERIENCE/Content/FlyingCPP/Maps/FlyingExampleMap.umap" TEMPLATE=0 SHOWPROGRESS=1 FEATURELEVEL=3
[2018.08.14-23.04.46:522][  0]LightingResults: New page: Lighting Build
[2018.08.14-23.04.46:523][  0]MapCheck: New page: Map Check
[2018.08.14-23.04.46:523][  0]LightingResults: New page: Lighting Build
[2018.08.14-23.04.47:440][  0]LogTexture: Display: Building textures: HQ_Lightmap0_3 (AutoDXT, 1024X1024)
[2018.08.14-23.04.47:440][  0]LogTexture: Display: Building textures: HQ_Lightmap0_2 (AutoDXT, 1024X1024)
[2018.08.14-23.04.47:440][  0]LogTexture: Display: Building textures: HQ_Lightmap0_4 (AutoDXT, 1024X1024)
[2018.08.14-23.04.47:440][  0]LogTexture: Display: Building textures: HQ_Lightmap0_10 (AutoDXT, 64X64)
[2018.08.14-23.04.47:440][  0]LogTexture: Display: Building textures: HQ_Lightmap0_1 (AutoDXT, 1024X1024)
[2018.08.14-23.04.47:440][  0]LogTexture: Display: Building textures: HQ_Lightmap0_5 (AutoDXT, 1024X1024)
[2018.08.14-23.04.47:440][  0]LogTexture: Display: Building textures: HQ_Lightmap0_6 (AutoDXT, 1024X1024)
[2018.08.14-23.04.48:459][  0]LogTexture: Display: Building textures: HQ_Lightmap0_7 (AutoDXT, 1024X1024)
[2018.08.14-23.04.48:459][  0]LogTexture: Display: Building textures: HQ_Lightmap0_8 (AutoDXT, 512X512)
[2018.08.14-23.04.48:459][  0]LogTexture: Display: Building textures: HQ_Lightmap0_9 (AutoDXT, 256X256)
[2018.08.14-23.04.48:459][  0]LogTexture: Display: Building textures: LQ_Lightmap_0_10 (DXT1, 64X64)
[2018.08.14-23.04.48:459][  0]LogTexture: Display: Building textures: LQ_Lightmap_0_1 (DXT1, 1024X1024)
[2018.08.14-23.04.48:459][  0]LogTexture: Display: Building textures: LQ_Lightmap_0_2 (DXT1, 1024X1024)
[2018.08.14-23.04.48:459][  0]LogTexture: Display: Building textures: LQ_Lightmap_0_3 (DXT1, 1024X1024)
[2018.08.14-23.04.48:459][  0]LogTexture: Display: Building textures: LQ_Lightmap_0_5 (DXT1, 1024X1024)
[2018.08.14-23.04.48:459][  0]LogTexture: Display: Building textures: LQ_Lightmap_0_4 (DXT1, 1024X1024)
[2018.08.14-23.04.48:459][  0]LogTexture: Display: Building textures: LQ_Lightmap_0_6 (DXT1, 1024X1024)
[2018.08.14-23.04.48:459][  0]LogTexture: Display: Building textures: LQ_Lightmap_0_7 (DXT1, 1024X1024)
[2018.08.14-23.04.48:459][  0]LogTexture: Display: Building textures: LQ_Lightmap_0_8 (DXT1, 512X512)
[2018.08.14-23.04.48:459][  0]LogTexture: Display: Building textures: SkyOcclusion0_1 (AutoDXT, 1024X512)
[2018.08.14-23.04.48:459][  0]LogTexture: Display: Building textures: LQ_Lightmap_0_9 (DXT1, 256X256)
[2018.08.14-23.04.48:459][  0]LogTexture: Display: Building textures: SkyOcclusion0_2 (AutoDXT, 1024X512)
[2018.08.14-23.04.48:459][  0]LogTexture: Display: Building textures: SkyOcclusion0_10 (AutoDXT, 64X32)
[2018.08.14-23.04.48:459][  0]LogTexture: Display: Building textures: SkyOcclusion0_3 (AutoDXT, 1024X512)
[2018.08.14-23.04.48:459][  0]LogTexture: Display: Building textures: SkyOcclusion0_4 (AutoDXT, 1024X512)
[2018.08.14-23.04.48:459][  0]LogTexture: Display: Building textures: SkyOcclusion0_5 (AutoDXT, 1024X512)
[2018.08.14-23.04.48:459][  0]LogTexture: Display: Building textures: SkyOcclusion0_6 (AutoDXT, 1024X512)
[2018.08.14-23.04.48:459][  0]LogTexture: Display: Building textures: SkyOcclusion0_7 (AutoDXT, 1024X512)
[2018.08.14-23.04.48:777][  0]LogTexture: Display: Building textures: SkyOcclusion0_8 (AutoDXT, 512X256)
[2018.08.14-23.04.48:777][  0]LogTexture: Display: Building textures: SkyOcclusion0_9 (AutoDXT, 256X128)
[2018.08.14-23.04.48:777][  0]LogTexture: Display: Building textures: ShadowMapTexture2D_0 (G8, 2048X1024)
[2018.08.14-23.04.48:777][  0]LogTexture: Display: Building textures: ShadowMapTexture2D_1 (G8, 2048X1024)
[2018.08.14-23.04.48:777][  0]LogTexture: Display: Building textures: ShadowMapTexture2D_2 (G8, 2048X1024)
[2018.08.14-23.04.48:777][  0]LogTexture: Display: Building textures: ShadowMapTexture2D_3 (G8, 1024X512)
[2018.08.14-23.04.48:778][  0]LogTexture: Display: Building textures: ShadowMapTexture2D_4 (G8, 512X256)
[2018.08.14-23.04.48:778][  0]LogTexture: Display: Building textures: ShadowMapTexture2D_5 (G8, 64X32)
[2018.08.14-23.04.48:827][  0]LogAIModule: Creating AISystem for world FlyingExampleMap
[2018.08.14-23.04.48:851][  0]LogEditorServer: Finished looking for orphan Actors (0.000 secs)
[2018.08.14-23.04.48:877][  0]Cmd: MAP CHECKDEP NOCLEARLOG
[2018.08.14-23.04.48:918][  0]MapCheck: Map check complete: 0 Error(s), 0 Warning(s), took 41.084ms to complete.
[2018.08.14-23.04.48:919][  0]LogFileHelpers: Loading map 'FlyingExampleMap' took 2.397
[2018.08.14-23.04.49:043][  0]LogCollectionManager: Loaded 0 collections in 0.000623 seconds
[2018.08.14-23.04.49:085][  0]LogFileCache: Scanning file cache for directory 'D:/Users/james.dev7362/Documents/Unreal Projects/ALBIRB_EXPERIENCE/Saved/Collections/' took 0.01s
[2018.08.14-23.04.49:085][  0]LogFileCache: Scanning file cache for directory 'D:/Users/james.dev7362/Documents/Unreal Projects/ALBIRB_EXPERIENCE/Content/Developers/jamesdev7362/Collections/' took 0.01s
[2018.08.14-23.04.49:085][  0]LogFileCache: Scanning file cache for directory 'D:/Users/james.dev7362/Documents/Unreal Projects/ALBIRB_EXPERIENCE/Content/Collections/' took 0.01s
[2018.08.14-23.04.49:085][  0]LogCollectionManager: Rebuilt the GUID cache for 0 collections in 0.000000 seconds
[2018.08.14-23.04.49:093][  0]LogContentBrowser: Native class hierarchy populated in 0.0080 seconds. Added 2454 classes and 560 folders.
[2018.08.14-23.04.49:098][  0]LogContentBrowser: Native class hierarchy updated for 'WidgetCarousel' in 0.0004 seconds. Added 0 classes and 0 folders.
[2018.08.14-23.04.49:127][  0]LogContentBrowser: Native class hierarchy updated for 'AddContentDialog' in 0.0004 seconds. Added 0 classes and 0 folders.
[2018.08.14-23.04.49:133][  0]LogContentBrowser: Native class hierarchy updated for 'SceneOutliner' in 0.0004 seconds. Added 1 classes and 2 folders.
[2018.08.14-23.04.49:212][  0]LogSlate: Took 0.000276 seconds to synchronously load lazily loaded font '../../../Engine/Content/Slate/Fonts/Roboto-Regular.ttf' (155K)
[2018.08.14-23.04.49:214][  0]LogSlate: Took 0.000270 seconds to synchronously load lazily loaded font '../../../Engine/Content/Slate/Fonts/Roboto-Bold.ttf' (160K)
[2018.08.14-23.04.49:220][  0]LogSlate: Took 0.000285 seconds to synchronously load lazily loaded font '../../../Engine/Content/Editor/Slate/Fonts/FontAwesome.ttf' (139K)
[2018.08.14-23.04.49:304][  0]LogRenderer: Reallocating scene render targets to support 1208x580 Format 10 NumSamples 1 (Frame:1).
[2018.08.14-23.04.49:428][  0]LogContentBrowser: Native class hierarchy updated for 'HierarchicalLODOutliner' in 0.0004 seconds. Added 0 classes and 0 folders.
[2018.08.14-23.04.49:428][  0]LogLoad: (Engine Initialization) Total time: 11.25 seconds
[2018.08.14-23.04.49:428][  0]LogLoad: (Engine Initialization) Total Blueprint compile time: 0.00 seconds
[2018.08.14-23.04.49:437][  0]LogWindowsTextInputMethodSystem: Display: IME system now deactivated.
[2018.08.14-23.04.49:457][  0]LogAssetRegistry: Asset discovery search completed in 7.1081 seconds
[2018.08.14-23.04.49:458][  0]LogCollectionManager: Rebuilt the object cache for 0 collections in 0.000000 seconds (found 0 objects)
[2018.08.14-23.04.49:458][  0]LogCollectionManager: Fixed up redirectors for 0 collections in 0.000046 seconds (updated 0 objects)
[2018.08.14-23.04.49:461][  0]LogContentStreaming: Texture pool size now 1000 MB
[2018.08.14-23.04.49:519][  0]LogSlate: Took 0.000236 seconds to synchronously load lazily loaded font '../../../Engine/Content/Slate/Fonts/Roboto-Light.ttf' (167K)
[2018.08.14-23.04.51:312][211]LogSlate: FSceneViewport::OnFocusLost() reason 0
[2018.08.14-23.04.51:420][224]LogTemp: Repeating last play command: Selected Viewport
[2018.08.14-23.04.51:425][224]LogBlueprintUserMessages: Early PlayInEditor Detection: Level '/Game/FlyingCPP/Maps/FlyingExampleMap.FlyingExampleMap:PersistentLevel' has LevelScriptBlueprint '/Game/FlyingCPP/Maps/FlyingExampleMap.FlyingExampleMap:PersistentLevel.FlyingExampleMap' with GeneratedClass '/Game/FlyingCPP/Maps/FlyingExampleMap.FlyingExampleMap_C' with ClassGeneratedBy '/Game/FlyingCPP/Maps/FlyingExampleMap.FlyingExampleMap:PersistentLevel.FlyingExampleMap'
[2018.08.14-23.04.51:426][224]LogPlayLevel: PlayLevel: No blueprints needed recompiling
[2018.08.14-23.04.51:426][224]PIE: New page: PIE session: FlyingExampleMap (Aug 15, 2018, 11:04:51 PM)
[2018.08.14-23.04.51:426][224]LogPlayLevel: Creating play world package: /Game/FlyingCPP/Maps/UEDPIE_0_FlyingExampleMap
[2018.08.14-23.04.51:452][224]LogPlayLevel: PIE: StaticDuplicateObject took: (0.025568s)
[2018.08.14-23.04.51:453][224]LogAIModule: Creating AISystem for world FlyingExampleMap
[2018.08.14-23.04.51:453][224]LogPlayLevel: PIE: World Init took: (0.000773s)
[2018.08.14-23.04.51:453][224]LogPlayLevel: PIE: Created PIE world by copying editor world from /Game/FlyingCPP/Maps/FlyingExampleMap.FlyingExampleMap to /Game/FlyingCPP/Maps/UEDPIE_0_FlyingExampleMap.FlyingExampleMap (0.026588s)
[2018.08.14-23.04.51:464][224]LogInit: XAudio2 using 'Digital Audio (S/PDIF) (High Definition Audio Device)' : 2 channels at 48 kHz using 16 bits per sample (channel mask 0x3)
[2018.08.14-23.04.51:471][224]LogInit: FAudioDevice initialized.
[2018.08.14-23.04.51:515][224]LogLoad: Game class is 'ALBIRB_EXPERIENCEGameMode'
[2018.08.14-23.04.51:520][224]LogWorld: Bringing World /Game/FlyingCPP/Maps/UEDPIE_0_FlyingExampleMap.FlyingExampleMap up for play (max tick rate 0) at 2018.08.15-11.04.51
[2018.08.14-23.04.51:532][224]LogWorld: Bringing up level for play took: 0.014983
[2018.08.14-23.04.51:535][224]LogContentBrowser: Native class hierarchy updated for 'MovieSceneCapture' in 0.0004 seconds. Added 11 classes and 0 folders.
[2018.08.14-23.04.51:535][224]PIE: Play in editor start time for /Game/FlyingCPP/Maps/UEDPIE_0_FlyingExampleMap 0.783
[2018.08.14-23.04.51:535][224]LogBlueprintUserMessages: Late PlayInEditor Detection: Level '/Game/FlyingCPP/Maps/FlyingExampleMap.FlyingExampleMap:PersistentLevel' has LevelScriptBlueprint '/Game/FlyingCPP/Maps/FlyingExampleMap.FlyingExampleMap:PersistentLevel.FlyingExampleMap' with GeneratedClass '/Game/FlyingCPP/Maps/FlyingExampleMap.FlyingExampleMap_C' with ClassGeneratedBy '/Game/FlyingCPP/Maps/FlyingExampleMap.FlyingExampleMap:PersistentLevel.FlyingExampleMap'
[2018.08.14-23.04.55:543][698]LogBlueprintUserMessages: Early EndPlayMap Detection: Level '/Game/FlyingCPP/Maps/FlyingExampleMap.FlyingExampleMap:PersistentLevel' has LevelScriptBlueprint '/Game/FlyingCPP/Maps/FlyingExampleMap.FlyingExampleMap:PersistentLevel.FlyingExampleMap' with GeneratedClass '/Game/FlyingCPP/Maps/FlyingExampleMap.FlyingExampleMap_C' with ClassGeneratedBy '/Game/FlyingCPP/Maps/FlyingExampleMap.FlyingExampleMap:PersistentLevel.FlyingExampleMap'
[2018.08.14-23.04.55:573][698]LogBlueprintUserMessages: Late EndPlayMap Detection: Level '/Game/FlyingCPP/Maps/FlyingExampleMap.FlyingExampleMap:PersistentLevel' has LevelScriptBlueprint '/Game/FlyingCPP/Maps/FlyingExampleMap.FlyingExampleMap:PersistentLevel.FlyingExampleMap' with GeneratedClass '/Game/FlyingCPP/Maps/FlyingExampleMap.FlyingExampleMap_C' with ClassGeneratedBy '/Game/FlyingCPP/Maps/FlyingExampleMap.FlyingExampleMap:PersistentLevel.FlyingExampleMap'
[2018.08.14-23.05.20:093][633]LogSlate: FSceneViewport::OnFocusLost() reason 0
[2018.08.14-23.05.20:159][641]LogTemp: Repeating last play command: Selected Viewport
[2018.08.14-23.05.20:166][641]LogBlueprintUserMessages: Early PlayInEditor Detection: Level '/Game/FlyingCPP/Maps/FlyingExampleMap.FlyingExampleMap:PersistentLevel' has LevelScriptBlueprint '/Game/FlyingCPP/Maps/FlyingExampleMap.FlyingExampleMap:PersistentLevel.FlyingExampleMap' with GeneratedClass '/Game/FlyingCPP/Maps/FlyingExampleMap.FlyingExampleMap_C' with ClassGeneratedBy '/Game/FlyingCPP/Maps/FlyingExampleMap.FlyingExampleMap:PersistentLevel.FlyingExampleMap'
[2018.08.14-23.05.20:166][641]LogPlayLevel: PlayLevel: No blueprints needed recompiling
[2018.08.14-23.05.20:166][641]PIE: New page: PIE session: FlyingExampleMap (Aug 15, 2018, 11:05:20 PM)
[2018.08.14-23.05.20:166][641]LogPlayLevel: Creating play world package: /Game/FlyingCPP/Maps/UEDPIE_0_FlyingExampleMap
[2018.08.14-23.05.20:183][641]LogPlayLevel: PIE: StaticDuplicateObject took: (0.016986s)
[2018.08.14-23.05.20:184][641]LogAIModule: Creating AISystem for world FlyingExampleMap
[2018.08.14-23.05.20:184][641]LogPlayLevel: PIE: World Init took: (0.000678s)
[2018.08.14-23.05.20:184][641]LogPlayLevel: PIE: Created PIE world by copying editor world from /Game/FlyingCPP/Maps/FlyingExampleMap.FlyingExampleMap to /Game/FlyingCPP/Maps/UEDPIE_0_FlyingExampleMap.FlyingExampleMap (0.017928s)
[2018.08.14-23.05.20:196][641]LogInit: XAudio2 using 'Digital Audio (S/PDIF) (High Definition Audio Device)' : 2 channels at 48 kHz using 16 bits per sample (channel mask 0x3)
[2018.08.14-23.05.20:201][641]LogInit: FAudioDevice initialized.
[2018.08.14-23.05.20:236][641]LogLoad: Game class is 'ALBIRB_EXPERIENCEGameMode'
[2018.08.14-23.05.20:240][641]LogWorld: Bringing World /Game/FlyingCPP/Maps/UEDPIE_0_FlyingExampleMap.FlyingExampleMap up for play (max tick rate 0) at 2018.08.15-11.05.20
[2018.08.14-23.05.20:240][641]LogWorld: Bringing up level for play took: 0.003752
[2018.08.14-23.05.20:241][641]PIE: Play in editor start time for /Game/FlyingCPP/Maps/UEDPIE_0_FlyingExampleMap -0.511
[2018.08.14-23.05.20:241][641]LogBlueprintUserMessages: Late PlayInEditor Detection: Level '/Game/FlyingCPP/Maps/FlyingExampleMap.FlyingExampleMap:PersistentLevel' has LevelScriptBlueprint '/Game/FlyingCPP/Maps/FlyingExampleMap.FlyingExampleMap:PersistentLevel.FlyingExampleMap' with GeneratedClass '/Game/FlyingCPP/Maps/FlyingExampleMap.FlyingExampleMap_C' with ClassGeneratedBy '/Game/FlyingCPP/Maps/FlyingExampleMap.FlyingExampleMap:PersistentLevel.FlyingExampleMap'
[2018.08.14-23.05.41:429][181]LogBlueprintUserMessages: Early EndPlayMap Detection: Level '/Game/FlyingCPP/Maps/FlyingExampleMap.FlyingExampleMap:PersistentLevel' has LevelScriptBlueprint '/Game/FlyingCPP/Maps/FlyingExampleMap.FlyingExampleMap:PersistentLevel.FlyingExampleMap' with GeneratedClass '/Game/FlyingCPP/Maps/FlyingExampleMap.FlyingExampleMap_C' with ClassGeneratedBy '/Game/FlyingCPP/Maps/FlyingExampleMap.FlyingExampleMap:PersistentLevel.FlyingExampleMap'
[2018.08.14-23.05.41:460][181]LogBlueprintUserMessages: Late EndPlayMap Detection: Level '/Game/FlyingCPP/Maps/FlyingExampleMap.FlyingExampleMap:PersistentLevel' has LevelScriptBlueprint '/Game/FlyingCPP/Maps/FlyingExampleMap.FlyingExampleMap:PersistentLevel.FlyingExampleMap' with GeneratedClass '/Game/FlyingCPP/Maps/FlyingExampleMap.FlyingExampleMap_C' with ClassGeneratedBy '/Game/FlyingCPP/Maps/FlyingExampleMap.FlyingExampleMap:PersistentLevel.FlyingExampleMap'
[2018.08.14-23.06.02:995][759]LogSlate: FSceneViewport::OnFocusLost() reason 0
[2018.08.14-23.06.38:142][931]LogSlate: Took 0.000159 seconds to synchronously load lazily loaded font '../../../Engine/Content/Slate/Fonts/Roboto-Light.ttf' (167K)
[2018.08.14-23.06.38:248][931]LogSavePackage: Save=8.84ms
[2018.08.14-23.06.38:248][931]LogSavePackage: Moving '../../../../../Users/james.dev7362/Documents/Unreal Projects/ALBIRB_EXPERIENCE/Saved/BaseMaterialC13E8D1E488CAF7CCECD2C822B280683.tmp' to '../../../../../Users/james.dev7362/Documents/Unreal Projects/ALBIRB_EXPERIENCE/Content/Player/Flying/Meshes/BaseMaterial.uasset'
[2018.08.14-23.06.38:250][931]LogSavePackage: Display: Finished SavePackage ../../../../../Users/james.dev7362/Documents/Unreal Projects/ALBIRB_EXPERIENCE/Content/Player/Flying/Meshes/BaseMaterial.uasset
[2018.08.14-23.06.38:273][931]LogSavePackage: Save=9.39ms
[2018.08.14-23.06.38:273][931]LogSavePackage: Moving '../../../../../Users/james.dev7362/Documents/Unreal Projects/ALBIRB_EXPERIENCE/Saved/UFOMaterialAB75A3EC421AA8CB997AC4B9C4FC271D.tmp' to '../../../../../Users/james.dev7362/Documents/Unreal Projects/ALBIRB_EXPERIENCE/Content/Player/Flying/Meshes/UFOMaterial.uasset'
[2018.08.14-23.06.38:274][931]LogSavePackage: Display: Finished SavePackage ../../../../../Users/james.dev7362/Documents/Unreal Projects/ALBIRB_EXPERIENCE/Content/Player/Flying/Meshes/UFOMaterial.uasset
[2018.08.14-23.06.38:293][931]Cmd: OBJ SAVEPACKAGE PACKAGE="/Game/Player/Flying/Meshes/UFO" FILE="../../../../../Users/james.dev7362/Documents/Unreal Projects/ALBIRB_EXPERIENCE/Content/Player/Flying/Meshes/UFO.uasset" SILENT=true
[2018.08.14-23.06.38:303][931]LogSavePackage: Save=8.40ms
[2018.08.14-23.06.38:303][931]LogSavePackage: Moving '../../../../../Users/james.dev7362/Documents/Unreal Projects/ALBIRB_EXPERIENCE/Saved/UFO660D01F74311F366D1ED4D98FE48BAE0.tmp' to '../../../../../Users/james.dev7362/Documents/Unreal Projects/ALBIRB_EXPERIENCE/Content/Player/Flying/Meshes/UFO.uasset'
[2018.08.14-23.06.38:304][931]LogSavePackage: Display: Finished SavePackage ../../../../../Users/james.dev7362/Documents/Unreal Projects/ALBIRB_EXPERIENCE/Content/Player/Flying/Meshes/UFO.uasset
[2018.08.14-23.06.38:326][931]LogSavePackage: Save=8.64ms
[2018.08.14-23.06.38:326][931]LogSavePackage: Moving '../../../../../Users/james.dev7362/Documents/Unreal Projects/ALBIRB_EXPERIENCE/Saved/GrayMaterial7C7F5CDD4E41FB075F417EA4D4B9DA6F.tmp' to '../../../../../Users/james.dev7362/Documents/Unreal Projects/ALBIRB_EXPERIENCE/Content/Player/Flying/Meshes/GrayMaterial.uasset'
[2018.08.14-23.06.38:327][931]LogSavePackage: Display: Finished SavePackage ../../../../../Users/james.dev7362/Documents/Unreal Projects/ALBIRB_EXPERIENCE/Content/Player/Flying/Meshes/GrayMaterial.uasset
[2018.08.14-23.06.38:331][931]Cmd: OBJ SAVEPACKAGE PACKAGE="/Game/Flying/Meshes/GrayMaterial" FILE="../../../../../Users/james.dev7362/Documents/Unreal Projects/ALBIRB_EXPERIENCE/Content/Flying/Meshes/GrayMaterial.uasset" SILENT=true
[2018.08.14-23.06.38:334][931]LogSavePackage: Save=0.89ms
[2018.08.14-23.06.38:335][931]LogSavePackage: Moving '../../../../../Users/james.dev7362/Documents/Unreal Projects/ALBIRB_EXPERIENCE/Saved/GrayMaterial521D405F43147D9D067065B2B981B97B.tmp' to '../../../../../Users/james.dev7362/Documents/Unreal Projects/ALBIRB_EXPERIENCE/Content/Flying/Meshes/GrayMaterial.uasset'
[2018.08.14-23.06.38:336][931]LogSavePackage: Display: Finished SavePackage ../../../../../Users/james.dev7362/Documents/Unreal Projects/ALBIRB_EXPERIENCE/Content/Flying/Meshes/GrayMaterial.uasset
[2018.08.14-23.06.39:038][931]LogMetaData: Removing '/Game/Player/FlyingCPP/Maps/FlyingExampleMap.FlyingExampleMap_C' ref from Metadata '/Game/FlyingCPP/Maps/FlyingExampleMap.PackageMetaData'
[2018.08.14-23.06.39:038][931]LogMetaData: Removing '/Game/Player/FlyingCPP/Maps/FlyingExampleMap.SKEL_FlyingExampleMap_C' ref from Metadata '/Game/FlyingCPP/Maps/FlyingExampleMap.PackageMetaData'
[2018.08.14-23.06.39:973][931]LogSavePackage: Save=863.10ms
[2018.08.14-23.06.39:973][931]LogSavePackage: Moving '../../../../../Users/james.dev7362/Documents/Unreal Projects/ALBIRB_EXPERIENCE/Saved/FlyingExampleMap9D0805CC4826732CB688F7A7B8651B6F.tmp' to '../../../../../Users/james.dev7362/Documents/Unreal Projects/ALBIRB_EXPERIENCE/Content/Player/FlyingCPP/Maps/FlyingExampleMap.umap'
[2018.08.14-23.06.39:975][931]LogSavePackage: Display: Finished SavePackage ../../../../../Users/james.dev7362/Documents/Unreal Projects/ALBIRB_EXPERIENCE/Content/Player/FlyingCPP/Maps/FlyingExampleMap.umap
[2018.08.14-23.06.39:984][931]LogFileHelpers: Saving map 'FlyingExampleMap' took 0.922
[2018.08.14-23.06.39:986][931]EditorErrors: New page: Save Output
[2018.08.14-23.06.39:986][931]EditorErrors: Warning: Missing filename
[2018.08.14-23.06.40:176][931]LogSavePackage: Save=8.85ms
[2018.08.14-23.06.40:176][931]LogSavePackage: Moving '../../../../../Users/james.dev7362/Documents/Unreal Projects/ALBIRB_EXPERIENCE/Saved/CubeMaterialE208F1FD4A66F74F18EEF7AB7585C515.tmp' to '../../../../../Users/james.dev7362/Documents/Unreal Projects/ALBIRB_EXPERIENCE/Content/Player/Geometry/Meshes/CubeMaterial.uasset'
[2018.08.14-23.06.40:178][931]LogSavePackage: Display: Finished SavePackage ../../../../../Users/james.dev7362/Documents/Unreal Projects/ALBIRB_EXPERIENCE/Content/Player/Geometry/Meshes/CubeMaterial.uasset
[2018.08.14-23.06.40:200][931]LogSavePackage: Save=8.37ms
[2018.08.14-23.06.40:200][931]LogSavePackage: Moving '../../../../../Users/james.dev7362/Documents/Unreal Projects/ALBIRB_EXPERIENCE/Saved/1M_Cube_ChamferCDA604FA4406D899BEF7A1BEBF1B6F70.tmp' to '../../../../../Users/james.dev7362/Documents/Unreal Projects/ALBIRB_EXPERIENCE/Content/Player/Geometry/Meshes/1M_Cube_Chamfer.uasset'
[2018.08.14-23.06.40:202][931]LogSavePackage: Display: Finished SavePackage ../../../../../Users/james.dev7362/Documents/Unreal Projects/ALBIRB_EXPERIENCE/Content/Player/Geometry/Meshes/1M_Cube_Chamfer.uasset
[2018.08.14-23.06.40:222][931]LogSavePackage: Save=8.11ms
[2018.08.14-23.06.40:223][931]LogSavePackage: Moving '../../../../../Users/james.dev7362/Documents/Unreal Projects/ALBIRB_EXPERIENCE/Saved/TemplateFloorFF14A1324B9EEBC104B2698D9AEAB5E0.tmp' to '../../../../../Users/james.dev7362/Documents/Unreal Projects/ALBIRB_EXPERIENCE/Content/Player/Geometry/Meshes/TemplateFloor.uasset'
[2018.08.14-23.06.40:224][931]LogSavePackage: Display: Finished SavePackage ../../../../../Users/james.dev7362/Documents/Unreal Projects/ALBIRB_EXPERIENCE/Content/Player/Geometry/Meshes/TemplateFloor.uasset
[2018.08.14-23.06.40:248][931]LogSavePackage: Save=8.67ms
[2018.08.14-23.06.40:248][931]LogSavePackage: Moving '../../../../../Users/james.dev7362/Documents/Unreal Projects/ALBIRB_EXPERIENCE/Saved/1M_Cube58E21CC744906B0078C611B286466F35.tmp' to '../../../../../Users/james.dev7362/Documents/Unreal Projects/ALBIRB_EXPERIENCE/Content/Player/Geometry/Meshes/1M_Cube.uasset'
[2018.08.14-23.06.40:249][931]LogSavePackage: Display: Finished SavePackage ../../../../../Users/james.dev7362/Documents/Unreal Projects/ALBIRB_EXPERIENCE/Content/Player/Geometry/Meshes/1M_Cube.uasset
[2018.08.14-23.06.42:783][207]LogSlate: Window 'Message Log' being destroyed
[2018.08.14-23.06.42:786][207]LogSlate: Window 'Message Log' being destroyed
[2018.08.14-23.06.51:452][235]LogMetaData: Removing '/Game/Maps/FlyingExampleMap.FlyingExampleMap_C' ref from Metadata '/Game/Player/FlyingCPP/Maps/FlyingExampleMap.PackageMetaData'
[2018.08.14-23.06.51:452][235]LogMetaData: Removing '/Game/Maps/FlyingExampleMap.SKEL_FlyingExampleMap_C' ref from Metadata '/Game/Player/FlyingCPP/Maps/FlyingExampleMap.PackageMetaData'
[2018.08.14-23.06.52:373][235]LogSavePackage: Save=833.09ms
[2018.08.14-23.06.52:373][235]LogSavePackage: Moving '../../../../../Users/james.dev7362/Documents/Unreal Projects/ALBIRB_EXPERIENCE/Saved/FlyingExampleMap9F936DAC4AD5EFE7A23A54B6ADC06180.tmp' to '../../../../../Users/james.dev7362/Documents/Unreal Projects/ALBIRB_EXPERIENCE/Content/Maps/FlyingExampleMap.umap'
[2018.08.14-23.06.52:374][235]LogSavePackage: Display: Finished SavePackage ../../../../../Users/james.dev7362/Documents/Unreal Projects/ALBIRB_EXPERIENCE/Content/Maps/FlyingExampleMap.umap
[2018.08.14-23.06.52:381][235]LogFileHelpers: Saving map 'FlyingExampleMap' took 0.895
[2018.08.14-23.06.52:384][235]EditorErrors: New page: Save Output
[2018.08.14-23.06.52:384][235]EditorErrors: Warning: Missing filename
[2018.08.14-23.06.54:799][513]LogSlate: Window 'Message Log' being destroyed
[2018.08.14-23.06.54:802][513]LogSlate: Window 'Message Log' being destroyed
[2018.08.14-23.07.12:545][602]LogSlate: Window 'Message Log' being destroyed
[2018.08.14-23.07.12:549][602]LogSlate: Window 'Message Log' being destroyed
[2018.08.14-23.07.38:889][554]LogTemp: Repeating last play command: Selected Viewport
[2018.08.14-23.07.38:902][554]LogBlueprintUserMessages: Early PlayInEditor Detection: Level '/Game/Maps/FlyingExampleMap.FlyingExampleMap:PersistentLevel' has LevelScriptBlueprint '/Game/Maps/FlyingExampleMap.FlyingExampleMap:PersistentLevel.FlyingExampleMap' with GeneratedClass '/Game/Maps/FlyingExampleMap.FlyingExampleMap_C' with ClassGeneratedBy '/Game/Maps/FlyingExampleMap.FlyingExampleMap:PersistentLevel.FlyingExampleMap'
[2018.08.14-23.07.38:902][554]LogPlayLevel: PlayLevel: No blueprints needed recompiling
[2018.08.14-23.07.38:902][554]PIE: New page: PIE session: FlyingExampleMap (Aug 15, 2018, 11:07:38 PM)
[2018.08.14-23.07.38:902][554]LogPlayLevel: Creating play world package: /Game/Maps/UEDPIE_0_FlyingExampleMap
[2018.08.14-23.07.38:924][554]LogPlayLevel: PIE: StaticDuplicateObject took: (0.021892s)
[2018.08.14-23.07.38:925][554]LogAIModule: Creating AISystem for world FlyingExampleMap
[2018.08.14-23.07.38:925][554]LogPlayLevel: PIE: World Init took: (0.000721s)
[2018.08.14-23.07.38:925][554]LogPlayLevel: PIE: Created PIE world by copying editor world from /Game/Maps/FlyingExampleMap.FlyingExampleMap to /Game/Maps/UEDPIE_0_FlyingExampleMap.FlyingExampleMap (0.022847s)
[2018.08.14-23.07.38:937][554]LogInit: XAudio2 using 'Digital Audio (S/PDIF) (High Definition Audio Device)' : 2 channels at 48 kHz using 16 bits per sample (channel mask 0x3)
[2018.08.14-23.07.38:943][554]LogInit: FAudioDevice initialized.
[2018.08.14-23.07.39:001][554]LogLoad: Game class is 'ALBIRB_EXPERIENCEGameMode'
[2018.08.14-23.07.39:004][554]LogWorld: Bringing World /Game/Maps/UEDPIE_0_FlyingExampleMap.FlyingExampleMap up for play (max tick rate 0) at 2018.08.15-11.07.39
[2018.08.14-23.07.39:005][554]LogWorld: Bringing up level for play took: 0.003848
[2018.08.14-23.07.39:005][554]PIE: Play in editor start time for /Game/Maps/UEDPIE_0_FlyingExampleMap 0.255
[2018.08.14-23.07.39:006][554]LogBlueprintUserMessages: Late PlayInEditor Detection: Level '/Game/Maps/FlyingExampleMap.FlyingExampleMap:PersistentLevel' has LevelScriptBlueprint '/Game/Maps/FlyingExampleMap.FlyingExampleMap:PersistentLevel.FlyingExampleMap' with GeneratedClass '/Game/Maps/FlyingExampleMap.FlyingExampleMap_C' with ClassGeneratedBy '/Game/Maps/FlyingExampleMap.FlyingExampleMap:PersistentLevel.FlyingExampleMap'
[2018.08.14-23.07.39:808][648]LogBlueprintUserMessages: Early EndPlayMap Detection: Level '/Game/Maps/FlyingExampleMap.FlyingExampleMap:PersistentLevel' has LevelScriptBlueprint '/Game/Maps/FlyingExampleMap.FlyingExampleMap:PersistentLevel.FlyingExampleMap' with GeneratedClass '/Game/Maps/FlyingExampleMap.FlyingExampleMap_C' with ClassGeneratedBy '/Game/Maps/FlyingExampleMap.FlyingExampleMap:PersistentLevel.FlyingExampleMap'
[2018.08.14-23.07.39:842][648]LogBlueprintUserMessages: Late EndPlayMap Detection: Level '/Game/Maps/FlyingExampleMap.FlyingExampleMap:PersistentLevel' has LevelScriptBlueprint '/Game/Maps/FlyingExampleMap.FlyingExampleMap:PersistentLevel.FlyingExampleMap' with GeneratedClass '/Game/Maps/FlyingExampleMap.FlyingExampleMap_C' with ClassGeneratedBy '/Game/Maps/FlyingExampleMap.FlyingExampleMap:PersistentLevel.FlyingExampleMap'
[2018.08.14-23.07.42:246][929]LogSavePackage: Save=1.04ms
[2018.08.14-23.07.42:246][929]LogSavePackage: Moving '../../../../../Users/james.dev7362/Documents/Unreal Projects/ALBIRB_EXPERIENCE/Saved/FlyingExampleMap0FF27B634563EFBB6E721EBC4C302991.tmp' to '../../../../../Users/james.dev7362/Documents/Unreal Projects/ALBIRB_EXPERIENCE/Content/Player/FlyingCPP/Maps/FlyingExampleMap.umap'
[2018.08.14-23.07.42:250][929]LogSavePackage: Display: Finished SavePackage ../../../../../Users/james.dev7362/Documents/Unreal Projects/ALBIRB_EXPERIENCE/Content/Player/FlyingCPP/Maps/FlyingExampleMap.umap
[2018.08.14-23.07.43:289][ 50]LogSlate: Window 'ALBIRB_EXPERIENCE - Unreal Editor' being destroyed
[2018.08.14-23.07.43:290][ 50]LogWindowsTextInputMethodSystem: Display: IME system now deactivated.
[2018.08.14-23.07.43:446][ 51]Cmd: QUIT_EDITOR
[2018.08.14-23.07.44:434][ 51]LogSlate: Slate User Destroyed.  User Index 0, Is Virtual User: 0
[2018.08.14-23.07.44:434][ 51]LogExit: Preparing to exit.
[2018.08.14-23.07.44:723][ 51]LogDirectoryWatcher: A directory notification for 'D:/Users/james.dev7362/Documents/Unreal Projects/ALBIRB_EXPERIENCE/Content/' was aborted.
[2018.08.14-23.07.44:736][ 51]LogExit: Editor shut down
[2018.08.14-23.07.44:738][ 51]LogExit: Transaction tracking system shut down
[2018.08.14-23.07.44:843][ 51]LogDirectoryWatcher: A directory notification for '../../../Engine/Content/' was aborted.
[2018.08.14-23.07.44:843][ 51]LogDirectoryWatcher: A directory notification for '../../../../../Users/james.dev7362/Documents/Unreal Projects/ALBIRB_EXPERIENCE/Content/' was aborted.
[2018.08.14-23.07.44:843][ 51]LogDirectoryWatcher: A directory notification for '../../Plugins/2D/Paper2D/Content/' was aborted.
[2018.08.14-23.07.44:843][ 51]LogDirectoryWatcher: A directory notification for '../../Plugins/Enterprise/DatasmithContent/Content/' was aborted.
[2018.08.14-23.07.44:843][ 51]LogDirectoryWatcher: A directory notification for '../../Plugins/Media/MediaCompositing/Content/' was aborted.
[2018.08.14-23.07.44:843][ 51]LogDirectoryWatcher: A directory notification for '../../Plugins/Runtime/AppleARKit/Content/' was aborted.
[2018.08.14-23.07.44:843][ 51]LogDirectoryWatcher: A directory notification for '../../Plugins/Runtime/Oculus/OculusVR/Content/' was aborted.
[2018.08.14-23.07.44:843][ 51]LogDirectoryWatcher: A directory notification for '../../Plugins/Runtime/Steam/SteamVR/Content/' was aborted.
[2018.08.14-23.07.44:896][ 51]LogExit: Object subsystem successfully closed.
[2018.08.14-23.07.44:913][ 51]LogShaderCompilers: Display: Shaders left to compile 0
[2018.08.14-23.07.44:916][ 51]LogD3D11RHI: Shutdown
[2018.08.14-23.07.44:916][ 51]LogD3D11RHI: CleanupD3DDevice
[2018.08.14-23.07.44:918][ 51]LogD3D11RHI: ~FD3D11DynamicRHI
[2018.08.14-23.07.44:927][ 51]LogModuleManager: Shutting down and abandoning module HierarchicalLODUtilities (580)
[2018.08.14-23.07.44:927][ 51]LogModuleManager: Shutting down and abandoning module MovieSceneCapture (578)
[2018.08.14-23.07.44:927][ 51]LogModuleManager: Shutting down and abandoning module HierarchicalLODOutliner (576)
[2018.08.14-23.07.44:927][ 51]LogModuleManager: Shutting down and abandoning module DesktopPlatform (574)
[2018.08.14-23.07.44:927][ 51]LogModuleManager: Shutting down and abandoning module SceneOutliner (572)
[2018.08.14-23.07.44:927][ 51]LogModuleManager: Shutting down and abandoning module AddContentDialog (570)
[2018.08.14-23.07.44:927][ 51]LogDirectoryWatcher: A directory notification for 'D:/Epic/UE_4.19/FeaturePacks/' was aborted.
[2018.08.14-23.07.44:940][ 51]LogModuleManager: Shutting down and abandoning module WidgetCarousel (569)
[2018.08.14-23.07.44:940][ 51]LogModuleManager: Shutting down and abandoning module EditorWidgets (566)
[2018.08.14-23.07.44:940][ 51]LogModuleManager: Shutting down and abandoning module CollectionManager (564)
[2018.08.14-23.07.44:940][ 51]LogDirectoryWatcher: A directory notification for 'D:/Users/james.dev7362/Documents/Unreal Projects/ALBIRB_EXPERIENCE/Content/Collections/' was aborted.
[2018.08.14-23.07.44:940][ 51]LogDirectoryWatcher: A directory notification for 'D:/Users/james.dev7362/Documents/Unreal Projects/ALBIRB_EXPERIENCE/Content/Developers/jamesdev7362/Collections/' was aborted.
[2018.08.14-23.07.44:940][ 51]LogDirectoryWatcher: A directory notification for 'D:/Users/james.dev7362/Documents/Unreal Projects/ALBIRB_EXPERIENCE/Saved/Collections/' was aborted.
[2018.08.14-23.07.44:940][ 51]LogModuleManager: Shutting down and abandoning module StatsViewer (562)
[2018.08.14-23.07.44:940][ 51]LogModuleManager: Shutting down and abandoning module FoliageEdit (560)
[2018.08.14-23.07.44:940][ 51]LogModuleManager: Shutting down and abandoning module LandscapeEditor (558)
[2018.08.14-23.07.44:940][ 51]LogModuleManager: Shutting down and abandoning module MeshPaintMode (556)
[2018.08.14-23.07.44:940][ 51]LogModuleManager: Shutting down and abandoning module SceneDepthPickerMode (554)
[2018.08.14-23.07.44:940][ 51]LogModuleManager: Shutting down and abandoning module ActorPickerMode (552)
[2018.08.14-23.07.44:940][ 51]LogModuleManager: Shutting down and abandoning module GeometryMode (550)
[2018.08.14-23.07.44:940][ 51]LogModuleManager: Shutting down and abandoning module TextureAlignMode (548)
[2018.08.14-23.07.44:940][ 51]LogModuleManager: Shutting down and abandoning module BspMode (546)
[2018.08.14-23.07.44:940][ 51]LogModuleManager: Shutting down and abandoning module PIEPreviewDeviceProfileSelector (544)
[2018.08.14-23.07.44:940][ 51]LogModuleManager: Shutting down and abandoning module HardwareSurvey (542)
[2018.08.14-23.07.44:941][ 51]LogModuleManager: Shutting down and abandoning module SequenceRecorderSections (540)
[2018.08.14-23.07.44:941][ 51]LogModuleManager: Shutting down and abandoning module AutomationWorker (538)
[2018.08.14-23.07.44:941][ 51]LogModuleManager: Shutting down and abandoning module AudioCaptureEditor (536)
[2018.08.14-23.07.44:941][ 51]LogModuleManager: Shutting down and abandoning module SequenceRecorder (535)
[2018.08.14-23.07.44:941][ 51]LogModuleManager: Shutting down and abandoning module MatineeToLevelSequence (532)
[2018.08.14-23.07.44:941][ 51]LogModuleManager: Shutting down and abandoning module LevelSequenceEditor (530)
[2018.08.14-23.07.44:941][ 51]LogModuleManager: Shutting down and abandoning module PlacementMode (529)
[2018.08.14-23.07.44:941][ 51]LogModuleManager: Shutting down and abandoning module MaterialEditor (528)
[2018.08.14-23.07.44:941][ 51]LogModuleManager: Shutting down and abandoning module WmfMediaFactory (524)
[2018.08.14-23.07.44:941][ 51]LogModuleManager: Shutting down and abandoning module WmfMediaEditor (522)
[2018.08.14-23.07.44:941][ 51]LogModuleManager: Shutting down and abandoning module MediaPlayerEditor (520)
[2018.08.14-23.07.44:941][ 51]LogModuleManager: Shutting down and abandoning module OpenExrWrapper (518)
[2018.08.14-23.07.44:941][ 51]LogModuleManager: Shutting down and abandoning module ImgMediaFactory (516)
[2018.08.14-23.07.44:941][ 51]LogModuleManager: Shutting down and abandoning module ImgMediaEditor (514)
[2018.08.14-23.07.44:941][ 51]LogModuleManager: Shutting down and abandoning module AvfMediaFactory (512)
[2018.08.14-23.07.44:941][ 51]LogModuleManager: Shutting down and abandoning module AvfMediaEditor (510)
[2018.08.14-23.07.44:941][ 51]LogModuleManager: Shutting down and abandoning module AndroidMediaFactory (508)
[2018.08.14-23.07.44:941][ 51]LogModuleManager: Shutting down and abandoning module AndroidMediaEditor (506)
[2018.08.14-23.07.44:941][ 51]LogModuleManager: Shutting down and abandoning module CharacterAI (504)
[2018.08.14-23.07.44:941][ 51]LogModuleManager: Shutting down and abandoning module SmartSnapping (502)
[2018.08.14-23.07.44:941][ 51]LogModuleManager: Shutting down and abandoning module SessionServices (500)
[2018.08.14-23.07.44:941][ 51]LogModuleManager: Shutting down and abandoning module ViewportSnapping (498)
[2018.08.14-23.07.44:941][ 51]LogModuleManager: Shutting down and abandoning module ViewportInteraction (496)
[2018.08.14-23.07.44:941][ 51]LogModuleManager: Shutting down and abandoning module ClothPainter (494)
[2018.08.14-23.07.44:941][ 51]LogModuleManager: Shutting down and abandoning module SkeletalMeshEditor (493)
[2018.08.14-23.07.44:941][ 51]LogModuleManager: Shutting down and abandoning module LogVisualizer (490)
[2018.08.14-23.07.44:941][ 51]LogModuleManager: Shutting down and abandoning module IntroTutorials (488)
[2018.08.14-23.07.44:941][ 51]LogModuleManager: Shutting down and abandoning module GameProjectGeneration (487)
[2018.08.14-23.07.44:941][ 51]LogModuleManager: Shutting down and abandoning module IOSPlatformEditor (484)
[2018.08.14-23.07.44:941][ 51]LogModuleManager: Shutting down and abandoning module HTML5PlatformEditor (482)
[2018.08.14-23.07.44:942][ 51]LogModuleManager: Shutting down and abandoning module AndroidPlatformEditor (480)
[2018.08.14-23.07.44:942][ 51]LogModuleManager: Shutting down and abandoning module AndroidDeviceDetection (479)
[2018.08.14-23.07.45:130][ 51]LogModuleManager: Shutting down and abandoning module WindowsPlatformEditor (476)
[2018.08.14-23.07.45:130][ 51]LogModuleManager: Shutting down and abandoning module IOSRuntimeSettings (474)
[2018.08.14-23.07.45:130][ 51]LogModuleManager: Shutting down and abandoning module AndroidRuntimeSettings (472)
[2018.08.14-23.07.45:130][ 51]LogModuleManager: Shutting down and abandoning module InputBindingEditor (470)
[2018.08.14-23.07.45:130][ 51]LogModuleManager: Shutting down and abandoning module MergeActors (468)
[2018.08.14-23.07.45:130][ 51]LogModuleManager: Shutting down and abandoning module LocalizationDashboard (466)
[2018.08.14-23.07.45:130][ 51]LogModuleManager: Shutting down and abandoning module LocalizationService (465)
[2018.08.14-23.07.45:130][ 51]LogModuleManager: Shutting down and abandoning module HardwareTargeting (462)
[2018.08.14-23.07.45:130][ 51]LogModuleManager: Shutting down and abandoning module DeviceProfileEditor (460)
[2018.08.14-23.07.45:130][ 51]LogModuleManager: Shutting down and abandoning module UndoHistory (458)
[2018.08.14-23.07.45:130][ 51]LogModuleManager: Shutting down and abandoning module XmlParser (456)
[2018.08.14-23.07.45:130][ 51]LogModuleManager: Shutting down and abandoning module Blutility (454)
[2018.08.14-23.07.45:130][ 51]LogModuleManager: Shutting down and abandoning module ProjectSettingsViewer (452)
[2018.08.14-23.07.45:130][ 51]LogModuleManager: Shutting down and abandoning module ProjectTargetPlatformEditor (451)
[2018.08.14-23.07.45:130][ 51]LogModuleManager: Shutting down and abandoning module EditorSettingsViewer (448)
[2018.08.14-23.07.45:130][ 51]LogModuleManager: Shutting down and abandoning module SettingsEditor (446)
[2018.08.14-23.07.45:131][ 51]LogModuleManager: Shutting down and abandoning module ProjectLauncher (444)
[2018.08.14-23.07.45:131][ 51]LogModuleManager: Shutting down and abandoning module SessionFrontend (442)
[2018.08.14-23.07.45:131][ 51]LogModuleManager: Shutting down and abandoning module ProfilerClient (440)
[2018.08.14-23.07.45:131][ 51]LogModuleManager: Shutting down and abandoning module DeviceManager (438)
[2018.08.14-23.07.45:131][ 51]LogModuleManager: Shutting down and abandoning module TargetDeviceServices (437)
[2018.08.14-23.07.45:197][ 51]LogModuleManager: Shutting down and abandoning module AutomationController (434)
[2018.08.14-23.07.45:197][ 51]LogModuleManager: Shutting down and abandoning module AutomationWindow (432)
[2018.08.14-23.07.45:197][ 51]LogModuleManager: Shutting down and abandoning module Layers (430)
[2018.08.14-23.07.45:197][ 51]LogModuleManager: Shutting down and abandoning module ComponentVisualizers (428)
[2018.08.14-23.07.45:197][ 51]LogModuleManager: Shutting down and abandoning module DetailCustomizations (426)
[2018.08.14-23.07.45:197][ 51]LogModuleManager: Shutting down and abandoning module PackagesDialog (424)
[2018.08.14-23.07.45:197][ 51]LogModuleManager: Shutting down and abandoning module Persona (422)
[2018.08.14-23.07.45:197][ 51]LogModuleManager: Shutting down and abandoning module AdvancedPreviewScene (421)
[2018.08.14-23.07.45:197][ 51]LogModuleManager: Shutting down and abandoning module AnimGraph (419)
[2018.08.14-23.07.45:197][ 51]LogModuleManager: Shutting down and abandoning module Kismet (416)
[2018.08.14-23.07.45:197][ 51]LogModuleManager: Shutting down and abandoning module GraphEditor (414)
[2018.08.14-23.07.45:197][ 51]LogModuleManager: Shutting down and abandoning module ClassViewer (412)
[2018.08.14-23.07.45:197][ 51]LogModuleManager: Shutting down and abandoning module Toolbox (410)
[2018.08.14-23.07.45:197][ 51]LogModuleManager: Shutting down and abandoning module ModuleUI (408)
[2018.08.14-23.07.45:197][ 51]LogModuleManager: Shutting down and abandoning module MovieSceneTools (406)
[2018.08.14-23.07.45:197][ 51]LogModuleManager: Shutting down and abandoning module OutputLog (404)
[2018.08.14-23.07.45:197][ 51]LogModuleManager: Shutting down and abandoning module GammaUI (402)
[2018.08.14-23.07.45:197][ 51]LogModuleManager: Shutting down and abandoning module Documentation (400)
[2018.08.14-23.07.45:197][ 51]LogModuleManager: Shutting down and abandoning module MovieSceneTracks (398)
[2018.08.14-23.07.45:197][ 51]LogModuleManager: Shutting down and abandoning module MovieScene (396)
[2018.08.14-23.07.45:197][ 51]LogModuleManager: Shutting down and abandoning module StreamingPauseRendering (394)
[2018.08.14-23.07.45:197][ 51]LogModuleManager: Shutting down and abandoning module LauncherPlatform (392)
[2018.08.14-23.07.45:197][ 51]LogModuleManager: Shutting down and abandoning module AnalyticsET (390)
[2018.08.14-23.07.45:198][ 51]LogModuleManager: Shutting down and abandoning module PortalServices (388)
[2018.08.14-23.07.45:198][ 51]LogModuleManager: Shutting down and abandoning module PortalRpc (386)
[2018.08.14-23.07.45:198][ 51]LogModuleManager: Shutting down and abandoning module MessagingRpc (384)
[2018.08.14-23.07.45:198][ 51]LogModuleManager: Shutting down and abandoning module AIModule (382)
[2018.08.14-23.07.45:198][ 51]LogModuleManager: Shutting down and abandoning module GameplayDebugger (381)
[2018.08.14-23.07.45:198][ 51]LogModuleManager: Shutting down and abandoning module AITestSuite (379)
[2018.08.14-23.07.45:198][ 51]LogModuleManager: Shutting down and abandoning module ProfilerService (376)
[2018.08.14-23.07.45:424][ 51]LogModuleManager: Shutting down and abandoning module TaskGraph (374)
[2018.08.14-23.07.45:424][ 51]LogModuleManager: Shutting down and abandoning module SteamVRController (372)
[2018.08.14-23.07.45:424][ 51]LogModuleManager: Shutting down and abandoning module ProceduralMeshComponentEditor (370)
[2018.08.14-23.07.45:424][ 51]LogModuleManager: Shutting down and abandoning module ProceduralMeshComponent (368)
[2018.08.14-23.07.45:424][ 51]LogModuleManager: Shutting down and abandoning module OculusInput (366)
[2018.08.14-23.07.45:424][ 51]LogModuleManager: Shutting down and abandoning module MobilePatchingUtils (364)
[2018.08.14-23.07.45:424][ 51]LogModuleManager: Shutting down and abandoning module CustomMeshComponent (362)
[2018.08.14-23.07.45:424][ 51]LogModuleManager: Shutting down and abandoning module CableComponent (360)
[2018.08.14-23.07.45:424][ 51]LogModuleManager: Shutting down and abandoning module AudioCapture (358)
[2018.08.14-23.07.45:424][ 51]LogModuleManager: Shutting down and abandoning module ArchVisCharacter (356)
[2018.08.14-23.07.45:424][ 51]LogModuleManager: Shutting down and abandoning module AndroidPermission (354)
[2018.08.14-23.07.45:424][ 51]LogModuleManager: Shutting down and abandoning module NUTUnrealEngine4 (350)
[2018.08.14-23.07.45:424][ 51]LogModuleManager: Shutting down and abandoning module NetcodeUnitTest (348)
[2018.08.14-23.07.45:424][ 51]LogModuleManager: Shutting down and abandoning module MediaCompositingEditor (346)
[2018.08.14-23.07.45:424][ 51]LogModuleManager: Shutting down and abandoning module MediaCompositing (344)
[2018.08.14-23.07.45:424][ 51]LogModuleManager: Shutting down and abandoning module LinearTimecode (342)
[2018.08.14-23.07.45:424][ 51]LogModuleManager: Shutting down and abandoning module ImgMedia (340)
[2018.08.14-23.07.45:427][ 51]LogModuleManager: Shutting down and abandoning module HTML5Networking (338)
[2018.08.14-23.07.45:427][ 51]LogModuleManager: Shutting down and abandoning module AlembicImporter (336)
[2018.08.14-23.07.45:427][ 51]LogModuleManager: Shutting down and abandoning module AlembicLibrary (335)
[2018.08.14-23.07.45:427][ 51]LogModuleManager: Shutting down and abandoning module GeometryCache (334)
[2018.08.14-23.07.45:427][ 51]LogModuleManager: Shutting down and abandoning module GeometryCacheEd (333)
[2018.08.14-23.07.45:427][ 51]LogModuleManager: Shutting down and abandoning module DatasmithContent (328)
[2018.08.14-23.07.45:427][ 51]LogModuleManager: Shutting down and abandoning module SpeedTreeImporter (326)
[2018.08.14-23.07.45:427][ 51]LogModuleManager: Shutting down and abandoning module PluginBrowser (324)
[2018.08.14-23.07.45:427][ 51]LogModuleManager: Shutting down and abandoning module MobileLauncherProfileWizard (322)
[2018.08.14-23.07.45:427][ 51]LogModuleManager: Shutting down and abandoning module CryptoKeysOpenSSL (320)
[2018.08.14-23.07.45:427][ 51]LogModuleManager: Shutting down and abandoning module CryptoKeys (318)
[2018.08.14-23.07.45:427][ 51]LogModuleManager: Shutting down and abandoning module VisualStudioSourceCodeAccess (316)
[2018.08.14-23.07.45:427][ 51]LogModuleManager: Shutting down and abandoning module VisualStudioCodeSourceCodeAccess (314)
[2018.08.14-23.07.45:427][ 51]LogModuleManager: Shutting down and abandoning module UObjectPlugin (312)
[2018.08.14-23.07.45:427][ 51]LogModuleManager: Shutting down and abandoning module SubversionSourceControl (310)
[2018.08.14-23.07.45:427][ 51]LogModuleManager: Shutting down and abandoning module PerforceSourceControl (308)
[2018.08.14-23.07.45:427][ 51]LogModuleManager: Shutting down and abandoning module GitSourceControl (306)
[2018.08.14-23.07.45:427][ 51]LogModuleManager: Shutting down and abandoning module SourceControl (305)
[2018.08.14-23.07.45:427][ 51]LogModuleManager: Shutting down and abandoning module CLionSourceCodeAccess (302)
[2018.08.14-23.07.45:427][ 51]LogModuleManager: Shutting down and abandoning module LightPropagationVolumeEditor (300)
[2018.08.14-23.07.45:427][ 51]LogModuleManager: Shutting down and abandoning module PaperTiledImporter (298)
[2018.08.14-23.07.45:427][ 51]LogModuleManager: Shutting down and abandoning module PaperSpriteSheetImporter (296)
[2018.08.14-23.07.45:427][ 51]LogModuleManager: Shutting down and abandoning module Paper2DEditor (294)
[2018.08.14-23.07.45:427][ 51]LogModuleManager: Shutting down and abandoning module MeshPaint (293)
[2018.08.14-23.07.45:427][ 51]LogModuleManager: Shutting down and abandoning module ALBIRB_EXPERIENCE (290)
[2018.08.14-23.07.45:427][ 51]LogModuleManager: Shutting down and abandoning module RuntimePhysXCooking (288)
[2018.08.14-23.07.45:427][ 51]LogModuleManager: Shutting down and abandoning module PhysXVehiclesEditor (286)
[2018.08.14-23.07.45:427][ 51]LogModuleManager: Shutting down and abandoning module PhysXVehicles (284)
[2018.08.14-23.07.45:427][ 51]LogModuleManager: Shutting down and abandoning module OculusEditor (282)
[2018.08.14-23.07.45:427][ 51]LogModuleManager: Shutting down and abandoning module LocationServicesBPLibrary (280)
[2018.08.14-23.07.45:427][ 51]LogModuleManager: Shutting down and abandoning module ImmediatePhysicsEditor (278)
[2018.08.14-23.07.45:427][ 51]LogModuleManager: Shutting down and abandoning module ImmediatePhysics (276)
[2018.08.14-23.07.45:427][ 51]LogModuleManager: Shutting down and abandoning module ActorSequence (274)
[2018.08.14-23.07.45:427][ 51]LogModuleManager: Shutting down and abandoning module UdpMessaging (272)
[2018.08.14-23.07.45:528][ 51]LogModuleManager: Shutting down and abandoning module TcpMessaging (270)
[2018.08.14-23.07.45:685][ 51]LogModuleManager: Shutting down and abandoning module GameplayTagsEditor (268)
[2018.08.14-23.07.45:685][ 51]LogModuleManager: Shutting down and abandoning module FacialAnimationEditor (266)
[2018.08.14-23.07.45:685][ 51]LogModuleManager: Shutting down and abandoning module FacialAnimation (264)
[2018.08.14-23.07.45:685][ 51]LogModuleManager: Shutting down and abandoning module DataValidation (262)
[2018.08.14-23.07.45:685][ 51]LogModuleManager: Shutting down and abandoning module AssetManagerEditor (260)
[2018.08.14-23.07.45:685][ 51]LogModuleManager: Shutting down and abandoning module LevelEditor (259)
[2018.08.14-23.07.45:686][ 51]LogModuleManager: Shutting down and abandoning module PixelInspectorModule (258)
[2018.08.14-23.07.45:686][ 51]LogModuleManager: Shutting down and abandoning module CommonMenuExtensions (256)
[2018.08.14-23.07.45:686][ 51]LogModuleManager: Shutting down and abandoning module MainFrame (254)
[2018.08.14-23.07.45:686][ 51]LogModuleManager: Shutting down and abandoning module HotReload (253)
[2018.08.14-23.07.45:686][ 51]LogDirectoryWatcher: A directory notification for 'D:/Users/james.dev7362/Documents/Unreal Projects/ALBIRB_EXPERIENCE/Binaries/Win64' was aborted.
[2018.08.14-23.07.45:687][ 51]LogModuleManager: Shutting down and abandoning module ContentBrowser (249)
[2018.08.14-23.07.45:687][ 51]LogModuleManager: Shutting down and abandoning module TreeMap (247)
[2018.08.14-23.07.45:687][ 51]LogModuleManager: Shutting down and abandoning module LightPropagationVolumeRuntime (244)
[2018.08.14-23.07.45:687][ 51]LogModuleManager: Shutting down and abandoning module LiveLinkEditor (242)
[2018.08.14-23.07.45:687][ 51]LogModuleManager: Shutting down and abandoning module LiveLink (240)
[2018.08.14-23.07.46:448][ 51]LogModuleManager: Shutting down and abandoning module Paper2D (238)
[2018.08.14-23.07.46:448][ 51]LogModuleManager: Shutting down and abandoning module WindowsMoviePlayer (236)
[2018.08.14-23.07.46:448][ 51]LogModuleManager: Shutting down and abandoning module WmfMedia (234)
[2018.08.14-23.07.46:450][ 51]LogModuleManager: Shutting down and abandoning module Media (233)
[2018.08.14-23.07.46:456][ 51]LogModuleManager: Shutting down and abandoning module PacketHandler (230)
[2018.08.14-23.07.46:456][ 51]LogModuleManager: Shutting down and abandoning module ClothingSystemEditor (228)
[2018.08.14-23.07.46:456][ 51]LogModuleManager: Shutting down and abandoning module ClothingSystemRuntime (226)
[2018.08.14-23.07.46:456][ 51]LogModuleManager: Shutting down and abandoning module MediaAssets (224)
[2018.08.14-23.07.46:456][ 51]LogModuleManager: Shutting down and abandoning module Overlay (222)
[2018.08.14-23.07.46:456][ 51]LogModuleManager: Shutting down and abandoning module OverlayEditor (221)
[2018.08.14-23.07.46:456][ 51]LogModuleManager: Shutting down and abandoning module VREditor (218)
[2018.08.14-23.07.46:456][ 51]LogModuleManager: Shutting down and abandoning module StringTableEditor (216)
[2018.08.14-23.07.46:456][ 51]LogModuleManager: Shutting down and abandoning module GameplayTasksEditor (214)
[2018.08.14-23.07.46:456][ 51]LogModuleManager: Shutting down and abandoning module BehaviorTreeEditor (212)
[2018.08.14-23.07.46:456][ 51]LogModuleManager: Shutting down and abandoning module FunctionalTesting (210)
[2018.08.14-23.07.46:456][ 51]LogModuleManager: Shutting down and abandoning module CollisionAnalyzer (208)
[2018.08.14-23.07.46:456][ 51]LogModuleManager: Shutting down and abandoning module WorkspaceMenuStructure (207)
[2018.08.14-23.07.46:456][ 51]LogModuleManager: Shutting down and abandoning module UMG (204)
[2018.08.14-23.07.46:456][ 51]LogModuleManager: Shutting down and abandoning module UMGEditor (203)
[2018.08.14-23.07.46:457][ 51]LogModuleManager: Shutting down and abandoning module Sequencer (202)
[2018.08.14-23.07.46:457][ 51]LogModuleManager: Shutting down and abandoning module MessageLog (199)
[2018.08.14-23.07.46:457][ 51]LogModuleManager: Shutting down and abandoning module SlateReflector (194)
[2018.08.14-23.07.46:457][ 51]LogModuleManager: Shutting down and abandoning module Slate (192)
[2018.08.14-23.07.46:457][ 51]LogModuleManager: Shutting down and abandoning module EditorStyle (190)
[2018.08.14-23.07.46:458][ 51]LogModuleManager: Shutting down and abandoning module MRMesh (188)
[2018.08.14-23.07.46:458][ 51]LogModuleManager: Shutting down and abandoning module SourceCodeAccess (186)
[2018.08.14-23.07.46:458][ 51]LogModuleManager: Shutting down and abandoning module HeadMountedDisplay (184)
[2018.08.14-23.07.46:458][ 51]LogModuleManager: Shutting down and abandoning module XAudio2 (182)
[2018.08.14-23.07.46:458][ 51]LogModuleManager: Shutting down and abandoning module Networking (180)
[2018.08.14-23.07.46:458][ 51]LogModuleManager: Shutting down and abandoning module Core (178)
[2018.08.14-23.07.46:458][ 51]LogModuleManager: Shutting down and abandoning module LevelSequence (176)
[2018.08.14-23.07.46:458][ 51]LogModuleManager: Shutting down and abandoning module KismetCompiler (174)
[2018.08.14-23.07.46:458][ 51]LogModuleManager: Shutting down and abandoning module MeshUtilities (172)
[2018.08.14-23.07.46:458][ 51]LogModuleManager: Shutting down and abandoning module MeshMergeUtilities (171)
[2018.08.14-23.07.46:458][ 51]LogModuleManager: Shutting down and abandoning module MeshReductionInterface (170)
[2018.08.14-23.07.46:458][ 51]LogModuleManager: Shutting down and abandoning module SimplygonSwarm (169)
[2018.08.14-23.07.46:458][ 51]LogModuleManager: Shutting down and abandoning module SimplygonMeshReduction (167)
[2018.08.14-23.07.46:458][ 51]LogModuleManager: Shutting down and abandoning module QuadricMeshReduction (165)
[2018.08.14-23.07.46:458][ 51]LogModuleManager: Shutting down and abandoning module MaterialBaking (161)
[2018.08.14-23.07.46:458][ 51]LogModuleManager: Shutting down and abandoning module DirectoryWatcher (157)
[2018.08.14-23.07.46:459][ 51]LogModuleManager: Shutting down and abandoning module DerivedDataCache (154)
[2018.08.14-23.07.46:487][ 51]LogDerivedDataCache: Shutdown
[2018.08.14-23.07.46:487][ 51]LogModuleManager: Shutting down and abandoning module XGEController (152)
[2018.08.14-23.07.46:487][ 51]LogModuleManager: Shutting down and abandoning module TargetPlatform (150)
[2018.08.14-23.07.46:487][ 51]LogModuleManager: Shutting down and abandoning module VulkanShaderFormat (149)
[2018.08.14-23.07.46:487][ 51]LogModuleManager: Shutting down and abandoning module ShaderFormatVectorVM (147)
[2018.08.14-23.07.46:487][ 51]LogModuleManager: Shutting down and abandoning module ShaderFormatOpenGL (145)
[2018.08.14-23.07.46:487][ 51]LogModuleManager: Shutting down and abandoning module ShaderFormatD3D (143)
[2018.08.14-23.07.46:487][ 51]LogModuleManager: Shutting down and abandoning module MetalShaderFormat (141)
[2018.08.14-23.07.46:487][ 51]LogModuleManager: Shutting down and abandoning module TextureFormatUncompressed (139)
[2018.08.14-23.07.46:487][ 51]LogModuleManager: Shutting down and abandoning module TextureFormatPVR (137)
[2018.08.14-23.07.46:487][ 51]LogModuleManager: Shutting down and abandoning module TextureFormatDXT (135)
[2018.08.14-23.07.46:487][ 51]LogModuleManager: Shutting down and abandoning module TextureFormatIntelISPCTexComp (133)
[2018.08.14-23.07.46:487][ 51]LogModuleManager: Shutting down and abandoning module TextureFormatASTC (131)
[2018.08.14-23.07.46:487][ 51]LogModuleManager: Shutting down and abandoning module ImageWrapper (130)
[2018.08.14-23.07.46:487][ 51]LogModuleManager: Shutting down and abandoning module TextureFormatAndroid (127)
[2018.08.14-23.07.46:487][ 51]LogModuleManager: Shutting down and abandoning module AudioFormatOpus (125)
[2018.08.14-23.07.46:487][ 51]LogModuleManager: Shutting down and abandoning module AudioFormatOgg (123)
[2018.08.14-23.07.46:487][ 51]LogModuleManager: Shutting down and abandoning module AudioFormatADPCM (121)
[2018.08.14-23.07.46:487][ 51]LogModuleManager: Shutting down and abandoning module LinuxTargetPlatform (119)
[2018.08.14-23.07.46:487][ 51]LogModuleManager: Shutting down and abandoning module LinuxServerTargetPlatform (117)
[2018.08.14-23.07.46:488][ 51]LogModuleManager: Shutting down and abandoning module LinuxNoEditorTargetPlatform (115)
[2018.08.14-23.07.46:488][ 51]LogModuleManager: Shutting down and abandoning module LinuxClientTargetPlatform (113)
[2018.08.14-23.07.46:488][ 51]LogModuleManager: Shutting down and abandoning module TVOSTargetPlatform (111)
[2018.08.14-23.07.46:488][ 51]LogModuleManager: Shutting down and abandoning module Messaging (109)
[2018.08.14-23.07.46:488][ 51]LogModuleManager: Shutting down and abandoning module IOSTargetPlatform (107)
[2018.08.14-23.07.46:488][ 51]LogModuleManager: Shutting down and abandoning module HTML5TargetPlatform (105)
[2018.08.14-23.07.46:488][ 51]LogModuleManager: Shutting down and abandoning module AndroidTargetPlatform (103)
[2018.08.14-23.07.46:488][ 51]LogModuleManager: Shutting down and abandoning module Android_PVRTCTargetPlatform (101)
[2018.08.14-23.07.46:488][ 51]LogModuleManager: Shutting down and abandoning module Android_MultiTargetPlatform (99)
[2018.08.14-23.07.46:488][ 51]LogModuleManager: Shutting down and abandoning module Android_ETC2TargetPlatform (97)
[2018.08.14-23.07.46:488][ 51]LogModuleManager: Shutting down and abandoning module Android_ETC1TargetPlatform (95)
[2018.08.14-23.07.46:488][ 51]LogModuleManager: Shutting down and abandoning module Android_ETC1aTargetPlatform (93)
[2018.08.14-23.07.46:488][ 51]LogModuleManager: Shutting down and abandoning module Android_DXTTargetPlatform (91)
[2018.08.14-23.07.46:488][ 51]LogModuleManager: Shutting down and abandoning module Android_ATCTargetPlatform (89)
[2018.08.14-23.07.46:488][ 51]LogModuleManager: Shutting down and abandoning module Android_ASTCTargetPlatform (87)
[2018.08.14-23.07.46:488][ 51]LogModuleManager: Shutting down and abandoning module WindowsTargetPlatform (85)
[2018.08.14-23.07.46:488][ 51]LogModuleManager: Shutting down and abandoning module WindowsServerTargetPlatform (83)
[2018.08.14-23.07.46:488][ 51]LogModuleManager: Shutting down and abandoning module WindowsNoEditorTargetPlatform (81)
[2018.08.14-23.07.46:488][ 51]LogModuleManager: Shutting down and abandoning module WindowsClientTargetPlatform (79)
[2018.08.14-23.07.46:488][ 51]LogModuleManager: Shutting down and abandoning module MacTargetPlatform (77)
[2018.08.14-23.07.46:488][ 51]LogModuleManager: Shutting down and abandoning module MacServerTargetPlatform (75)
[2018.08.14-23.07.46:488][ 51]LogModuleManager: Shutting down and abandoning module MacNoEditorTargetPlatform (73)
[2018.08.14-23.07.46:488][ 51]LogModuleManager: Shutting down and abandoning module MacClientTargetPlatform (71)
[2018.08.14-23.07.46:488][ 51]LogModuleManager: Shutting down and abandoning module AllDesktopTargetPlatform (69)
[2018.08.14-23.07.46:488][ 51]LogModuleManager: Shutting down and abandoning module InputCore (66)
[2018.08.14-23.07.46:488][ 51]LogModuleManager: Shutting down and abandoning module Settings (64)
[2018.08.14-23.07.46:488][ 51]LogModuleManager: Shutting down and abandoning module PhysXCooking (62)
[2018.08.14-23.07.46:488][ 51]LogModuleManager: Shutting down and abandoning module SteamVR (60)
[2018.08.14-23.07.46:488][ 51]LogModuleManager: Shutting down and abandoning module OculusHMD (58)
[2018.08.14-23.07.46:488][ 51]LogModuleManager: Shutting down and abandoning module ExampleDeviceProfileSelector (56)
[2018.08.14-23.07.46:488][ 51]LogModuleManager: Shutting down and abandoning module AppleARKit (54)
[2018.08.14-23.07.46:488][ 51]LogModuleManager: Shutting down and abandoning module AugmentedReality (51)
[2018.08.14-23.07.46:488][ 51]LogModuleManager: Shutting down and abandoning module OnlineBlueprintSupport (48)
[2018.08.14-23.07.46:488][ 51]LogModuleManager: Shutting down and abandoning module OnlineSubsystem (44)
[2018.08.14-23.07.46:488][ 51]LogModuleManager: Shutting down and abandoning module XMPP (43)
[2018.08.14-23.07.46:488][ 51]LogModuleManager: Shutting down and abandoning module HTTP (41)
[2018.08.14-23.07.46:488][ 51]LogHttp: Display: Http module shutting down, but needs to wait on 1 outstanding Http requests:
[2018.08.14-23.07.46:488][ 51]LogHttp: Display: 	verb=[POST] url=[https://datarouter.ol.epicgames.com/datarouter/api/v1/public/data?SessionID=%7B59820316-4FD3-2A05-EC33-4DB87330226E%7D&AppID=UEEditor.Rocket.Release&AppVersion=4.19.2-4033788%2B%2B%2BUE4%2BRelease-4.19&UserID=9ea4138b4f9206dd50e198957edec655%7Cd3b73b47435841d8ae2744984cd9b603%7C040e9868-a108-44d4-8653-131effa621ca&AppEnvironment=datacollector-binary&UploadType=eteventstream] status=Processing
[2018.08.14-23.07.46:508][ 51]LogModuleManager: Shutting down and abandoning module SSL (40)
[2018.08.14-23.07.46:509][ 51]LogModuleManager: Shutting down and abandoning module AnimationModifiers (36)
[2018.08.14-23.07.46:509][ 51]LogModuleManager: Shutting down and abandoning module PropertyEditor (35)
[2018.08.14-23.07.46:509][ 51]LogModuleManager: Shutting down and abandoning module AudioEditor (32)
[2018.08.14-23.07.46:509][ 51]LogModuleManager: Shutting down and abandoning module TextureCompressor (30)
[2018.08.14-23.07.46:509][ 51]LogModuleManager: Shutting down and abandoning module ShaderCore (28)
[2018.08.14-23.07.46:509][ 51]LogModuleManager: Shutting down and abandoning module Landscape (26)
[2018.08.14-23.07.46:509][ 51]LogModuleManager: Shutting down and abandoning module SlateRHIRenderer (24)
[2018.08.14-23.07.46:510][ 51]LogModuleManager: Shutting down and abandoning module OpenGLDrv (22)
[2018.08.14-23.07.46:510][ 51]LogModuleManager: Shutting down and abandoning module D3D11RHI (20)
[2018.08.14-23.07.46:510][ 51]LogModuleManager: Shutting down and abandoning module AnimGraphRuntime (18)
[2018.08.14-23.07.46:510][ 51]LogModuleManager: Shutting down and abandoning module Renderer (16)
[2018.08.14-23.07.46:510][ 51]LogModuleManager: Shutting down and abandoning module Engine (14)
[2018.08.14-23.07.46:510][ 51]LogModuleManager: Shutting down and abandoning module CoreUObject (12)
[2018.08.14-23.07.46:510][ 51]LogModuleManager: Shutting down and abandoning module NetworkFile (10)
[2018.08.14-23.07.46:510][ 51]LogModuleManager: Shutting down and abandoning module CookedIterativeFile (8)
[2018.08.14-23.07.46:510][ 51]LogModuleManager: Shutting down and abandoning module StreamingFile (6)
[2018.08.14-23.07.46:510][ 51]LogModuleManager: Shutting down and abandoning module SandboxFile (4)
[2018.08.14-23.07.46:510][ 51]LogModuleManager: Shutting down and abandoning module PakFile (2)
[2018.08.14-23.07.46:515][ 51]LogExit: Exiting.
[2018.08.14-23.07.46:521][ 51]Log file closed, 08/15/18 11:07:46
