Log file open, 08/22/18 16:11:01
LogWindows: Failed to load 'aqProf.dll' (GetLastError=126)
LogWindows: File 'aqProf.dll' does not exist
LogWindows: Failed to load 'VtuneApi.dll' (GetLastError=126)
LogWindows: File 'VtuneApi.dll' does not exist
LogWindows: Failed to load 'VtuneApi32e.dll' (GetLastError=126)
LogWindows: File 'VtuneApi32e.dll' does not exist
LogInit: Display: Running engine for game: ALBIRB_EXPERIENCE
LogPlatformFile: Not using cached read wrapper
LogInit: Display: RandInit(-956393348) SRandInit(-956393348).
LogInit: Read version file with build ID '3944462'
LogInit: Overriding engine version to CL 4033788, compatible CL 3944462
LogInit: Registered custom module enumerator with build ID '3944462'
LogTaskGraph: Started task graph with 5 named threads and 23 total threads with 3 sets of task threads.
LogStats: Stats thread started at 0.257013
LogD3D11RHI: Aftermath initialized
LogICUInternationalization: Display: ICU TimeZone Detection - Raw Offset: +12:00, Platform Override: ''
LogPluginManager: Mounting plugin Paper2D
LogPluginManager: Mounting plugin LiveLink
LogPluginManager: Mounting plugin LightPropagationVolume
LogPluginManager: Mounting plugin CLionSourceCodeAccess
LogPluginManager: Mounting plugin CodeLiteSourceCodeAccess
LogPluginManager: Mounting plugin GitSourceControl
LogPluginManager: Mounting plugin KDevelopSourceCodeAccess
LogPluginManager: Mounting plugin NullSourceCodeAccess
LogPluginManager: Mounting plugin PerforceSourceControl
LogPluginManager: Mounting plugin SubversionSourceControl
LogPluginManager: Mounting plugin UObjectPlugin
LogPluginManager: Mounting plugin VisualStudioCodeSourceCodeAccess
LogPluginManager: Mounting plugin VisualStudioSourceCodeAccess
LogPluginManager: Mounting plugin XCodeSourceCodeAccess
LogPluginManager: Mounting plugin AssetManagerEditor
LogPluginManager: Mounting plugin CryptoKeys
LogPluginManager: Mounting plugin DataValidation
LogPluginManager: Mounting plugin FacialAnimation
LogPluginManager: Mounting plugin GameplayTagsEditor
LogPluginManager: Mounting plugin MobileLauncherProfileWizard
LogPluginManager: Mounting plugin PluginBrowser
LogPluginManager: Mounting plugin SpeedTreeImporter
LogPluginManager: Mounting plugin DatasmithContent
LogPluginManager: Mounting plugin AlembicImporter
LogPluginManager: Mounting plugin CharacterAI
LogPluginManager: Mounting plugin HTML5Networking
LogPluginManager: Mounting plugin AndroidMedia
LogPluginManager: Mounting plugin AvfMedia
LogPluginManager: Mounting plugin ImgMedia
LogPluginManager: Mounting plugin LinearTimecode
LogPluginManager: Mounting plugin MediaCompositing
LogPluginManager: Mounting plugin MediaPlayerEditor
LogPluginManager: Mounting plugin WmfMedia
LogPluginManager: Mounting plugin TcpMessaging
LogPluginManager: Mounting plugin UdpMessaging
LogPluginManager: Mounting plugin ActorSequence
LogPluginManager: Mounting plugin LevelSequenceEditor
LogPluginManager: Mounting plugin MatineeToLevelSequence
LogPluginManager: Mounting plugin NetcodeUnitTest
LogPluginManager: Mounting plugin NUTUnrealEngine4
LogPluginManager: Mounting plugin OnlineSubsystemGooglePlay
LogPluginManager: Mounting plugin OnlineSubsystemIOS
LogPluginManager: Mounting plugin OnlineSubsystem
LogPluginManager: Mounting plugin OnlineSubsystemNull
LogPluginManager: Mounting plugin OnlineSubsystemUtils
LogPluginManager: Mounting plugin AndroidDeviceProfileSelector
LogPluginManager: Mounting plugin AndroidMoviePlayer
LogPluginManager: Mounting plugin AndroidPermission
LogPluginManager: Mounting plugin AppleARKit
LogPluginManager: Mounting plugin AppleMoviePlayer
LogPluginManager: Mounting plugin ArchVisCharacter
LogPluginManager: Mounting plugin AudioCapture
LogPluginManager: Mounting plugin CableComponent
LogPluginManager: Mounting plugin CustomMeshComponent
LogPluginManager: Mounting plugin ExampleDeviceProfileSelector
LogPluginManager: Mounting plugin GoogleCloudMessaging
LogPluginManager: Mounting plugin ImmediatePhysics
LogPluginManager: Mounting plugin IOSDeviceProfileSelector
LogPluginManager: Mounting plugin LinuxDeviceProfileSelector
LogPluginManager: Mounting plugin LocationServicesBPLibrary
LogPluginManager: Mounting plugin MobilePatchingUtils
LogPluginManager: Mounting plugin OculusVR
LogPluginManager: Plugin shader directory ../../../Engine/Plugins/Runtime/Oculus/OculusVR/Shaders found
LogPluginManager: Mapping shader source directory ../../../Engine/Plugins/Runtime/Oculus/OculusVR/Shaders to virtual directory /Plugin/OculusVR
LogPluginManager: Mounting plugin PhysXVehicles
LogPluginManager: Mounting plugin ProceduralMeshComponent
LogPluginManager: Mounting plugin RuntimePhysXCooking
LogPluginManager: Mounting plugin SteamVR
LogPluginManager: Mounting plugin WindowsMoviePlayer
LogStreaming: Display: Took  0.083s to configure plugins.
LogModuleManager: Display: Found up-to-date module file ../../../../../Users/steven.zha7447/Desktop/AlBirbExperience/ALBIRB_EXPERIENCE/Binaries/Win64/UE4Editor-ALBIRB_EXPERIENCE.dll (API version 3944462).
LogModuleManager: Display: Found up-to-date module file ../../../Engine/Plugins/2D/Paper2D/Binaries/Win64/UE4Editor-Paper2D.dll (API version 3944462).
LogModuleManager: Display: Found up-to-date module file ../../../Engine/Plugins/2D/Paper2D/Binaries/Win64/UE4Editor-Paper2DEditor.dll (API version 3944462).
LogModuleManager: Display: Found up-to-date module file ../../../Engine/Plugins/2D/Paper2D/Binaries/Win64/UE4Editor-PaperSpriteSheetImporter.dll (API version 3944462).
LogModuleManager: Display: Found up-to-date module file ../../../Engine/Plugins/2D/Paper2D/Binaries/Win64/UE4Editor-PaperTiledImporter.dll (API version 3944462).
LogModuleManager: Display: Found up-to-date module file ../../../Engine/Plugins/2D/Paper2D/Binaries/Win64/UE4Editor-SmartSnapping.dll (API version 3944462).
LogModuleManager: Display: Found up-to-date module file ../../../Engine/Plugins/Animation/LiveLink/Binaries/Win64/UE4Editor-LiveLink.dll (API version 3944462).
LogModuleManager: Display: Found up-to-date module file ../../../Engine/Plugins/Animation/LiveLink/Binaries/Win64/UE4Editor-LiveLinkEditor.dll (API version 3944462).
LogModuleManager: Display: Found up-to-date module file ../../../Engine/Plugins/Blendables/LightPropagationVolume/Binaries/Win64/UE4Editor-LightPropagationVolumeRuntime.dll (API version 3944462).
LogModuleManager: Display: Found up-to-date module file ../../../Engine/Plugins/Blendables/LightPropagationVolume/Binaries/Win64/UE4Editor-LightPropagationVolumeEditor.dll (API version 3944462).
LogModuleManager: Display: Found up-to-date module file ../../../Engine/Plugins/Developer/CLionSourceCodeAccess/Binaries/Win64/UE4Editor-CLionSourceCodeAccess.dll (API version 3944462).
LogModuleManager: Display: Found up-to-date module file ../../../Engine/Plugins/Developer/GitSourceControl/Binaries/Win64/UE4Editor-GitSourceControl.dll (API version 3944462).
LogModuleManager: Display: Found up-to-date module file ../../../Engine/Plugins/Developer/PerforceSourceControl/Binaries/Win64/UE4Editor-PerforceSourceControl.dll (API version 3944462).
LogModuleManager: Display: Found up-to-date module file ../../../Engine/Plugins/Developer/SubversionSourceControl/Binaries/Win64/UE4Editor-SubversionSourceControl.dll (API version 3944462).
LogModuleManager: Display: Found up-to-date module file ../../../Engine/Plugins/Developer/UObjectPlugin/Binaries/Win64/UE4Editor-UObjectPlugin.dll (API version 3944462).
LogModuleManager: Display: Found up-to-date module file ../../../Engine/Plugins/Developer/VisualStudioCodeSourceCodeAccess/Binaries/Win64/UE4Editor-VisualStudioCodeSourceCodeAccess.dll (API version 3944462).
LogModuleManager: Display: Found up-to-date module file ../../../Engine/Plugins/Developer/VisualStudioSourceCodeAccess/Binaries/Win64/UE4Editor-VisualStudioSourceCodeAccess.dll (API version 3944462).
LogModuleManager: Display: Found up-to-date module file ../../../Engine/Plugins/Editor/AssetManagerEditor/Binaries/Win64/UE4Editor-AssetManagerEditor.dll (API version 3944462).
LogModuleManager: Display: Found up-to-date module file ../../../Engine/Plugins/Editor/CryptoKeys/Binaries/Win64/UE4Editor-CryptoKeys.dll (API version 3944462).
LogModuleManager: Display: Found up-to-date module file ../../../Engine/Plugins/Editor/CryptoKeys/Binaries/Win64/UE4Editor-CryptoKeysOpenSSL.dll (API version 3944462).
LogModuleManager: Display: Found up-to-date module file ../../../Engine/Plugins/Editor/DataValidation/Binaries/Win64/UE4Editor-DataValidation.dll (API version 3944462).
LogModuleManager: Display: Found up-to-date module file ../../../Engine/Plugins/Editor/FacialAnimation/Binaries/Win64/UE4Editor-FacialAnimation.dll (API version 3944462).
LogModuleManager: Display: Found up-to-date module file ../../../Engine/Plugins/Editor/FacialAnimation/Binaries/Win64/UE4Editor-FacialAnimationEditor.dll (API version 3944462).
LogModuleManager: Display: Found up-to-date module file ../../../Engine/Plugins/Editor/GameplayTagsEditor/Binaries/Win64/UE4Editor-GameplayTagsEditor.dll (API version 3944462).
LogModuleManager: Display: Found up-to-date module file ../../../Engine/Plugins/Editor/MobileLauncherProfileWizard/Binaries/Win64/UE4Editor-MobileLauncherProfileWizard.dll (API version 3944462).
LogModuleManager: Display: Found up-to-date module file ../../../Engine/Plugins/Editor/PluginBrowser/Binaries/Win64/UE4Editor-PluginBrowser.dll (API version 3944462).
LogModuleManager: Display: Found up-to-date module file ../../../Engine/Plugins/Editor/SpeedTreeImporter/Binaries/Win64/UE4Editor-SpeedTreeImporter.dll (API version 3944462).
LogModuleManager: Display: Found up-to-date module file ../../../Engine/Plugins/Enterprise/DatasmithContent/Binaries/Win64/UE4Editor-DatasmithContent.dll (API version 3944462).
LogModuleManager: Display: Found up-to-date module file ../../../Engine/Plugins/Experimental/AlembicImporter/Binaries/Win64/UE4Editor-AlembicImporter.dll (API version 3944462).
LogModuleManager: Display: Found up-to-date module file ../../../Engine/Plugins/Experimental/AlembicImporter/Binaries/Win64/UE4Editor-AlembicLibrary.dll (API version 3944462).
LogModuleManager: Display: Found up-to-date module file ../../../Engine/Plugins/Experimental/CharacterAI/Binaries/Win64/UE4Editor-CharacterAI.dll (API version 3944462).
LogModuleManager: Display: Found up-to-date module file ../../../Engine/Plugins/Experimental/HTML5Networking/Binaries/Win64/UE4Editor-HTML5Networking.dll (API version 3944462).
LogModuleManager: Display: Found up-to-date module file ../../../Engine/Plugins/Media/AndroidMedia/Binaries/Win64/UE4Editor-AndroidMediaEditor.dll (API version 3944462).
LogModuleManager: Display: Found up-to-date module file ../../../Engine/Plugins/Media/AndroidMedia/Binaries/Win64/UE4Editor-AndroidMediaFactory.dll (API version 3944462).
LogModuleManager: Display: Found up-to-date module file ../../../Engine/Plugins/Media/AvfMedia/Binaries/Win64/UE4Editor-AvfMediaEditor.dll (API version 3944462).
LogModuleManager: Display: Found up-to-date module file ../../../Engine/Plugins/Media/AvfMedia/Binaries/Win64/UE4Editor-AvfMediaFactory.dll (API version 3944462).
LogModuleManager: Display: Found up-to-date module file ../../../Engine/Plugins/Media/AvfMedia/Binaries/Win64/UE4Editor-AvfMediaFactory.dll (API version 3944462).
LogModuleManager: Display: Found up-to-date module file ../../../Engine/Plugins/Media/ImgMedia/Binaries/Win64/UE4Editor-ImgMedia.dll (API version 3944462).
LogModuleManager: Display: Found up-to-date module file ../../../Engine/Plugins/Media/ImgMedia/Binaries/Win64/UE4Editor-ImgMediaEditor.dll (API version 3944462).
LogModuleManager: Display: Found up-to-date module file ../../../Engine/Plugins/Media/ImgMedia/Binaries/Win64/UE4Editor-ImgMediaFactory.dll (API version 3944462).
LogModuleManager: Display: Found up-to-date module file ../../../Engine/Plugins/Media/ImgMedia/Binaries/Win64/UE4Editor-ImgMediaFactory.dll (API version 3944462).
LogModuleManager: Display: Found up-to-date module file ../../../Engine/Plugins/Media/ImgMedia/Binaries/Win64/UE4Editor-OpenExrWrapper.dll (API version 3944462).
LogModuleManager: Display: Found up-to-date module file ../../../Engine/Plugins/Media/LinearTimecode/Binaries/Win64/UE4Editor-LinearTimecode.dll (API version 3944462).
LogModuleManager: Display: Found up-to-date module file ../../../Engine/Plugins/Media/MediaCompositing/Binaries/Win64/UE4Editor-MediaCompositing.dll (API version 3944462).
LogModuleManager: Display: Found up-to-date module file ../../../Engine/Plugins/Media/MediaCompositing/Binaries/Win64/UE4Editor-MediaCompositingEditor.dll (API version 3944462).
LogModuleManager: Display: Found up-to-date module file ../../../Engine/Plugins/Media/MediaPlayerEditor/Binaries/Win64/UE4Editor-MediaPlayerEditor.dll (API version 3944462).
LogModuleManager: Display: Found up-to-date module file ../../../Engine/Plugins/Media/WmfMedia/Binaries/Win64/UE4Editor-WmfMedia.dll (API version 3944462).
LogModuleManager: Display: Found up-to-date module file ../../../Engine/Plugins/Media/WmfMedia/Binaries/Win64/UE4Editor-WmfMediaEditor.dll (API version 3944462).
LogModuleManager: Display: Found up-to-date module file ../../../Engine/Plugins/Media/WmfMedia/Binaries/Win64/UE4Editor-WmfMediaFactory.dll (API version 3944462).
LogModuleManager: Display: Found up-to-date module file ../../../Engine/Plugins/Media/WmfMedia/Binaries/Win64/UE4Editor-WmfMediaFactory.dll (API version 3944462).
LogModuleManager: Display: Found up-to-date module file ../../../Engine/Plugins/Messaging/TcpMessaging/Binaries/Win64/UE4Editor-TcpMessaging.dll (API version 3944462).
LogModuleManager: Display: Found up-to-date module file ../../../Engine/Plugins/Messaging/UdpMessaging/Binaries/Win64/UE4Editor-UdpMessaging.dll (API version 3944462).
LogModuleManager: Display: Found up-to-date module file ../../../Engine/Plugins/MovieScene/ActorSequence/Binaries/Win64/UE4Editor-ActorSequence.dll (API version 3944462).
LogModuleManager: Display: Found up-to-date module file ../../../Engine/Plugins/MovieScene/LevelSequenceEditor/Binaries/Win64/UE4Editor-LevelSequenceEditor.dll (API version 3944462).
LogModuleManager: Display: Found up-to-date module file ../../../Engine/Plugins/MovieScene/MatineeToLevelSequence/Binaries/Win64/UE4Editor-MatineeToLevelSequence.dll (API version 3944462).
LogModuleManager: Display: Found up-to-date module file ../../../Engine/Plugins/NetcodeUnitTest/NetcodeUnitTest/Binaries/Win64/UE4Editor-NetcodeUnitTest.dll (API version 3944462).
LogModuleManager: Display: Found up-to-date module file ../../../Engine/Plugins/NetcodeUnitTest/NUTUnrealEngine4/Binaries/Win64/UE4Editor-NUTUnrealEngine4.dll (API version 3944462).
LogModuleManager: Display: Found up-to-date module file ../../../Engine/Plugins/Online/OnlineSubsystem/Binaries/Win64/UE4Editor-OnlineSubsystem.dll (API version 3944462).
LogModuleManager: Display: Found up-to-date module file ../../../Engine/Plugins/Online/OnlineSubsystemNull/Binaries/Win64/UE4Editor-OnlineSubsystemNull.dll (API version 3944462).
LogModuleManager: Display: Found up-to-date module file ../../../Engine/Plugins/Online/OnlineSubsystemUtils/Binaries/Win64/UE4Editor-OnlineSubsystemUtils.dll (API version 3944462).
LogModuleManager: Display: Found up-to-date module file ../../../Engine/Plugins/Online/OnlineSubsystemUtils/Binaries/Win64/UE4Editor-OnlineBlueprintSupport.dll (API version 3944462).
LogModuleManager: Display: Found up-to-date module file ../../../Engine/Plugins/Runtime/AndroidDeviceProfileSelector/Binaries/Win64/UE4Editor-AndroidDeviceProfileSelector.dll (API version 3944462).
LogModuleManager: Display: Found up-to-date module file ../../../Engine/Plugins/Runtime/AndroidPermission/Binaries/Win64/UE4Editor-AndroidPermission.dll (API version 3944462).
LogModuleManager: Display: Found up-to-date module file ../../../Engine/Plugins/Runtime/AppleARKit/Binaries/Win64/UE4Editor-AppleARKit.dll (API version 3944462).
LogModuleManager: Display: Found up-to-date module file ../../../Engine/Plugins/Runtime/ArchVisCharacter/Binaries/Win64/UE4Editor-ArchVisCharacter.dll (API version 3944462).
LogModuleManager: Display: Found up-to-date module file ../../../Engine/Plugins/Runtime/AudioCapture/Binaries/Win64/UE4Editor-AudioCapture.dll (API version 3944462).
LogModuleManager: Display: Found up-to-date module file ../../../Engine/Plugins/Runtime/AudioCapture/Binaries/Win64/UE4Editor-AudioCaptureEditor.dll (API version 3944462).
LogModuleManager: Display: Found up-to-date module file ../../../Engine/Plugins/Runtime/CableComponent/Binaries/Win64/UE4Editor-CableComponent.dll (API version 3944462).
LogModuleManager: Display: Found up-to-date module file ../../../Engine/Plugins/Runtime/CustomMeshComponent/Binaries/Win64/UE4Editor-CustomMeshComponent.dll (API version 3944462).
LogModuleManager: Display: Found up-to-date module file ../../../Engine/Plugins/Runtime/ExampleDeviceProfileSelector/Binaries/Win64/UE4Editor-ExampleDeviceProfileSelector.dll (API version 3944462).
LogModuleManager: Display: Found up-to-date module file ../../../Engine/Plugins/Runtime/ImmediatePhysics/Binaries/Win64/UE4Editor-ImmediatePhysics.dll (API version 3944462).
LogModuleManager: Display: Found up-to-date module file ../../../Engine/Plugins/Runtime/ImmediatePhysics/Binaries/Win64/UE4Editor-ImmediatePhysicsEditor.dll (API version 3944462).
LogModuleManager: Display: Found up-to-date module file ../../../Engine/Plugins/Runtime/LocationServicesBPLibrary/Binaries/Win64/UE4Editor-LocationServicesBPLibrary.dll (API version 3944462).
LogModuleManager: Display: Found up-to-date module file ../../../Engine/Plugins/Runtime/MobilePatchingUtils/Binaries/Win64/UE4Editor-MobilePatchingUtils.dll (API version 3944462).
LogModuleManager: Display: Found up-to-date module file ../../../Engine/Plugins/Runtime/Oculus/OculusVR/Binaries/Win64/UE4Editor-OculusHMD.dll (API version 3944462).
LogModuleManager: Display: Found up-to-date module file ../../../Engine/Plugins/Runtime/Oculus/OculusVR/Binaries/Win64/UE4Editor-OculusInput.dll (API version 3944462).
LogModuleManager: Display: Found up-to-date module file ../../../Engine/Plugins/Runtime/Oculus/OculusVR/Binaries/Win64/UE4Editor-OculusEditor.dll (API version 3944462).
LogModuleManager: Display: Found up-to-date module file ../../../Engine/Plugins/Runtime/PhysXVehicles/Binaries/Win64/UE4Editor-PhysXVehicles.dll (API version 3944462).
LogModuleManager: Display: Found up-to-date module file ../../../Engine/Plugins/Runtime/PhysXVehicles/Binaries/Win64/UE4Editor-PhysXVehiclesEditor.dll (API version 3944462).
LogModuleManager: Display: Found up-to-date module file ../../../Engine/Plugins/Runtime/ProceduralMeshComponent/Binaries/Win64/UE4Editor-ProceduralMeshComponent.dll (API version 3944462).
LogModuleManager: Display: Found up-to-date module file ../../../Engine/Plugins/Runtime/ProceduralMeshComponent/Binaries/Win64/UE4Editor-ProceduralMeshComponentEditor.dll (API version 3944462).
LogModuleManager: Display: Found up-to-date module file ../../../Engine/Plugins/Runtime/RuntimePhysXCooking/Binaries/Win64/UE4Editor-RuntimePhysXCooking.dll (API version 3944462).
LogModuleManager: Display: Found up-to-date module file ../../../Engine/Plugins/Runtime/Steam/SteamVR/Binaries/Win64/UE4Editor-SteamVR.dll (API version 3944462).
LogModuleManager: Display: Found up-to-date module file ../../../Engine/Plugins/Runtime/Steam/SteamVR/Binaries/Win64/UE4Editor-SteamVRController.dll (API version 3944462).
LogModuleManager: Display: Found up-to-date module file ../../../Engine/Plugins/Runtime/WindowsMoviePlayer/Binaries/Win64/UE4Editor-WindowsMoviePlayer.dll (API version 3944462).
LogInit: Using libcurl 7.47.1
LogInit:  - built for x86_64-pc-win32
LogInit:  - supports SSL with OpenSSL/1.0.2g
LogInit:  - supports HTTP deflate (compression) using libz 1.2.8
LogInit:  - other features:
LogInit:      CURL_VERSION_SSL
LogInit:      CURL_VERSION_LIBZ
LogInit:      CURL_VERSION_IPV6
LogInit:      CURL_VERSION_ASYNCHDNS
LogInit:      CURL_VERSION_LARGEFILE
LogInit:      CURL_VERSION_IDN
LogInit:  CurlRequestOptions (configurable via config and command line):
LogInit:  - bVerifyPeer = false  - Libcurl will NOT verify peer certificate
LogInit:  - bUseHttpProxy = false  - Libcurl will NOT use HTTP proxy
LogInit:  - bDontReuseConnections = false  - Libcurl will reuse connections
LogInit:  - CertBundlePath = nullptr  - Libcurl will use whatever was configured at build time.
LogInit:  - MaxHostConnections = 16  - Libcurl will limit the number of connections to a host
LogInit:  - LocalHostAddr = Default
LogInit: WinSock: version 1.1 (2.2), MaxSocks=32767, MaxUdp=65467
LogInit: WinSock: I am 1806C022 (10.18.0.49:0)
LogHMD: Failed initializing OVRPlugin 1.21.0
LogInit: Build: ++UE4+Release-4.19-CL-4033788
LogInit: Engine Version: 4.19.2-4033788+++UE4+Release-4.19
LogInit: Compatible Engine Version: 4.19.0-3944462+++UE4+Release-4.19
LogInit: Net CL: 3944462
LogDevObjectVersion: Number of dev versions registered: 18
LogDevObjectVersion:   Dev-Blueprints (B0D832E4-1F89-4F0D-ACCF-7EB736FD4AA2): 10
LogDevObjectVersion:   Dev-Build (E1C64328-A22C-4D53-A36C-8E866417BD8C): 0
LogDevObjectVersion:   Dev-Core (375EC13C-06E4-48FB-B500-84F0262A717E): 2
LogDevObjectVersion:   Dev-Editor (E4B068ED-F494-42E9-A231-DA0B2E46BB41): 23
LogDevObjectVersion:   Dev-Framework (CFFC743F-43B0-4480-9391-14DF171D2073): 33
LogDevObjectVersion:   Dev-Mobile (B02B49B5-BB20-44E9-A304-32B752E40360): 2
LogDevObjectVersion:   Dev-Networking (A4E4105C-59A1-49B5-A7C5-40C4547EDFEE): 0
LogDevObjectVersion:   Dev-Online (39C831C9-5AE6-47DC-9A44-9C173E1C8E7C): 0
LogDevObjectVersion:   Dev-Physics (78F01B33-EBEA-4F98-B9B4-84EACCB95AA2): 0
LogDevObjectVersion:   Dev-Platform (6631380F-2D4D-43E0-8009-CF276956A95A): 0
LogDevObjectVersion:   Dev-Rendering (12F88B9F-8875-4AFC-A67C-D90C383ABD29): 25
LogDevObjectVersion:   Dev-Sequencer (7B5AE74C-D270-4C10-A958-57980B212A5A): 6
LogDevObjectVersion:   Dev-VR (D7296918-1DD6-4BDD-9DE2-64A83CC13884): 1
LogDevObjectVersion:   Dev-LoadTimes (C2A15278-BFE7-4AFE-6C17-90FF531DF755): 1
LogDevObjectVersion:   Private-Geometry (6EACA3D4-40EC-4CC1-B786-8BED09428FC5): 2
LogDevObjectVersion:   Dev-AnimPhys (29E575DD-E0A3-4627-9D10-D276232CDCEA): 16
LogDevObjectVersion:   Dev-ReflectionCapture (6B266CEC-1EC7-4B8F-A30B-E4D90942FC07): 1
LogDevObjectVersion:   Dev-Automation (0DF73D61-A23F-47EA-B727-89E90C41499A): 1
LogInit: Compiled (64-bit): Apr 27 2018 02:06:57
LogInit: Compiled with Visual C++: 19.00.24215.01
LogInit: Build Configuration: Development
LogInit: Branch Name: ++UE4+Release-4.19
LogInit: Command Line:  
LogInit: Base Directory: D:/Epic Games/UE_4.19/Engine/Binaries/Win64/
LogInit: Installed Engine Build: 1
LogStreaming: Display: Took  0.001s to delete old logs.
LogInit: Presizing for max 8388607 objects, including 0 objects not considered by GC, pre-allocating 0 bytes for permanent pool.
LogInit: Object subsystem initialized
[2018.08.22-04.11.02:850][  0]LogInit: Selected Device Profile: [Windows]
[2018.08.22-04.11.02:850][  0]LogInit: Applying CVar settings loaded from the selected device profile: [Windows]
[2018.08.22-04.11.02:857][  0]LogInit: Computer: 1806C022
[2018.08.22-04.11.02:857][  0]LogInit: User: stevenzha7447
[2018.08.22-04.11.02:857][  0]LogInit: CPU Page size=4096, Cores=4
[2018.08.22-04.11.02:857][  0]LogInit: High frequency timer resolution =3.515626 MHz
[2018.08.22-04.11.02:857][  0]LogMemory: Memory total: Physical=32.0GB (32GB approx)
[2018.08.22-04.11.02:857][  0]LogMemory: Platform Memory Stats for Windows
[2018.08.22-04.11.02:857][  0]LogMemory: Process Physical Memory: 280.19 MB used, 280.19 MB peak
[2018.08.22-04.11.02:857][  0]LogMemory: Process Virtual Memory: 277.02 MB used, 277.02 MB peak
[2018.08.22-04.11.02:857][  0]LogMemory: Physical Memory: 12499.73 MB used,  20228.03 MB free, 32727.76 MB total
[2018.08.22-04.11.02:857][  0]LogMemory: Virtual Memory: 754.25 MB used,  20228.03 MB free, 134217728.00 MB total
[2018.08.22-04.11.02:879][  0]LogInit: Using OS detected language (en-US).
[2018.08.22-04.11.02:879][  0]LogInit: Using OS detected locale (en-US).
[2018.08.22-04.11.02:928][  0]LogTextLocalizationManager: No specific localization for 'en-US' exists, so the 'en' localization will be used.
[2018.08.22-04.11.03:285][  0]LogStreaming: Display: Took  0.406s to EndInitTextLocalization.
[2018.08.22-04.11.03:285][  0]LogInit: Setting process to per monitor DPI aware
[2018.08.22-04.11.03:313][  0]LogSlate: New Slate User Created.  User Index 0, Is Virtual User: 0
[2018.08.22-04.11.03:313][  0]LogSlate: Slate User Registered.  User Index 0, Is Virtual User: 0
[2018.08.22-04.11.03:595][  0]LogD3D11RHI: D3D11 adapters:
[2018.08.22-04.11.03:641][  0]LogD3D11RHI:    0. 'NVIDIA GeForce GTX 1080' (Feature Level 11_0)
[2018.08.22-04.11.03:641][  0]LogD3D11RHI:       8086/0/16363 MB DedicatedVideo/DedicatedSystem/SharedSystem, Outputs:2, VendorId:0x10de
[2018.08.22-04.11.03:643][  0]LogD3D11RHI:    1. 'Microsoft Basic Render Driver' (Feature Level 11_0)
[2018.08.22-04.11.03:643][  0]LogD3D11RHI:       0/0/16363 MB DedicatedVideo/DedicatedSystem/SharedSystem, Outputs:0, VendorId:0x1414
[2018.08.22-04.11.03:643][  0]LogD3D11RHI: Chosen D3D11 Adapter: 0
[2018.08.22-04.11.03:652][  0]LogD3D11RHI: Creating new Direct3DDevice
[2018.08.22-04.11.03:652][  0]LogD3D11RHI:     GPU DeviceId: 0x1b80 (for the marketing name, search the web for "GPU Device Id")
[2018.08.22-04.11.03:652][  0]LogWindows: EnumDisplayDevices:
[2018.08.22-04.11.03:652][  0]LogWindows:    0. 'NVIDIA GeForce GTX 1080' (P:1 D:1)
[2018.08.22-04.11.03:652][  0]LogWindows:    1. 'NVIDIA GeForce GTX 1080' (P:0 D:1)
[2018.08.22-04.11.03:652][  0]LogWindows:    2. 'NVIDIA GeForce GTX 1080' (P:0 D:0)
[2018.08.22-04.11.03:652][  0]LogWindows:    3. 'NVIDIA GeForce GTX 1080' (P:0 D:0)
[2018.08.22-04.11.03:652][  0]LogWindows:    4. 'Mirage Driver' (P:0 D:0)
[2018.08.22-04.11.03:652][  0]LogWindows: DebugString: GetVideoDriverDetailsInvalid PrimaryIsNotTheChoosenAdapter GetVideoDriverDetailsInvalid PrimaryIsNotTheChoosenAdapter GetVideoDriverDetailsInvalid PrimaryIsNotTheChoosenAdapter GetVideoDriverDetailsInvalid PrimaryIsNotTheChoosenAdapter GetVideoDriverDetailsInvalid PrimaryIsNotTheChoosenAdapter FoundDriverCount:0 
[2018.08.22-04.11.03:652][  0]LogD3D11RHI:     Adapter Name: NVIDIA GeForce GTX 1080
[2018.08.22-04.11.03:652][  0]LogD3D11RHI:   Driver Version: Unknown (internal:Unknown, unified:Unknown)
[2018.08.22-04.11.03:652][  0]LogD3D11RHI:      Driver Date: Unknown
[2018.08.22-04.11.03:652][  0]LogRHI: Texture pool is 5660 MB (70% of 8086 MB)
[2018.08.22-04.11.03:678][  0]LogD3D11RHI: [Aftermath] Aftermath enabled but failed to initialize
[2018.08.22-04.11.03:678][  0]LogD3D11RHI: [Aftermath] Aftermath enabled and primed
[2018.08.22-04.11.03:678][  0]LogD3D11RHI: Async texture creation enabled
[2018.08.22-04.11.03:688][  0]LogD3D11RHI: GPU Timing Frequency: 1000.000000 (Debug: 2 1)
[2018.08.22-04.11.03:772][  0]LogShaderCompilers: Guid format shader working directory is -23 characters bigger than the processId version (../../../../../Users/steven.zha7447/Desktop/AlBirbExperience/ALBIRB_EXPERIENCE/Intermediate/Shaders/WorkingDirectory/1012/).
[2018.08.22-04.11.03:772][  0]LogShaderCompilers: Cleaned the shader compiler working directory 'D:/Users/steven.zha7447/AppData/Local/Temp/UnrealShaderWorkingDir/DEEEB7BF4E6019864CE12182026D70F0/'.
[2018.08.22-04.11.03:972][  0]LogTemp: Display: Loaded TP AllDesktopTargetPlatform
[2018.08.22-04.11.03:991][  0]LogTemp: Display: Loaded TP MacClientTargetPlatform
[2018.08.22-04.11.04:014][  0]LogTemp: Display: Loaded TP MacNoEditorTargetPlatform
[2018.08.22-04.11.04:035][  0]LogTemp: Display: Loaded TP MacServerTargetPlatform
[2018.08.22-04.11.04:053][  0]LogTemp: Display: Loaded TP MacTargetPlatform
[2018.08.22-04.11.04:064][  0]LogTemp: Display: Loaded TP WindowsClientTargetPlatform
[2018.08.22-04.11.04:074][  0]LogTemp: Display: Loaded TP WindowsNoEditorTargetPlatform
[2018.08.22-04.11.04:085][  0]LogTemp: Display: Loaded TP WindowsServerTargetPlatform
[2018.08.22-04.11.04:090][  0]LogTemp: Display: Loaded TP WindowsTargetPlatform
[2018.08.22-04.11.04:109][  0]LogTemp: Display: Loaded TP Android_ASTCTargetPlatform
[2018.08.22-04.11.04:140][  0]LogTemp: Display: Loaded TP Android_ATCTargetPlatform
[2018.08.22-04.11.04:162][  0]LogTemp: Display: Loaded TP Android_DXTTargetPlatform
[2018.08.22-04.11.04:182][  0]LogTemp: Display: Loaded TP Android_ETC1aTargetPlatform
[2018.08.22-04.11.04:211][  0]LogTemp: Display: Loaded TP Android_ETC1TargetPlatform
[2018.08.22-04.11.04:231][  0]LogTemp: Display: Loaded TP Android_ETC2TargetPlatform
[2018.08.22-04.11.04:270][  0]LogTemp: Display: Loaded TP Android_MultiTargetPlatform
[2018.08.22-04.11.04:270][  0]LogTemp: Display: Loaded TP Android_PVRTCTargetPlatform
[2018.08.22-04.11.04:298][  0]LogTemp: Display: Loaded TP AndroidTargetPlatform
[2018.08.22-04.11.04:310][  0]LogTemp: Display: Loaded TP HTML5TargetPlatform
[2018.08.22-04.11.04:363][  0]LogTemp: Display: Loaded TP IOSTargetPlatform
[2018.08.22-04.11.04:373][  0]LogTemp: Display: Loaded TP TVOSTargetPlatform
[2018.08.22-04.11.04:386][  0]LogTemp: Display: Loaded TP LinuxClientTargetPlatform
[2018.08.22-04.11.04:398][  0]LogTemp: Display: Loaded TP LinuxNoEditorTargetPlatform
[2018.08.22-04.11.04:421][  0]LogTemp: Display: Loaded TP LinuxServerTargetPlatform
[2018.08.22-04.11.04:433][  0]LogTemp: Display: Loaded TP LinuxTargetPlatform
[2018.08.22-04.11.04:433][  0]LogTargetPlatformManager: Display: Building Assets For Windows
[2018.08.22-04.11.04:509][  0]LogXGEController: Cleaning working directory: D:/Users/steven.zha7447/AppData/Local/Temp/UnrealXGEWorkingDir/
[2018.08.22-04.11.04:509][  0]LogXGEController: Cannot use XGE Controller as Incredibuild is not installed on this machine.
[2018.08.22-04.11.04:509][  0]LogShaderCompilers: Cannot use XGE Shader Compiler as Incredibuild is not installed on this machine.
[2018.08.22-04.11.04:509][  0]LogShaderCompilers: Display: Using Local Shader Compiler.
[2018.08.22-04.11.05:042][  0]LogDerivedDataCache: Display: Max Cache Size: 512 MB
[2018.08.22-04.11.05:094][  0]LogDerivedDataCache: Loaded boot cache 0.05s 74MB D:/Users/steven.zha7447/AppData/Local/UnrealEngine/4.19/DerivedDataCache/Boot.ddc.
[2018.08.22-04.11.05:094][  0]LogDerivedDataCache: Display: Loaded Boot cache: D:/Users/steven.zha7447/AppData/Local/UnrealEngine/4.19/DerivedDataCache/Boot.ddc
[2018.08.22-04.11.05:094][  0]LogDerivedDataCache: FDerivedDataBackendGraph:  Pak pak cache file ../../../../../Users/steven.zha7447/Desktop/AlBirbExperience/ALBIRB_EXPERIENCE/DerivedDataCache/DDC.ddp not found, will not use a pak cache.
[2018.08.22-04.11.05:094][  0]LogDerivedDataCache: Unable to find inner node Pak for hierarchical cache Hierarchy.
[2018.08.22-04.11.05:094][  0]LogDerivedDataCache: FDerivedDataBackendGraph:  CompressedPak pak cache file ../../../../../Users/steven.zha7447/Desktop/AlBirbExperience/ALBIRB_EXPERIENCE/DerivedDataCache/Compressed.ddp not found, will not use a pak cache.
[2018.08.22-04.11.05:094][  0]LogDerivedDataCache: Unable to find inner node CompressedPak for hierarchical cache Hierarchy.
[2018.08.22-04.11.05:107][  0]LogDerivedDataCache: Display: Pak cache opened for reading ../../../Engine/DerivedDataCache/Compressed.ddp.
[2018.08.22-04.11.05:120][  0]LogDerivedDataCache: Using Local data cache path D:/Users/steven.zha7447/AppData/Local/UnrealEngine/Common/DerivedDataCache: Writable
[2018.08.22-04.11.05:120][  0]LogDerivedDataCache: Shared data cache path not found in *engine.ini, will not use an Shared cache.
[2018.08.22-04.11.05:120][  0]LogDerivedDataCache: Unable to find inner node Shared for hierarchical cache Hierarchy.
[2018.08.22-04.11.05:128][  0]LogMaterial: Verifying Global Shaders for PCD3D_SM5
[2018.08.22-04.11.05:128][  0]LogSlate: Using Freetype 2.6.0
[2018.08.22-04.11.05:129][  0]LogSlate: SlateFontCache - WITH_FREETYPE: 1, WITH_HARFBUZZ: 1
[2018.08.22-04.11.05:129][  0]LogSlate: SlateFontCache - WITH_FREETYPE: 1, WITH_HARFBUZZ: 1
[2018.08.22-04.11.05:239][  0]LogAssetRegistry: FAssetRegistry took 0.0253 seconds to start up
[2018.08.22-04.11.05:479][  0]LogInit: Selected Device Profile: [Windows]
[2018.08.22-04.11.05:608][  0]LogSimplygon: Simplygon DLL not present - disabling.
[2018.08.22-04.11.05:610][  0]LogMeshReduction: Using SimplygonSwarm for distributed automatic mesh merging
[2018.08.22-04.11.05:610][  0]LogMeshReduction: Using QuadricMeshReduction for automatic static mesh reduction
[2018.08.22-04.11.05:610][  0]LogMeshReduction: No automatic skeletal mesh reduction module available
[2018.08.22-04.11.05:610][  0]LogMeshReduction: No automatic mesh merging module available
[2018.08.22-04.11.05:610][  0]LogMeshMerging: No automatic mesh merging module available
[2018.08.22-04.11.05:649][  0]LogNetVersion: ALBIRB_EXPERIENCE , NetCL: 3944462, EngineNetVer: 2, GameNetVer: 0 (Checksum: 1179153627)
[2018.08.22-04.11.06:017][  0]LogPackageLocalizationCache: Processed 9 localized package path(s) for 2 prioritized culture(s) in 0.055638 seconds
[2018.08.22-04.11.06:021][  0]LogUObjectArray: 36728 objects as part of root set at end of initial load.
[2018.08.22-04.11.06:021][  0]LogUObjectAllocator: 7314312 out of 0 bytes used by permanent object pool.
[2018.08.22-04.11.06:021][  0]LogUObjectArray: CloseDisregardForGC: 0/0 objects in disregard for GC pool
[2018.08.22-04.11.08:248][  0]LogTcpMessaging: Initializing TcpMessaging bridge
[2018.08.22-04.11.08:272][  0]LogUdpMessaging: Initializing bridge on interface 0.0.0.0:0 to multicast group 230.0.0.1:6666.
[2018.08.22-04.11.08:617][  0]SourceControl: Source control is disabled
[2018.08.22-04.11.08:617][  0]SourceControl: Source control is disabled
[2018.08.22-04.11.08:630][  0]SourceControl: Source control is disabled
[2018.08.22-04.11.08:642][  0]SourceControl: Source control is disabled
[2018.08.22-04.11.09:127][  0]LogAndroidPermission: UAndroidPermissionCallbackProxy::GetInstance
[2018.08.22-04.11.09:229][  0]LogOcInput: OculusInput pre-init called
[2018.08.22-04.11.09:318][  0]LogEngine: Initializing Engine...
[2018.08.22-04.11.09:319][  0]LogHMD: Failed to initialize OpenVR with code 110
[2018.08.22-04.11.09:320][  0]LogStats: UGameplayTagsManager::ConstructGameplayTagTree: Construct from data asset -  0.000 s
[2018.08.22-04.11.09:320][  0]LogStats: UGameplayTagsManager::ConstructGameplayTagTree: GameplayTagTreeChangedEvent.Broadcast -  0.000 s
[2018.08.22-04.11.09:525][  0]LogAIModule: Creating AISystem for world Untitled
[2018.08.22-04.11.09:531][  0]LogInit: XAudio2 using 'Headphones (High Definition Audio Device)' : 2 channels at 48 kHz using 16 bits per sample (channel mask 0x3)
[2018.08.22-04.11.09:547][  0]LogInit: FAudioDevice initialized.
[2018.08.22-04.11.09:688][  0]LogDerivedDataCache: Saved boot cache 0.14s 74MB D:/Users/steven.zha7447/AppData/Local/UnrealEngine/4.19/DerivedDataCache/Boot.ddc.
[2018.08.22-04.11.09:694][  0]LogInit: Texture streaming: Enabled
[2018.08.22-04.11.09:740][  0]LogEngineSessionManager: EngineSessionManager initialized
[2018.08.22-04.11.09:751][  0]LogInit: Transaction tracking system initialized
[2018.08.22-04.11.09:858][  0]BlueprintLog: New page: Editor Load
[2018.08.22-04.11.10:154][  0]LocalizationService: Localization service is disabled
[2018.08.22-04.11.10:537][  0]LogConsoleResponse: Display: 
[2018.08.22-04.11.10:955][  0]LogCook: Display: Max memory allowance for cook 16384mb min free memory 0mb
[2018.08.22-04.11.10:963][  0]LogFileCache: Scanning file cache for directory 'D:/Users/steven.zha7447/Desktop/AlBirbExperience/ALBIRB_EXPERIENCE/Content/' took 0.01s
[2018.08.22-04.11.10:964][  0]LogCook: Display: Mobile HDR setting 1
[2018.08.22-04.11.10:964][  0]LogGameplayTags: Display: UGameplayTagsManager::DoneAddingNativeTags. DelegateIsBound: 0
[2018.08.22-04.11.10:964][  0]LogStats: UGameplayTagsManager::ConstructGameplayTagTree: Construct from data asset -  0.000 s
[2018.08.22-04.11.10:964][  0]LogStats: UGameplayTagsManager::ConstructGameplayTagTree: GameplayTagTreeChangedEvent.Broadcast -  0.000 s
[2018.08.22-04.11.11:618][  0]SourceControl: Source control is disabled
[2018.08.22-04.11.11:618][  0]Cmd: MAP LOAD FILE="../../../../../Users/steven.zha7447/Desktop/AlBirbExperience/ALBIRB_EXPERIENCE/Content/Maps/FlyingExampleMap.umap" TEMPLATE=0 SHOWPROGRESS=1 FEATURELEVEL=3
[2018.08.22-04.11.11:618][  0]LightingResults: New page: Lighting Build
[2018.08.22-04.11.11:629][  0]MapCheck: New page: Map Check
[2018.08.22-04.11.11:629][  0]LightingResults: New page: Lighting Build
[2018.08.22-04.11.11:726][  0]LogUObjectGlobals: Created PersistentFrame Addr=0x000001d6d70eb448, Size=4, Default__BP_GameOverWidget_C Function /Game/Menu/BP_GameOverWidget.BP_GameOverWidget_C:ExecuteUbergraph_BP_GameOverWidget
[2018.08.22-04.11.11:727][  0]LogUObjectGlobals: Destroyed PersistentFrame Addr=0x000001d6d70eb448, Size=4
[2018.08.22-04.11.11:727][  0]LogUObjectGlobals: Created PersistentFrame Addr=0x000001d6d70eb448, Size=4, Default__BP_GameOverWidget_C Function /Engine/Transient.REINST_BP_GameOverWidget_C_0:ExecuteUbergraph_BP_GameOverWidget
[2018.08.22-04.11.11:728][  0]LogUObjectGlobals: Created PersistentFrame Addr=0x000001d6d70eb5e0, Size=4, Default__BP_GameOverWidget_C Function /Game/Menu/BP_GameOverWidget.BP_GameOverWidget_C:ExecuteUbergraph_BP_GameOverWidget
[2018.08.22-04.11.11:733][  0]LogUObjectGlobals: Created PersistentFrame Addr=0x000001d6d70eb6a8, Size=4, Default__BP_HowToPlay_C Function /Game/Menu/BP_HowToPlay.BP_HowToPlay_C:ExecuteUbergraph_BP_HowToPlay
[2018.08.22-04.11.11:734][  0]LogUObjectGlobals: Destroyed PersistentFrame Addr=0x000001d6d70eb6a8, Size=4
[2018.08.22-04.11.11:734][  0]LogUObjectGlobals: Created PersistentFrame Addr=0x000001d6d70eb6a8, Size=4, Default__BP_HowToPlay_C Function /Engine/Transient.REINST_BP_HowToPlay_C_1:ExecuteUbergraph_BP_HowToPlay
[2018.08.22-04.11.11:735][  0]LogUObjectGlobals: Created PersistentFrame Addr=0x000001d6d70eb848, Size=4, Default__BP_HowToPlay_C Function /Game/Menu/BP_HowToPlay.BP_HowToPlay_C:ExecuteUbergraph_BP_HowToPlay
[2018.08.22-04.11.11:737][  0]LogUObjectGlobals: Created PersistentFrame Addr=0x000001d6d6f11d28, Size=40, Default__BP_MenuWidget_C Function /Game/Menu/BP_MenuWidget.BP_MenuWidget_C:ExecuteUbergraph_BP_MenuWidget
[2018.08.22-04.11.11:740][  0]LogUObjectGlobals: Destroyed PersistentFrame Addr=0x000001d6d6f11d28, Size=40
[2018.08.22-04.11.11:740][  0]LogUObjectGlobals: Created PersistentFrame Addr=0x000001d6d6f11d28, Size=40, Default__BP_MenuWidget_C Function /Engine/Transient.REINST_BP_MenuWidget_C_2:ExecuteUbergraph_BP_MenuWidget
[2018.08.22-04.11.11:742][  0]LogUObjectGlobals: Created PersistentFrame Addr=0x000001d6d6f12318, Size=40, Default__BP_MenuWidget_C Function /Game/Menu/BP_MenuWidget.BP_MenuWidget_C:ExecuteUbergraph_BP_MenuWidget
[2018.08.22-04.11.11:746][  0]LogUObjectGlobals: Created PersistentFrame Addr=0x000001d6b9537e80, Size=16, Default__BP_PauseWidget_C Function /Game/Menu/BP_PauseWidget.BP_PauseWidget_C:ExecuteUbergraph_BP_PauseWidget
[2018.08.22-04.11.11:748][  0]LogUObjectGlobals: Destroyed PersistentFrame Addr=0x000001d6b9537e80, Size=16
[2018.08.22-04.11.11:748][  0]LogUObjectGlobals: Created PersistentFrame Addr=0x000001d6b9537e80, Size=16, Default__BP_PauseWidget_C Function /Engine/Transient.REINST_BP_PauseWidget_C_3:ExecuteUbergraph_BP_PauseWidget
[2018.08.22-04.11.11:749][  0]LogUObjectGlobals: Created PersistentFrame Addr=0x000001d6b9537f70, Size=16, Default__BP_PauseWidget_C Function /Game/Menu/BP_PauseWidget.BP_PauseWidget_C:ExecuteUbergraph_BP_PauseWidget
[2018.08.22-04.11.11:753][  0]LogUObjectGlobals: Created PersistentFrame Addr=0x000001d6d717dc00, Size=352, Default__MyALBIRB_EXPERIENCEPawn_C Function /Game/MyALBIRB_EXPERIENCEPawn.MyALBIRB_EXPERIENCEPawn_C:ExecuteUbergraph_MyALBIRB_EXPERIENCEPawn
[2018.08.22-04.11.11:758][  0]LogUObjectGlobals: Destroyed PersistentFrame Addr=0x000001d6d717dc00, Size=352
[2018.08.22-04.11.11:758][  0]LogUObjectGlobals: Created PersistentFrame Addr=0x000001d6b94c8400, Size=352, Default__MyALBIRB_EXPERIENCEPawn_C Function /Engine/Transient.REINST_MyALBIRB_EXPERIENCEPawn_C_11:ExecuteUbergraph_MyALBIRB_EXPERIENCEPawn
[2018.08.22-04.11.11:762][  0]LogUObjectGlobals: Created PersistentFrame Addr=0x000001d6b9485000, Size=352, Default__MyALBIRB_EXPERIENCEPawn_C Function /Game/MyALBIRB_EXPERIENCEPawn.MyALBIRB_EXPERIENCEPawn_C:ExecuteUbergraph_MyALBIRB_EXPERIENCEPawn
[2018.08.22-04.11.11:766][  0]LogUObjectGlobals: Created PersistentFrame Addr=0x000001d6d70e91a8, Size=8, Default__BP_Gamemode_1_C Function /Game/Maps/BP_Gamemode_1.BP_Gamemode_1_C:ExecuteUbergraph_BP_Gamemode_1
[2018.08.22-04.11.11:769][  0]LogUObjectGlobals: Destroyed PersistentFrame Addr=0x000001d6d70e91a8, Size=8
[2018.08.22-04.11.11:769][  0]LogUObjectGlobals: Created PersistentFrame Addr=0x000001d6d70e91a8, Size=8, Default__BP_Gamemode_1_C Function /Engine/Transient.REINST_BP_Gamemode_1_C_13:ExecuteUbergraph_BP_Gamemode_1
[2018.08.22-04.11.11:772][  0]LogUObjectGlobals: Created PersistentFrame Addr=0x000001d6d70e8c38, Size=8, Default__BP_Gamemode_1_C Function /Game/Maps/BP_Gamemode_1.BP_Gamemode_1_C:ExecuteUbergraph_BP_Gamemode_1
[2018.08.22-04.11.11:939][  0]LogAIModule: Creating AISystem for world FlyingExampleMap
[2018.08.22-04.11.11:967][  0]LogEditorServer: Finished looking for orphan Actors (0.000 secs)
[2018.08.22-04.11.11:977][  0]LogUObjectGlobals: Destroyed PersistentFrame Addr=0x000001d6d70eb448, Size=4
[2018.08.22-04.11.11:977][  0]LogUObjectGlobals: Destroyed PersistentFrame Addr=0x000001d6d70eb6a8, Size=4
[2018.08.22-04.11.11:977][  0]LogUObjectGlobals: Destroyed PersistentFrame Addr=0x000001d6d6f11d28, Size=40
[2018.08.22-04.11.11:977][  0]LogUObjectGlobals: Destroyed PersistentFrame Addr=0x000001d6b9537e80, Size=16
[2018.08.22-04.11.11:978][  0]LogUObjectGlobals: Destroyed PersistentFrame Addr=0x000001d6b94c8400, Size=352
[2018.08.22-04.11.11:978][  0]LogUObjectGlobals: Destroyed PersistentFrame Addr=0x000001d6d70e91a8, Size=8
[2018.08.22-04.11.11:978][  0]Cmd: MAP CHECKDEP NOCLEARLOG
[2018.08.22-04.11.12:022][  0]MapCheck: Map check complete: 0 Error(s), 0 Warning(s), took 43.705ms to complete.
[2018.08.22-04.11.12:022][  0]LogFileHelpers: Loading map 'FlyingExampleMap' took 0.404
[2018.08.22-04.11.12:243][  0]LogCollectionManager: Loaded 0 collections in 0.000848 seconds
[2018.08.22-04.11.12:290][  0]LogFileCache: Scanning file cache for directory 'D:/Users/steven.zha7447/Desktop/AlBirbExperience/ALBIRB_EXPERIENCE/Saved/Collections/' took 0.01s
[2018.08.22-04.11.12:290][  0]LogFileCache: Scanning file cache for directory 'D:/Users/steven.zha7447/Desktop/AlBirbExperience/ALBIRB_EXPERIENCE/Content/Developers/stevenzha7447/Collections/' took 0.01s
[2018.08.22-04.11.12:290][  0]LogFileCache: Scanning file cache for directory 'D:/Users/steven.zha7447/Desktop/AlBirbExperience/ALBIRB_EXPERIENCE/Content/Collections/' took 0.01s
[2018.08.22-04.11.12:290][  0]LogCollectionManager: Rebuilt the GUID cache for 0 collections in 0.000000 seconds
[2018.08.22-04.11.12:298][  0]LogContentBrowser: Native class hierarchy populated in 0.0077 seconds. Added 2455 classes and 560 folders.
[2018.08.22-04.11.12:316][  0]LogContentBrowser: Native class hierarchy updated for 'WidgetCarousel' in 0.0004 seconds. Added 0 classes and 0 folders.
[2018.08.22-04.11.12:677][  0]LogContentBrowser: Native class hierarchy updated for 'AddContentDialog' in 0.0004 seconds. Added 0 classes and 0 folders.
[2018.08.22-04.11.12:690][  0]LogContentBrowser: Native class hierarchy updated for 'SceneOutliner' in 0.0004 seconds. Added 1 classes and 2 folders.
[2018.08.22-04.11.12:727][  0]LogSlate: Took 0.000293 seconds to synchronously load lazily loaded font '../../../Engine/Content/Slate/Fonts/Roboto-Regular.ttf' (155K)
[2018.08.22-04.11.12:732][  0]LogSlate: Took 0.000290 seconds to synchronously load lazily loaded font '../../../Engine/Content/Slate/Fonts/Roboto-Bold.ttf' (160K)
[2018.08.22-04.11.12:736][  0]LogSlate: Took 0.000374 seconds to synchronously load lazily loaded font '../../../Engine/Content/Editor/Slate/Fonts/FontAwesome.ttf' (139K)
[2018.08.22-04.11.12:840][  0]LogRenderer: Reallocating scene render targets to support 1304x620 Format 10 NumSamples 1 (Frame:1).
[2018.08.22-04.11.12:888][  0]LogSlate: Took 0.000286 seconds to synchronously load lazily loaded font '../../../Engine/Content/Slate/Fonts/Roboto-Light.ttf' (167K)
[2018.08.22-04.11.12:988][  0]LogContentBrowser: Native class hierarchy updated for 'HierarchicalLODOutliner' in 0.0004 seconds. Added 0 classes and 0 folders.
[2018.08.22-04.11.12:988][  0]LogLoad: (Engine Initialization) Total time: 12.65 seconds
[2018.08.22-04.11.12:988][  0]LogLoad: (Engine Initialization) Total Blueprint compile time: 0.00 seconds
[2018.08.22-04.11.12:998][  0]LogWindowsTextInputMethodSystem: Display: IME system now deactivated.
[2018.08.22-04.11.13:031][  0]LogContentStreaming: Texture pool size now 1000 MB
[2018.08.22-04.11.13:076][  1]LogFileCache: Retrieving MD5 hashes for directory 'D:/Users/steven.zha7447/Desktop/AlBirbExperience/ALBIRB_EXPERIENCE/Content/' took 0.07s
[2018.08.22-04.11.13:084][  1]LogAssetRegistry: Asset discovery search completed in 7.8670 seconds
[2018.08.22-04.11.13:091][  1]LogCollectionManager: Rebuilt the object cache for 0 collections in 0.000000 seconds (found 0 objects)
[2018.08.22-04.11.13:091][  1]LogCollectionManager: Fixed up redirectors for 0 collections in 0.000042 seconds (updated 0 objects)
[2018.08.22-04.11.14:020][ 97]LogSlate: Took 0.000279 seconds to synchronously load lazily loaded font '../../../Engine/Content/Slate/Fonts/Roboto-Light.ttf' (167K)
[2018.08.22-04.13.23:191][323]LogSlate: FSceneViewport::OnFocusLost() reason 0
[2018.08.22-04.13.24:279][323]LogSavePackage: Save=1019.63ms
[2018.08.22-04.13.24:279][323]LogSavePackage: Moving '../../../../../Users/steven.zha7447/Desktop/AlBirbExperience/ALBIRB_EXPERIENCE/Saved/FlyingExampleMap71068D5C4C7A6FFF4109EDA7D3C09CE2.tmp' to '../../../../../Users/steven.zha7447/Desktop/AlBirbExperience/ALBIRB_EXPERIENCE/Content/Maps/FlyingExampleMap.umap'
[2018.08.22-04.13.24:283][323]LogSavePackage: Display: Finished SavePackage ../../../../../Users/steven.zha7447/Desktop/AlBirbExperience/ALBIRB_EXPERIENCE/Content/Maps/FlyingExampleMap.umap
[2018.08.22-04.13.30:463][ 47]LogVSAccessor: Warning: Couldn't access Visual Studio
[2018.08.22-04.13.30:488][ 47]Candidate modules for hot reload:
[2018.08.22-04.13.30:488][ 47]  ALBIRB_EXPERIENCE
[2018.08.22-04.13.30:489][ 47]Launching UnrealBuildTool... [D:/Epic Games/UE_4.19/Engine/Binaries/DotNET/UnrealBuildTool.exe ALBIRB_EXPERIENCE -ModuleWithSuffix=ALBIRB_EXPERIENCE,9481 Win64 Development -editorrecompile -canskiplink "D:/Users/steven.zha7447/Desktop/AlBirbExperience/ALBIRB_EXPERIENCE/ALBIRB_EXPERIENCE.uproject" ]
[2018.08.22-04.13.30:491][ 47]Warning: Starting HotReload took  0.0s.
[2018.08.22-04.13.31:574][164]MapCheck: New page: Map Check
[2018.08.22-04.13.31:606][164]Cmd: MAP REBUILD ALLVISIBLE
[2018.08.22-04.13.31:606][164]LogEditorServer: Rebuildmap Clear paths rebuilt
[2018.08.22-04.13.32:004][164]LogMaterial: Missing cached shader map for material FDebugViewModeMaterialProxy WorldGridMaterial, compiling. Is special engine material.
[2018.08.22-04.13.32:102][164]LogMaterial: Missing cached shader map for material FDebugViewModeMaterialProxy CubeMaterial, compiling. 
[2018.08.22-04.13.32:107][164]LogShaderCompilers: Display: Shaders left to compile 1
[2018.08.22-04.13.32:107][164]LogMaterial: Missing cached shader map for material FDebugViewModeMaterialProxy DefaultTextMaterialOpaque, compiling. 
[2018.08.22-04.13.32:111][164]LogMaterial: Missing cached shader map for material FDebugViewModeMaterialProxy GrayMaterial, compiling. 
[2018.08.22-04.13.32:115][164]LogMaterial: Missing cached shader map for material FDebugViewModeMaterialProxy MaterialInstanceDynamic_1, compiling. 
[2018.08.22-04.13.32:121][164]LogMaterial: Missing cached shader map for material FDebugViewModeMaterialProxy MatineeCam_mat, compiling. 
[2018.08.22-04.13.33:033][164]LogShaderCompilers: Display: Shaders left to compile 5
[2018.08.22-04.13.33:033][164]LogShaderCompilers: Display: Shaders left to compile 4
[2018.08.22-04.13.33:033][164]LogShaderCompilers: Display: Shaders left to compile 3
[2018.08.22-04.13.33:033][164]LogShaderCompilers: Display: Shaders left to compile 2
[2018.08.22-04.13.33:033][164]LogShaderCompilers: Display: Shaders left to compile 1
[2018.08.22-04.13.33:033][164]TextureStreamingBuild: Display: Compiling optional shaders took 1.051 seconds.
[2018.08.22-04.13.33:063][164]LogLevel: Display: Export Material TexCoord Scales took 0.029 seconds.
[2018.08.22-04.13.33:251][164]TextureStreamingBuild: Display: Build Texture Streaming took 0.188 seconds.
[2018.08.22-04.13.33:271][164]LightingResults: New page: Lighting Build - Aug 23, 2018, 4:13:33 AM
[2018.08.22-04.13.33:408][164]LogSwarmInterface: [OpenConnection] Registering TCP channel ...
[2018.08.22-04.13.33:472][164]LogSwarmInterface: [OpenConnection] Connecting to agent ...
[2018.08.22-04.13.33:483][164]LogSwarmInterface: [TryOpenConnection] Testing the Agent
[2018.08.22-04.13.33:999][164]LogSwarmInterface: [TryOpenConnection] Opening Connection to Agent
[2018.08.22-04.13.33:999][164]LogSwarmInterface: [TryOpenConnection] Local Process ID is 1012
[2018.08.22-04.13.45:503][164]LogStaticLightingSystem: Running Lightmass w/ ImmediateImport mode ENABLED
[2018.08.22-04.13.45:503][164]LogStaticLightingSystem: Running Lightmass w/ ImmediateProcess mode ENABLED
[2018.08.22-04.13.45:503][164]LogStaticLightingSystem: Running Lightmass w/ Sorting mode ENABLED
[2018.08.22-04.13.45:503][164]LogStaticLightingSystem: Running Lightmass w/ Mapping paddings ENABLED
[2018.08.22-04.13.45:503][164]LogStaticLightingSystem: Running Lightmass w/ Mapping debug paddings DISABLED
[2018.08.22-04.13.45:632][164]Cmd: MAP CHECK DONTDISPLAYDIALOG
[2018.08.22-04.13.45:632][164]MapCheck: New page: FlyingExampleMap - Aug 23, 2018, 4:13:45 AM
[2018.08.22-04.13.45:632][164]MapCheck: Error: WorldInfo_0 Maps need lighting rebuilt 
[2018.08.22-04.13.45:698][164]MapCheck: Map check complete: 1 Error(s), 0 Warning(s), took 66.23ms to complete.
[2018.08.22-04.13.45:720][164]LogEditorBuildUtils: Build time 0:14
[2018.08.22-04.13.45:824][165]CompilerResultsLog: New page: Compilation - Aug 23, 2018, 4:13:45 AM
[2018.08.22-04.13.45:825][165]CompilerResultsLog: Using 'git status' to determine working set for adaptive non-unity build.
[2018.08.22-04.13.45:825][165]CompilerResultsLog: Creating makefile for hot reloading ALBIRB_EXPERIENCE (changes to target files)
[2018.08.22-04.13.45:825][165]CompilerResultsLog: Compiling game modules for hot reload
[2018.08.22-04.13.45:825][165]CompilerResultsLog: Target is up to date
[2018.08.22-04.13.45:825][165]CompilerResultsLog: Total build time: 6.08 seconds (NoActionsToExecute executor: 0.00 seconds)
[2018.08.22-04.13.45:825][165]LogMainFrame: MainFrame: Module compiling took 15.363 seconds
[2018.08.22-04.13.45:853][165]LogContentBrowser: Native class hierarchy populated in 0.0079 seconds. Added 2456 classes and 562 folders.
[2018.08.22-04.13.45:868][165]Display: HotReload took 15.4s.
[2018.08.22-04.13.48:788][412]LogSlate: Took 0.002540 seconds to synchronously load lazily loaded font '../../../Engine/Content/Slate/Fonts/DroidSansFallback.ttf' (3848K)
[2018.08.22-04.14.09:724][850]Job is a success!
[2018.08.22-04.14.10:293][851]LogVolumetricLightmapImport: Imported Volumetric Lightmap in 0.167s
[2018.08.22-04.14.10:293][851]LogVolumetricLightmapImport:      Indirection Texture 32x32x32 = 0.1Mb
[2018.08.22-04.14.10:293][851]LogVolumetricLightmapImport:      BrickData 1280x20x5 = 5.0Mb (trimmed 0.6Mb due to 0.010000 MinBrickError)
[2018.08.22-04.14.10:293][851]LogVolumetricLightmapImport:      Bricks at Level
[2018.08.22-04.14.10:293][851]LogVolumetricLightmapImport:          0: 0.8% covering 100.0% of volume
[2018.08.22-04.14.10:293][851]LogVolumetricLightmapImport:          1: 6.5% covering 12.1% of volume
[2018.08.22-04.14.10:293][851]LogVolumetricLightmapImport:          2: 92.7% covering 2.7% of volume
[2018.08.22-04.14.12:881][851]LogTexture: Display: Building textures: SkyOcclusion0_1 (AutoDXT, 1024X512)
[2018.08.22-04.14.12:881][851]LogTexture: Display: Building textures: HQ_Lightmap0_1 (AutoDXT, 1024X1024)
[2018.08.22-04.14.12:881][851]LogTexture: Display: Building textures: LQ_Lightmap_0_1 (DXT1, 1024X1024)
[2018.08.22-04.14.12:882][851]LogTexture: Display: Building textures: SkyOcclusion0_2 (AutoDXT, 1024X512)
[2018.08.22-04.14.12:882][851]LogTexture: Display: Building textures: HQ_Lightmap0_2 (AutoDXT, 1024X1024)
[2018.08.22-04.14.12:882][851]LogTexture: Display: Building textures: LQ_Lightmap_0_2 (DXT1, 1024X1024)
[2018.08.22-04.14.12:882][851]LogTexture: Display: Building textures: SkyOcclusion0_3 (AutoDXT, 1024X512)
[2018.08.22-04.14.12:882][851]LogTexture: Display: Building textures: HQ_Lightmap0_3 (AutoDXT, 1024X1024)
[2018.08.22-04.14.12:882][851]LogTexture: Display: Building textures: LQ_Lightmap_0_3 (DXT1, 1024X1024)
[2018.08.22-04.14.12:882][851]LogTexture: Display: Building textures: SkyOcclusion0_4 (AutoDXT, 1024X512)
[2018.08.22-04.14.12:882][851]LogTexture: Display: Building textures: HQ_Lightmap0_4 (AutoDXT, 1024X1024)
[2018.08.22-04.14.12:882][851]LogTexture: Display: Building textures: LQ_Lightmap_0_4 (DXT1, 1024X1024)
[2018.08.22-04.14.12:882][851]LogTexture: Display: Building textures: SkyOcclusion0_5 (AutoDXT, 1024X512)
[2018.08.22-04.14.12:882][851]LogTexture: Display: Building textures: HQ_Lightmap0_5 (AutoDXT, 1024X1024)
[2018.08.22-04.14.12:882][851]LogTexture: Display: Building textures: LQ_Lightmap_0_5 (DXT1, 1024X1024)
[2018.08.22-04.14.12:882][851]LogTexture: Display: Building textures: SkyOcclusion0_6 (AutoDXT, 1024X512)
[2018.08.22-04.14.12:882][851]LogTexture: Display: Building textures: HQ_Lightmap0_6 (AutoDXT, 1024X1024)
[2018.08.22-04.14.12:882][851]LogTexture: Display: Building textures: LQ_Lightmap_0_6 (DXT1, 1024X1024)
[2018.08.22-04.14.12:882][851]LogTexture: Display: Building textures: SkyOcclusion0_7 (AutoDXT, 1024X512)
[2018.08.22-04.14.12:882][851]LogTexture: Display: Building textures: HQ_Lightmap0_7 (AutoDXT, 1024X1024)
[2018.08.22-04.14.12:882][851]LogTexture: Display: Building textures: LQ_Lightmap_0_7 (DXT1, 1024X1024)
[2018.08.22-04.14.12:882][851]LogTexture: Display: Building textures: SkyOcclusion0_8 (AutoDXT, 1024X512)
[2018.08.22-04.14.12:882][851]LogTexture: Display: Building textures: HQ_Lightmap0_8 (AutoDXT, 1024X1024)
[2018.08.22-04.14.12:882][851]LogTexture: Display: Building textures: LQ_Lightmap_0_8 (DXT1, 1024X1024)
[2018.08.22-04.14.12:882][851]LogTexture: Display: Building textures: SkyOcclusion0_9 (AutoDXT, 256X128)
[2018.08.22-04.14.12:882][851]LogTexture: Display: Building textures: HQ_Lightmap0_9 (AutoDXT, 256X256)
[2018.08.22-04.14.12:882][851]LogTexture: Display: Building textures: LQ_Lightmap_0_9 (DXT1, 256X256)
[2018.08.22-04.14.12:882][851]LogTexture: Display: Building textures: SkyOcclusion0_10 (AutoDXT, 64X32)
[2018.08.22-04.14.12:882][851]LogTexture: Display: Building textures: HQ_Lightmap0_10 (AutoDXT, 64X64)
[2018.08.22-04.14.12:882][851]LogTexture: Display: Building textures: LQ_Lightmap_0_10 (DXT1, 64X64)
[2018.08.22-04.14.13:081][851]LogTexture: Display: Building textures: ShadowMapTexture2D_5 (G8, 32X32)
[2018.08.22-04.14.13:082][851]LogTexture: Display: Building textures: ShadowMapTexture2D_4 (G8, 512X64)
[2018.08.22-04.14.13:082][851]LogTexture: Display: Building textures: ShadowMapTexture2D_3 (G8, 1024X512)
[2018.08.22-04.14.13:136][851]LogTexture: Display: Building textures: ShadowMapTexture2D_2 (G8, 1024X1024)
[2018.08.22-04.14.13:136][851]LogTexture: Display: Building textures: ShadowMapTexture2D_1 (G8, 1024X1024)
[2018.08.22-04.14.13:137][851]LogTexture: Display: Building textures: ShadowMapTexture2D_0 (G8, 1024X1024)
[2018.08.22-04.14.13:166][851]Lightmass on 1806C022: 26.7 sec total, 95 ms importing, 26 ms setup, 4.00 sec photons, 22.6 sec processing, 0 ms extra exporting [165/165 mappings]. Threads: 2:38 min total, 1:38 min processing.
[2018.08.22-04.14.13:202][851]LogStaticLightingSystem: Illumination: 39.5 sec (2.35 sec encoding lightmaps, 253 ms encoding shadowmaps)
[2018.08.22-04.14.13:202][851]LogStaticLightingSystem: Lightmap texture memory:  21.5 MB (21.5 MB streaming, 0.0 MB non-streaming), 20 textures
[2018.08.22-04.14.13:202][851]LogStaticLightingSystem: Shadowmap texture memory: 4.7 MB (4.7 MB streaming, 0.0 MB non-streaming), 6 textures
[2018.08.22-04.14.13:496][851]DumpUnbuiltLightIteractions
[2018.08.22-04.14.13:496][851]Lights with unbuilt interactions: 0
[2018.08.22-04.14.13:496][851]
[2018.08.22-04.14.13:496][851]Primitives with unbuilt interactions: 0
[2018.08.22-04.14.13:619][852]Cmd: MAP CHECK NOTIFYRESULTS
[2018.08.22-04.14.13:619][852]MapCheck: New page: FlyingExampleMap - Aug 23, 2018, 4:14:13 AM
[2018.08.22-04.14.13:676][852]MapCheck: Map check complete: 0 Error(s), 0 Warning(s), took 57.431ms to complete.
[2018.08.22-04.15.24:125][681]LogSlate: Window 'Message Log' being destroyed
[2018.08.22-04.15.24:128][681]LogSlate: Window 'Message Log' being destroyed
[2018.08.22-04.15.25:051][792]LogTemp: Repeating last play command: Standalone Game
[2018.08.22-04.15.26:382][792]LogSlate: Window 'Save Content' being destroyed
[2018.08.22-04.15.26:612][792]LogSavePackage: Save=155.97ms
[2018.08.22-04.15.26:612][792]LogSavePackage: Moving '../../../../../Users/steven.zha7447/Desktop/AlBirbExperience/ALBIRB_EXPERIENCE/Saved/FlyingExampleMap0529ED8D4395DE8DA69C9F858A83204B.tmp' to '../../../../../Users/steven.zha7447/Desktop/AlBirbExperience/ALBIRB_EXPERIENCE/Content/Maps/FlyingExampleMap.umap'
[2018.08.22-04.15.26:616][792]LogSavePackage: Display: Finished SavePackage ../../../../../Users/steven.zha7447/Desktop/AlBirbExperience/ALBIRB_EXPERIENCE/Content/Maps/FlyingExampleMap.umap
[2018.08.22-04.15.26:639][792]LogFileHelpers: Saving map 'FlyingExampleMap' took 0.241
[2018.08.22-04.15.27:942][792]LogSavePackage: Save=697.86ms
[2018.08.22-04.15.27:943][792]LogSavePackage: Moving '../../../../../Users/steven.zha7447/Desktop/AlBirbExperience/ALBIRB_EXPERIENCE/Saved/FlyingExampleMap_BuiltDataA52251E944FDA55C61D33D92A535E0DA.tmp' to '../../../../../Users/steven.zha7447/Desktop/AlBirbExperience/ALBIRB_EXPERIENCE/Content/Maps/FlyingExampleMap_BuiltData.uasset'
[2018.08.22-04.15.27:946][792]LogSavePackage: Display: Finished SavePackage ../../../../../Users/steven.zha7447/Desktop/AlBirbExperience/ALBIRB_EXPERIENCE/Content/Maps/FlyingExampleMap_BuiltData.uasset
[2018.08.22-04.24.58:254][470]LogSlate: FSceneViewport::OnFocusLost() reason 0
[2018.08.22-04.25.02:205][903]LogContentBrowser: Native class hierarchy updated for 'BlueprintGraph' in 0.0007 seconds. Added 116 classes and 0 folders.
[2018.08.22-04.25.02:422][903]LogUObjectGlobals: Created PersistentFrame Addr=0x000001d6bd86e040, Size=4, Default__SKEL_PROTO_BP_AnimBlueprint_0_C Function /Engine/Transient.SKEL_PROTO_BP_AnimBlueprint_0_C:ExecuteUbergraph_PROTO_BP_AnimBlueprint_0
[2018.08.22-04.25.02:432][903]LogUObjectGlobals: Created PersistentFrame Addr=0x000001d6bd86e038, Size=4, Default__PROTO_BP_AnimBlueprint_0_C Function /Engine/Transient.PROTO_BP_AnimBlueprint_0_C:ExecuteUbergraph_PROTO_BP_AnimBlueprint_0
[2018.08.22-04.25.02:832][903]LogSlate: Took 0.000259 seconds to synchronously load lazily loaded font '../../../Engine/Content/Slate/Fonts/Roboto-BoldCondensed.ttf' (158K)
[2018.08.22-04.26.21:957][551]LogSlate: Took 0.000305 seconds to synchronously load lazily loaded font '../../../Engine/Content/Slate/Fonts/Roboto-Italic.ttf' (157K)
[2018.08.22-04.29.33:456][988]LogTemp: Repeating last play command: Standalone Game
[2018.08.22-04.30.13:912][642]BlueprintLog: New page: Compile MyALBIRB_EXPERIENCEPawn
[2018.08.22-04.30.13:931][642]LogUObjectGlobals: Destroyed PersistentFrame Addr=0x000001d6b9485000, Size=352
[2018.08.22-04.30.13:931][642]LogUObjectGlobals: Created PersistentFrame Addr=0x000001d6f4804400, Size=352, Default__MyALBIRB_EXPERIENCEPawn_C Function /Engine/Transient.REINST_MyALBIRB_EXPERIENCEPawn_C_41:ExecuteUbergraph_MyALBIRB_EXPERIENCEPawn
[2018.08.22-04.30.13:936][642]LogUObjectGlobals: Created PersistentFrame Addr=0x000001d6bec2b280, Size=360, Default__MyALBIRB_EXPERIENCEPawn_C Function /Game/MyALBIRB_EXPERIENCEPawn.MyALBIRB_EXPERIENCEPawn_C:ExecuteUbergraph_MyALBIRB_EXPERIENCEPawn
[2018.08.22-04.30.15:013][715]LogTemp: Repeating last play command: Standalone Game
[2018.08.22-04.30.17:165][715]LogSlate: Window 'Save Content' being destroyed
[2018.08.22-04.30.17:194][715]Cmd: OBJ SAVEPACKAGE PACKAGE="/Game/MyALBIRB_EXPERIENCEPawn" FILE="../../../../../Users/steven.zha7447/Desktop/AlBirbExperience/ALBIRB_EXPERIENCE/Content/MyALBIRB_EXPERIENCEPawn.uasset" SILENT=true
[2018.08.22-04.30.17:230][715]LogSavePackage: Save=32.86ms
[2018.08.22-04.30.17:230][715]LogSavePackage: Moving '../../../../../Users/steven.zha7447/Desktop/AlBirbExperience/ALBIRB_EXPERIENCE/Saved/MyALBIRB_EXPERIENCEPawnDFC26DFA478D8E71F18992BCDEA1C545.tmp' to '../../../../../Users/steven.zha7447/Desktop/AlBirbExperience/ALBIRB_EXPERIENCE/Content/MyALBIRB_EXPERIENCEPawn.uasset'
[2018.08.22-04.30.17:232][715]LogSavePackage: Display: Finished SavePackage ../../../../../Users/steven.zha7447/Desktop/AlBirbExperience/ALBIRB_EXPERIENCE/Content/MyALBIRB_EXPERIENCEPawn.uasset
[2018.08.22-04.50.17:185][394]LogAudio: Warning: Current Audio Device with ID {0.0.0.00000000}.{6c84f852-6273-482b-af0c-0e3b1eee4f76} was removed. Shutting down audio device.
[2018.08.22-04.50.17:505][394]LogInit: XAudio2 using 'Digital Audio (S/PDIF) (High Definition Audio Device)' : 2 channels at 48 kHz using 16 bits per sample (channel mask 0x3)
[2018.08.22-07.38.16:812][705]LogInit: XAudio2 using 'Headphones (High Definition Audio Device)' : 2 channels at 48 kHz using 16 bits per sample (channel mask 0x3)
[2018.08.22-07.40.13:945][683]LogSlate: Window 'MyALBIRB_EXPERIENCEPawn' being destroyed
[2018.08.22-07.42.14:420][730]LogFactory: FactoryCreateFile: SoundWave with ReimportSoundFactory (0 0 ../../../../../Users/steven.zha7447/Downloads/Ambient_Forest/Ambient_Forest.wav)
[2018.08.22-07.42.17:227][ 47]LogEditorViewport: Clicking on Actor (context menu): StaticMeshActor (Ground_2)
[2018.08.22-07.42.17:621][ 47]LogSlate: FSceneViewport::OnFocusLost() reason 2
[2018.08.22-07.42.26:303][ 40]LogAudioDerivedData: Display: Building compressed audio format OGG wave Ambient_Forest...
[2018.08.22-07.42.27:036][ 40]LogAudioDerivedData: Updated SoundWave->RawPCMDataSize during cooking SoundWave /Game/Audio/Ambient_Forest.Ambient_Forest.
[2018.08.22-07.43.55:859][726]LogFileHelpers: Editor autosave (incl. sublevels) for '/Game/Maps/FlyingExampleMap' took 0.035
[2018.08.22-07.43.55:874][726]OBJ SavePackage: Generating thumbnails for [1] asset(s) in package [/Game/Audio/Ambient_Forest] ([1] browsable assets)...
[2018.08.22-07.43.55:884][726]OBJ SavePackage:     Rendered thumbnail for [SoundWave /Game/Audio/Ambient_Forest.Ambient_Forest]
[2018.08.22-07.43.55:884][726]OBJ SavePackage: Finished generating thumbnails for package [/Game/Audio/Ambient_Forest]
[2018.08.22-07.43.55:890][726]LogSavePackage: Save=5.08ms
[2018.08.22-07.43.55:890][726]LogSavePackage: Moving '../../../../../Users/steven.zha7447/Desktop/AlBirbExperience/ALBIRB_EXPERIENCE/Saved/Ambient_Forest_Auto18AADD35D461E4356F48FD196963246FA.tmp' to '../../../../../Users/steven.zha7447/Desktop/AlBirbExperience/ALBIRB_EXPERIENCE/Saved/Autosaves/Game/Audio/Ambient_Forest_Auto1.uasset'
[2018.08.22-07.43.55:891][726]LogSavePackage: Display: Finished SavePackage ../../../../../Users/steven.zha7447/Desktop/AlBirbExperience/ALBIRB_EXPERIENCE/Saved/Autosaves/Game/Audio/Ambient_Forest_Auto1.uasset
[2018.08.22-07.43.55:892][726]OBJ SavePackage: Generating thumbnails for [0] asset(s) in package [/Game/Audio/Ambient_Forest_Cue] ([1] browsable assets)...
[2018.08.22-07.43.55:892][726]OBJ SavePackage: Finished generating thumbnails for package [/Game/Audio/Ambient_Forest_Cue]
[2018.08.22-07.43.55:895][726]LogSavePackage: Save=2.12ms
[2018.08.22-07.43.55:895][726]LogSavePackage: Moving '../../../../../Users/steven.zha7447/Desktop/AlBirbExperience/ALBIRB_EXPERIENCE/Saved/Ambient_Forest_Cue_Auto13A0221C649E533EC92A38FB67B72A176.tmp' to '../../../../../Users/steven.zha7447/Desktop/AlBirbExperience/ALBIRB_EXPERIENCE/Saved/Autosaves/Game/Audio/Ambient_Forest_Cue_Auto1.uasset'
[2018.08.22-07.43.55:895][726]LogSavePackage: Display: Finished SavePackage ../../../../../Users/steven.zha7447/Desktop/AlBirbExperience/ALBIRB_EXPERIENCE/Saved/Autosaves/Game/Audio/Ambient_Forest_Cue_Auto1.uasset
[2018.08.22-07.43.55:896][726]LogFileHelpers: Auto-saving content packages took 0.036
[2018.08.22-07.47.02:984][839]LogUObjectGlobals: Created PersistentFrame Addr=0x000001d73f3a08f8, Size=4, Default__SKEL_BP_MenuWidget_C Function /Game/Menu/BP_MenuWidget.SKEL_BP_MenuWidget_C:ExecuteUbergraph_BP_MenuWidget
[2018.08.22-07.47.29:669][990]BlueprintLog: New page: Compile BP_MenuWidget
[2018.08.22-07.47.29:674][990]LogUObjectGlobals: Destroyed PersistentFrame Addr=0x000001d73f3a08f8, Size=4
[2018.08.22-07.47.29:674][990]LogUObjectGlobals: Created PersistentFrame Addr=0x000001d73eafea88, Size=4, Default__SKEL_BP_MenuWidget_C Function /Engine/Transient.REINST_SKEL_BP_MenuWidget_C_5:ExecuteUbergraph_BP_MenuWidget
[2018.08.22-07.47.29:704][990]LogUObjectGlobals: Destroyed PersistentFrame Addr=0x000001d6d6f12318, Size=40
[2018.08.22-07.47.29:704][990]LogUObjectGlobals: Created PersistentFrame Addr=0x000001d73dd668b8, Size=40, Default__BP_MenuWidget_C Function /Engine/Transient.REINST_BP_MenuWidget_C_6:ExecuteUbergraph_BP_MenuWidget
[2018.08.22-07.47.29:706][990]LogUObjectGlobals: Created PersistentFrame Addr=0x000001d73dd665c0, Size=40, Default__BP_MenuWidget_C Function /Game/Menu/BP_MenuWidget.BP_MenuWidget_C:ExecuteUbergraph_BP_MenuWidget
[2018.08.22-07.47.29:724][990]LogUObjectGlobals: Destroyed PersistentFrame Addr=0x000001d73eafea88, Size=4
[2018.08.22-07.47.30:535][ 80]LogTemp: Repeating last play command: Standalone Game
[2018.08.22-07.47.32:465][ 80]LogSlate: Window 'Save Content' being destroyed
[2018.08.22-07.47.32:489][ 80]Cmd: OBJ SAVEPACKAGE PACKAGE="/Game/Audio/Ambient_Forest" FILE="../../../../../Users/steven.zha7447/Desktop/AlBirbExperience/ALBIRB_EXPERIENCE/Content/Audio/Ambient_Forest.uasset" SILENT=true
[2018.08.22-07.47.32:496][ 80]LogSavePackage: Save=5.16ms
[2018.08.22-07.47.32:496][ 80]LogSavePackage: Moving '../../../../../Users/steven.zha7447/Desktop/AlBirbExperience/ALBIRB_EXPERIENCE/Saved/Ambient_Forest95E6DCFE460E0DFA3D40E48A5DE9E8B5.tmp' to '../../../../../Users/steven.zha7447/Desktop/AlBirbExperience/ALBIRB_EXPERIENCE/Content/Audio/Ambient_Forest.uasset'
[2018.08.22-07.47.32:498][ 80]LogSavePackage: Display: Finished SavePackage ../../../../../Users/steven.zha7447/Desktop/AlBirbExperience/ALBIRB_EXPERIENCE/Content/Audio/Ambient_Forest.uasset
[2018.08.22-07.47.32:502][ 80]Cmd: OBJ SAVEPACKAGE PACKAGE="/Game/Audio/Ambient_Forest_Cue" FILE="../../../../../Users/steven.zha7447/Desktop/AlBirbExperience/ALBIRB_EXPERIENCE/Content/Audio/Ambient_Forest_Cue.uasset" SILENT=true
[2018.08.22-07.47.32:505][ 80]LogSavePackage: Save=1.95ms
[2018.08.22-07.47.32:505][ 80]LogSavePackage: Moving '../../../../../Users/steven.zha7447/Desktop/AlBirbExperience/ALBIRB_EXPERIENCE/Saved/Ambient_Forest_Cue870D23D44779E8802EF3FBB5902114E6.tmp' to '../../../../../Users/steven.zha7447/Desktop/AlBirbExperience/ALBIRB_EXPERIENCE/Content/Audio/Ambient_Forest_Cue.uasset'
[2018.08.22-07.47.32:506][ 80]LogSavePackage: Display: Finished SavePackage ../../../../../Users/steven.zha7447/Desktop/AlBirbExperience/ALBIRB_EXPERIENCE/Content/Audio/Ambient_Forest_Cue.uasset
[2018.08.22-07.47.32:512][ 80]Cmd: OBJ SAVEPACKAGE PACKAGE="/Game/Menu/BP_MenuWidget" FILE="../../../../../Users/steven.zha7447/Desktop/AlBirbExperience/ALBIRB_EXPERIENCE/Content/Menu/BP_MenuWidget.uasset" SILENT=true
[2018.08.22-07.47.32:533][ 80]LogSavePackage: Save=18.18ms
[2018.08.22-07.47.32:533][ 80]LogSavePackage: Moving '../../../../../Users/steven.zha7447/Desktop/AlBirbExperience/ALBIRB_EXPERIENCE/Saved/BP_MenuWidgetC1CC0D9742A1C81A49190EB65AC1ED34.tmp' to '../../../../../Users/steven.zha7447/Desktop/AlBirbExperience/ALBIRB_EXPERIENCE/Content/Menu/BP_MenuWidget.uasset'
[2018.08.22-07.47.32:535][ 80]LogSavePackage: Display: Finished SavePackage ../../../../../Users/steven.zha7447/Desktop/AlBirbExperience/ALBIRB_EXPERIENCE/Content/Menu/BP_MenuWidget.uasset
[2018.08.22-07.48.02:786][351]LogTemp: Repeating last play command: Standalone Game
[2018.08.22-07.48.03:233][400]LogTemp: Repeating last play command: Standalone Game
[2018.08.22-07.48.45:678][878]LogTemp: Repeating last play command: Standalone Game
