Log file open, 08/22/18 16:05:11
LogWindows: Failed to load 'aqProf.dll' (GetLastError=126)
LogWindows: File 'aqProf.dll' does not exist
LogWindows: Failed to load 'VtuneApi.dll' (GetLastError=126)
LogWindows: File 'VtuneApi.dll' does not exist
LogWindows: Failed to load 'VtuneApi32e.dll' (GetLastError=126)
LogWindows: File 'VtuneApi32e.dll' does not exist
LogInit: Display: Running engine for game: ALBIRB_EXPERIENCE
LogPlatformFile: Not using cached read wrapper
LogInit: Display: RandInit(2109658683) SRandInit(2109658683).
LogInit: Read version file with build ID '3944462'
LogInit: Overriding engine version to CL 4033788, compatible CL 3944462
LogInit: Registered custom module enumerator with build ID '3944462'
LogTaskGraph: Started task graph with 5 named threads and 23 total threads with 3 sets of task threads.
LogStats: Stats thread started at 0.258119
LogD3D11RHI: Aftermath initialized
LogICUInternationalization: Display: ICU TimeZone Detection - Raw Offset: +12:00, Platform Override: ''
LogPluginManager: Mounting plugin Paper2D
LogPluginManager: Mounting plugin LiveLink
LogPluginManager: Mounting plugin LightPropagationVolume
LogPluginManager: Mounting plugin CLionSourceCodeAccess
LogPluginManager: Mounting plugin CodeLiteSourceCodeAccess
LogPluginManager: Mounting plugin GitSourceControl
LogPluginManager: Mounting plugin KDevelopSourceCodeAccess
LogPluginManager: Mounting plugin NullSourceCodeAccess
LogPluginManager: Mounting plugin PerforceSourceControl
LogPluginManager: Mounting plugin SubversionSourceControl
LogPluginManager: Mounting plugin UObjectPlugin
LogPluginManager: Mounting plugin VisualStudioCodeSourceCodeAccess
LogPluginManager: Mounting plugin VisualStudioSourceCodeAccess
LogPluginManager: Mounting plugin XCodeSourceCodeAccess
LogPluginManager: Mounting plugin AssetManagerEditor
LogPluginManager: Mounting plugin CryptoKeys
LogPluginManager: Mounting plugin DataValidation
LogPluginManager: Mounting plugin FacialAnimation
LogPluginManager: Mounting plugin GameplayTagsEditor
LogPluginManager: Mounting plugin MobileLauncherProfileWizard
LogPluginManager: Mounting plugin PluginBrowser
LogPluginManager: Mounting plugin SpeedTreeImporter
LogPluginManager: Mounting plugin DatasmithContent
LogPluginManager: Mounting plugin AlembicImporter
LogPluginManager: Mounting plugin CharacterAI
LogPluginManager: Mounting plugin HTML5Networking
LogPluginManager: Mounting plugin AndroidMedia
LogPluginManager: Mounting plugin AvfMedia
LogPluginManager: Mounting plugin ImgMedia
LogPluginManager: Mounting plugin LinearTimecode
LogPluginManager: Mounting plugin MediaCompositing
LogPluginManager: Mounting plugin MediaPlayerEditor
LogPluginManager: Mounting plugin WmfMedia
LogPluginManager: Mounting plugin TcpMessaging
LogPluginManager: Mounting plugin UdpMessaging
LogPluginManager: Mounting plugin ActorSequence
LogPluginManager: Mounting plugin LevelSequenceEditor
LogPluginManager: Mounting plugin MatineeToLevelSequence
LogPluginManager: Mounting plugin NetcodeUnitTest
LogPluginManager: Mounting plugin NUTUnrealEngine4
LogPluginManager: Mounting plugin OnlineSubsystemGooglePlay
LogPluginManager: Mounting plugin OnlineSubsystemIOS
LogPluginManager: Mounting plugin OnlineSubsystem
LogPluginManager: Mounting plugin OnlineSubsystemNull
LogPluginManager: Mounting plugin OnlineSubsystemUtils
LogPluginManager: Mounting plugin AndroidDeviceProfileSelector
LogPluginManager: Mounting plugin AndroidMoviePlayer
LogPluginManager: Mounting plugin AndroidPermission
LogPluginManager: Mounting plugin AppleARKit
LogPluginManager: Mounting plugin AppleMoviePlayer
LogPluginManager: Mounting plugin ArchVisCharacter
LogPluginManager: Mounting plugin AudioCapture
LogPluginManager: Mounting plugin CableComponent
LogPluginManager: Mounting plugin CustomMeshComponent
LogPluginManager: Mounting plugin ExampleDeviceProfileSelector
LogPluginManager: Mounting plugin GoogleCloudMessaging
LogPluginManager: Mounting plugin ImmediatePhysics
LogPluginManager: Mounting plugin IOSDeviceProfileSelector
LogPluginManager: Mounting plugin LinuxDeviceProfileSelector
LogPluginManager: Mounting plugin LocationServicesBPLibrary
LogPluginManager: Mounting plugin MobilePatchingUtils
LogPluginManager: Mounting plugin OculusVR
LogPluginManager: Plugin shader directory ../../../Engine/Plugins/Runtime/Oculus/OculusVR/Shaders found
LogPluginManager: Mapping shader source directory ../../../Engine/Plugins/Runtime/Oculus/OculusVR/Shaders to virtual directory /Plugin/OculusVR
LogPluginManager: Mounting plugin PhysXVehicles
LogPluginManager: Mounting plugin ProceduralMeshComponent
LogPluginManager: Mounting plugin RuntimePhysXCooking
LogPluginManager: Mounting plugin SteamVR
LogPluginManager: Mounting plugin WindowsMoviePlayer
LogStreaming: Display: Took  0.040s to configure plugins.
LogModuleManager: Display: Found up-to-date module file ../../../../../Users/steven.zha7447/Desktop/AlBirbExperience/ALBIRB_EXPERIENCE/Binaries/Win64/UE4Editor-ALBIRB_EXPERIENCE.dll (API version 3944462).
LogModuleManager: Display: Found up-to-date module file ../../../Engine/Plugins/2D/Paper2D/Binaries/Win64/UE4Editor-Paper2D.dll (API version 3944462).
LogModuleManager: Display: Found up-to-date module file ../../../Engine/Plugins/2D/Paper2D/Binaries/Win64/UE4Editor-Paper2DEditor.dll (API version 3944462).
LogModuleManager: Display: Found up-to-date module file ../../../Engine/Plugins/2D/Paper2D/Binaries/Win64/UE4Editor-PaperSpriteSheetImporter.dll (API version 3944462).
LogModuleManager: Display: Found up-to-date module file ../../../Engine/Plugins/2D/Paper2D/Binaries/Win64/UE4Editor-PaperTiledImporter.dll (API version 3944462).
LogModuleManager: Display: Found up-to-date module file ../../../Engine/Plugins/2D/Paper2D/Binaries/Win64/UE4Editor-SmartSnapping.dll (API version 3944462).
LogModuleManager: Display: Found up-to-date module file ../../../Engine/Plugins/Animation/LiveLink/Binaries/Win64/UE4Editor-LiveLink.dll (API version 3944462).
LogModuleManager: Display: Found up-to-date module file ../../../Engine/Plugins/Animation/LiveLink/Binaries/Win64/UE4Editor-LiveLinkEditor.dll (API version 3944462).
LogModuleManager: Display: Found up-to-date module file ../../../Engine/Plugins/Blendables/LightPropagationVolume/Binaries/Win64/UE4Editor-LightPropagationVolumeRuntime.dll (API version 3944462).
LogModuleManager: Display: Found up-to-date module file ../../../Engine/Plugins/Blendables/LightPropagationVolume/Binaries/Win64/UE4Editor-LightPropagationVolumeEditor.dll (API version 3944462).
LogModuleManager: Display: Found up-to-date module file ../../../Engine/Plugins/Developer/CLionSourceCodeAccess/Binaries/Win64/UE4Editor-CLionSourceCodeAccess.dll (API version 3944462).
LogModuleManager: Display: Found up-to-date module file ../../../Engine/Plugins/Developer/GitSourceControl/Binaries/Win64/UE4Editor-GitSourceControl.dll (API version 3944462).
LogModuleManager: Display: Found up-to-date module file ../../../Engine/Plugins/Developer/PerforceSourceControl/Binaries/Win64/UE4Editor-PerforceSourceControl.dll (API version 3944462).
LogModuleManager: Display: Found up-to-date module file ../../../Engine/Plugins/Developer/SubversionSourceControl/Binaries/Win64/UE4Editor-SubversionSourceControl.dll (API version 3944462).
LogModuleManager: Display: Found up-to-date module file ../../../Engine/Plugins/Developer/UObjectPlugin/Binaries/Win64/UE4Editor-UObjectPlugin.dll (API version 3944462).
LogModuleManager: Display: Found up-to-date module file ../../../Engine/Plugins/Developer/VisualStudioCodeSourceCodeAccess/Binaries/Win64/UE4Editor-VisualStudioCodeSourceCodeAccess.dll (API version 3944462).
LogModuleManager: Display: Found up-to-date module file ../../../Engine/Plugins/Developer/VisualStudioSourceCodeAccess/Binaries/Win64/UE4Editor-VisualStudioSourceCodeAccess.dll (API version 3944462).
LogModuleManager: Display: Found up-to-date module file ../../../Engine/Plugins/Editor/AssetManagerEditor/Binaries/Win64/UE4Editor-AssetManagerEditor.dll (API version 3944462).
LogModuleManager: Display: Found up-to-date module file ../../../Engine/Plugins/Editor/CryptoKeys/Binaries/Win64/UE4Editor-CryptoKeys.dll (API version 3944462).
LogModuleManager: Display: Found up-to-date module file ../../../Engine/Plugins/Editor/CryptoKeys/Binaries/Win64/UE4Editor-CryptoKeysOpenSSL.dll (API version 3944462).
LogModuleManager: Display: Found up-to-date module file ../../../Engine/Plugins/Editor/DataValidation/Binaries/Win64/UE4Editor-DataValidation.dll (API version 3944462).
LogModuleManager: Display: Found up-to-date module file ../../../Engine/Plugins/Editor/FacialAnimation/Binaries/Win64/UE4Editor-FacialAnimation.dll (API version 3944462).
LogModuleManager: Display: Found up-to-date module file ../../../Engine/Plugins/Editor/FacialAnimation/Binaries/Win64/UE4Editor-FacialAnimationEditor.dll (API version 3944462).
LogModuleManager: Display: Found up-to-date module file ../../../Engine/Plugins/Editor/GameplayTagsEditor/Binaries/Win64/UE4Editor-GameplayTagsEditor.dll (API version 3944462).
LogModuleManager: Display: Found up-to-date module file ../../../Engine/Plugins/Editor/MobileLauncherProfileWizard/Binaries/Win64/UE4Editor-MobileLauncherProfileWizard.dll (API version 3944462).
LogModuleManager: Display: Found up-to-date module file ../../../Engine/Plugins/Editor/PluginBrowser/Binaries/Win64/UE4Editor-PluginBrowser.dll (API version 3944462).
LogModuleManager: Display: Found up-to-date module file ../../../Engine/Plugins/Editor/SpeedTreeImporter/Binaries/Win64/UE4Editor-SpeedTreeImporter.dll (API version 3944462).
LogModuleManager: Display: Found up-to-date module file ../../../Engine/Plugins/Enterprise/DatasmithContent/Binaries/Win64/UE4Editor-DatasmithContent.dll (API version 3944462).
LogModuleManager: Display: Found up-to-date module file ../../../Engine/Plugins/Experimental/AlembicImporter/Binaries/Win64/UE4Editor-AlembicImporter.dll (API version 3944462).
LogModuleManager: Display: Found up-to-date module file ../../../Engine/Plugins/Experimental/AlembicImporter/Binaries/Win64/UE4Editor-AlembicLibrary.dll (API version 3944462).
LogModuleManager: Display: Found up-to-date module file ../../../Engine/Plugins/Experimental/CharacterAI/Binaries/Win64/UE4Editor-CharacterAI.dll (API version 3944462).
LogModuleManager: Display: Found up-to-date module file ../../../Engine/Plugins/Experimental/HTML5Networking/Binaries/Win64/UE4Editor-HTML5Networking.dll (API version 3944462).
LogModuleManager: Display: Found up-to-date module file ../../../Engine/Plugins/Media/AndroidMedia/Binaries/Win64/UE4Editor-AndroidMediaEditor.dll (API version 3944462).
LogModuleManager: Display: Found up-to-date module file ../../../Engine/Plugins/Media/AndroidMedia/Binaries/Win64/UE4Editor-AndroidMediaFactory.dll (API version 3944462).
LogModuleManager: Display: Found up-to-date module file ../../../Engine/Plugins/Media/AvfMedia/Binaries/Win64/UE4Editor-AvfMediaEditor.dll (API version 3944462).
LogModuleManager: Display: Found up-to-date module file ../../../Engine/Plugins/Media/AvfMedia/Binaries/Win64/UE4Editor-AvfMediaFactory.dll (API version 3944462).
LogModuleManager: Display: Found up-to-date module file ../../../Engine/Plugins/Media/AvfMedia/Binaries/Win64/UE4Editor-AvfMediaFactory.dll (API version 3944462).
LogModuleManager: Display: Found up-to-date module file ../../../Engine/Plugins/Media/ImgMedia/Binaries/Win64/UE4Editor-ImgMedia.dll (API version 3944462).
LogModuleManager: Display: Found up-to-date module file ../../../Engine/Plugins/Media/ImgMedia/Binaries/Win64/UE4Editor-ImgMediaEditor.dll (API version 3944462).
LogModuleManager: Display: Found up-to-date module file ../../../Engine/Plugins/Media/ImgMedia/Binaries/Win64/UE4Editor-ImgMediaFactory.dll (API version 3944462).
LogModuleManager: Display: Found up-to-date module file ../../../Engine/Plugins/Media/ImgMedia/Binaries/Win64/UE4Editor-ImgMediaFactory.dll (API version 3944462).
LogModuleManager: Display: Found up-to-date module file ../../../Engine/Plugins/Media/ImgMedia/Binaries/Win64/UE4Editor-OpenExrWrapper.dll (API version 3944462).
LogModuleManager: Display: Found up-to-date module file ../../../Engine/Plugins/Media/LinearTimecode/Binaries/Win64/UE4Editor-LinearTimecode.dll (API version 3944462).
LogModuleManager: Display: Found up-to-date module file ../../../Engine/Plugins/Media/MediaCompositing/Binaries/Win64/UE4Editor-MediaCompositing.dll (API version 3944462).
LogModuleManager: Display: Found up-to-date module file ../../../Engine/Plugins/Media/MediaCompositing/Binaries/Win64/UE4Editor-MediaCompositingEditor.dll (API version 3944462).
LogModuleManager: Display: Found up-to-date module file ../../../Engine/Plugins/Media/MediaPlayerEditor/Binaries/Win64/UE4Editor-MediaPlayerEditor.dll (API version 3944462).
LogModuleManager: Display: Found up-to-date module file ../../../Engine/Plugins/Media/WmfMedia/Binaries/Win64/UE4Editor-WmfMedia.dll (API version 3944462).
LogModuleManager: Display: Found up-to-date module file ../../../Engine/Plugins/Media/WmfMedia/Binaries/Win64/UE4Editor-WmfMediaEditor.dll (API version 3944462).
LogModuleManager: Display: Found up-to-date module file ../../../Engine/Plugins/Media/WmfMedia/Binaries/Win64/UE4Editor-WmfMediaFactory.dll (API version 3944462).
LogModuleManager: Display: Found up-to-date module file ../../../Engine/Plugins/Media/WmfMedia/Binaries/Win64/UE4Editor-WmfMediaFactory.dll (API version 3944462).
LogModuleManager: Display: Found up-to-date module file ../../../Engine/Plugins/Messaging/TcpMessaging/Binaries/Win64/UE4Editor-TcpMessaging.dll (API version 3944462).
LogModuleManager: Display: Found up-to-date module file ../../../Engine/Plugins/Messaging/UdpMessaging/Binaries/Win64/UE4Editor-UdpMessaging.dll (API version 3944462).
LogModuleManager: Display: Found up-to-date module file ../../../Engine/Plugins/MovieScene/ActorSequence/Binaries/Win64/UE4Editor-ActorSequence.dll (API version 3944462).
LogModuleManager: Display: Found up-to-date module file ../../../Engine/Plugins/MovieScene/LevelSequenceEditor/Binaries/Win64/UE4Editor-LevelSequenceEditor.dll (API version 3944462).
LogModuleManager: Display: Found up-to-date module file ../../../Engine/Plugins/MovieScene/MatineeToLevelSequence/Binaries/Win64/UE4Editor-MatineeToLevelSequence.dll (API version 3944462).
LogModuleManager: Display: Found up-to-date module file ../../../Engine/Plugins/NetcodeUnitTest/NetcodeUnitTest/Binaries/Win64/UE4Editor-NetcodeUnitTest.dll (API version 3944462).
LogModuleManager: Display: Found up-to-date module file ../../../Engine/Plugins/NetcodeUnitTest/NUTUnrealEngine4/Binaries/Win64/UE4Editor-NUTUnrealEngine4.dll (API version 3944462).
LogModuleManager: Display: Found up-to-date module file ../../../Engine/Plugins/Online/OnlineSubsystem/Binaries/Win64/UE4Editor-OnlineSubsystem.dll (API version 3944462).
LogModuleManager: Display: Found up-to-date module file ../../../Engine/Plugins/Online/OnlineSubsystemNull/Binaries/Win64/UE4Editor-OnlineSubsystemNull.dll (API version 3944462).
LogModuleManager: Display: Found up-to-date module file ../../../Engine/Plugins/Online/OnlineSubsystemUtils/Binaries/Win64/UE4Editor-OnlineSubsystemUtils.dll (API version 3944462).
LogModuleManager: Display: Found up-to-date module file ../../../Engine/Plugins/Online/OnlineSubsystemUtils/Binaries/Win64/UE4Editor-OnlineBlueprintSupport.dll (API version 3944462).
LogModuleManager: Display: Found up-to-date module file ../../../Engine/Plugins/Runtime/AndroidDeviceProfileSelector/Binaries/Win64/UE4Editor-AndroidDeviceProfileSelector.dll (API version 3944462).
LogModuleManager: Display: Found up-to-date module file ../../../Engine/Plugins/Runtime/AndroidPermission/Binaries/Win64/UE4Editor-AndroidPermission.dll (API version 3944462).
LogModuleManager: Display: Found up-to-date module file ../../../Engine/Plugins/Runtime/AppleARKit/Binaries/Win64/UE4Editor-AppleARKit.dll (API version 3944462).
LogModuleManager: Display: Found up-to-date module file ../../../Engine/Plugins/Runtime/ArchVisCharacter/Binaries/Win64/UE4Editor-ArchVisCharacter.dll (API version 3944462).
LogModuleManager: Display: Found up-to-date module file ../../../Engine/Plugins/Runtime/AudioCapture/Binaries/Win64/UE4Editor-AudioCapture.dll (API version 3944462).
LogModuleManager: Display: Found up-to-date module file ../../../Engine/Plugins/Runtime/AudioCapture/Binaries/Win64/UE4Editor-AudioCaptureEditor.dll (API version 3944462).
LogModuleManager: Display: Found up-to-date module file ../../../Engine/Plugins/Runtime/CableComponent/Binaries/Win64/UE4Editor-CableComponent.dll (API version 3944462).
LogModuleManager: Display: Found up-to-date module file ../../../Engine/Plugins/Runtime/CustomMeshComponent/Binaries/Win64/UE4Editor-CustomMeshComponent.dll (API version 3944462).
LogModuleManager: Display: Found up-to-date module file ../../../Engine/Plugins/Runtime/ExampleDeviceProfileSelector/Binaries/Win64/UE4Editor-ExampleDeviceProfileSelector.dll (API version 3944462).
LogModuleManager: Display: Found up-to-date module file ../../../Engine/Plugins/Runtime/ImmediatePhysics/Binaries/Win64/UE4Editor-ImmediatePhysics.dll (API version 3944462).
LogModuleManager: Display: Found up-to-date module file ../../../Engine/Plugins/Runtime/ImmediatePhysics/Binaries/Win64/UE4Editor-ImmediatePhysicsEditor.dll (API version 3944462).
LogModuleManager: Display: Found up-to-date module file ../../../Engine/Plugins/Runtime/LocationServicesBPLibrary/Binaries/Win64/UE4Editor-LocationServicesBPLibrary.dll (API version 3944462).
LogModuleManager: Display: Found up-to-date module file ../../../Engine/Plugins/Runtime/MobilePatchingUtils/Binaries/Win64/UE4Editor-MobilePatchingUtils.dll (API version 3944462).
LogModuleManager: Display: Found up-to-date module file ../../../Engine/Plugins/Runtime/Oculus/OculusVR/Binaries/Win64/UE4Editor-OculusHMD.dll (API version 3944462).
LogModuleManager: Display: Found up-to-date module file ../../../Engine/Plugins/Runtime/Oculus/OculusVR/Binaries/Win64/UE4Editor-OculusInput.dll (API version 3944462).
LogModuleManager: Display: Found up-to-date module file ../../../Engine/Plugins/Runtime/Oculus/OculusVR/Binaries/Win64/UE4Editor-OculusEditor.dll (API version 3944462).
LogModuleManager: Display: Found up-to-date module file ../../../Engine/Plugins/Runtime/PhysXVehicles/Binaries/Win64/UE4Editor-PhysXVehicles.dll (API version 3944462).
LogModuleManager: Display: Found up-to-date module file ../../../Engine/Plugins/Runtime/PhysXVehicles/Binaries/Win64/UE4Editor-PhysXVehiclesEditor.dll (API version 3944462).
LogModuleManager: Display: Found up-to-date module file ../../../Engine/Plugins/Runtime/ProceduralMeshComponent/Binaries/Win64/UE4Editor-ProceduralMeshComponent.dll (API version 3944462).
LogModuleManager: Display: Found up-to-date module file ../../../Engine/Plugins/Runtime/ProceduralMeshComponent/Binaries/Win64/UE4Editor-ProceduralMeshComponentEditor.dll (API version 3944462).
LogModuleManager: Display: Found up-to-date module file ../../../Engine/Plugins/Runtime/RuntimePhysXCooking/Binaries/Win64/UE4Editor-RuntimePhysXCooking.dll (API version 3944462).
LogModuleManager: Display: Found up-to-date module file ../../../Engine/Plugins/Runtime/Steam/SteamVR/Binaries/Win64/UE4Editor-SteamVR.dll (API version 3944462).
LogModuleManager: Display: Found up-to-date module file ../../../Engine/Plugins/Runtime/Steam/SteamVR/Binaries/Win64/UE4Editor-SteamVRController.dll (API version 3944462).
LogModuleManager: Display: Found up-to-date module file ../../../Engine/Plugins/Runtime/WindowsMoviePlayer/Binaries/Win64/UE4Editor-WindowsMoviePlayer.dll (API version 3944462).
LogInit: Using libcurl 7.47.1
LogInit:  - built for x86_64-pc-win32
LogInit:  - supports SSL with OpenSSL/1.0.2g
LogInit:  - supports HTTP deflate (compression) using libz 1.2.8
LogInit:  - other features:
LogInit:      CURL_VERSION_SSL
LogInit:      CURL_VERSION_LIBZ
LogInit:      CURL_VERSION_IPV6
LogInit:      CURL_VERSION_ASYNCHDNS
LogInit:      CURL_VERSION_LARGEFILE
LogInit:      CURL_VERSION_IDN
LogInit:  CurlRequestOptions (configurable via config and command line):
LogInit:  - bVerifyPeer = false  - Libcurl will NOT verify peer certificate
LogInit:  - bUseHttpProxy = false  - Libcurl will NOT use HTTP proxy
LogInit:  - bDontReuseConnections = false  - Libcurl will reuse connections
LogInit:  - CertBundlePath = nullptr  - Libcurl will use whatever was configured at build time.
LogInit:  - MaxHostConnections = 16  - Libcurl will limit the number of connections to a host
LogInit:  - LocalHostAddr = Default
LogInit: WinSock: version 1.1 (2.2), MaxSocks=32767, MaxUdp=65467
LogInit: WinSock: I am 1806C022 (10.18.0.49:0)
LogHMD: Failed initializing OVRPlugin 1.21.0
LogInit: Build: ++UE4+Release-4.19-CL-4033788
LogInit: Engine Version: 4.19.2-4033788+++UE4+Release-4.19
LogInit: Compatible Engine Version: 4.19.0-3944462+++UE4+Release-4.19
LogInit: Net CL: 3944462
LogDevObjectVersion: Number of dev versions registered: 18
LogDevObjectVersion:   Dev-Blueprints (B0D832E4-1F89-4F0D-ACCF-7EB736FD4AA2): 10
LogDevObjectVersion:   Dev-Build (E1C64328-A22C-4D53-A36C-8E866417BD8C): 0
LogDevObjectVersion:   Dev-Core (375EC13C-06E4-48FB-B500-84F0262A717E): 2
LogDevObjectVersion:   Dev-Editor (E4B068ED-F494-42E9-A231-DA0B2E46BB41): 23
LogDevObjectVersion:   Dev-Framework (CFFC743F-43B0-4480-9391-14DF171D2073): 33
LogDevObjectVersion:   Dev-Mobile (B02B49B5-BB20-44E9-A304-32B752E40360): 2
LogDevObjectVersion:   Dev-Networking (A4E4105C-59A1-49B5-A7C5-40C4547EDFEE): 0
LogDevObjectVersion:   Dev-Online (39C831C9-5AE6-47DC-9A44-9C173E1C8E7C): 0
LogDevObjectVersion:   Dev-Physics (78F01B33-EBEA-4F98-B9B4-84EACCB95AA2): 0
LogDevObjectVersion:   Dev-Platform (6631380F-2D4D-43E0-8009-CF276956A95A): 0
LogDevObjectVersion:   Dev-Rendering (12F88B9F-8875-4AFC-A67C-D90C383ABD29): 25
LogDevObjectVersion:   Dev-Sequencer (7B5AE74C-D270-4C10-A958-57980B212A5A): 6
LogDevObjectVersion:   Dev-VR (D7296918-1DD6-4BDD-9DE2-64A83CC13884): 1
LogDevObjectVersion:   Dev-LoadTimes (C2A15278-BFE7-4AFE-6C17-90FF531DF755): 1
LogDevObjectVersion:   Private-Geometry (6EACA3D4-40EC-4CC1-B786-8BED09428FC5): 2
LogDevObjectVersion:   Dev-AnimPhys (29E575DD-E0A3-4627-9D10-D276232CDCEA): 16
LogDevObjectVersion:   Dev-ReflectionCapture (6B266CEC-1EC7-4B8F-A30B-E4D90942FC07): 1
LogDevObjectVersion:   Dev-Automation (0DF73D61-A23F-47EA-B727-89E90C41499A): 1
LogInit: Compiled (64-bit): Apr 27 2018 02:06:57
LogInit: Compiled with Visual C++: 19.00.24215.01
LogInit: Build Configuration: Development
LogInit: Branch Name: ++UE4+Release-4.19
LogInit: Command Line:  /Game/Maps/FlyingExampleMap -game -PIEVIACONSOLE -ResX=1280 -ResY=720  -Multiprocess -messaging -SessionName="Play in Standalone Game" -windowed 
LogInit: Base Directory: D:/Epic Games/UE_4.19/Engine/Binaries/Win64/
LogInit: Installed Engine Build: 1
LogStreaming: Display: Took  0.001s to delete old logs.
LogInit: Presizing for max 8388607 objects, including 0 objects not considered by GC, pre-allocating 0 bytes for permanent pool.
LogInit: Object subsystem initialized
[2018.08.22-04.05.13:376][  0]LogInit: Selected Device Profile: [Windows]
[2018.08.22-04.05.13:376][  0]LogInit: Applying CVar settings loaded from the selected device profile: [Windows]
[2018.08.22-04.05.13:380][  0]LogInit: Computer: 1806C022
[2018.08.22-04.05.13:380][  0]LogInit: User: stevenzha7447
[2018.08.22-04.05.13:380][  0]LogInit: CPU Page size=4096, Cores=4
[2018.08.22-04.05.13:380][  0]LogInit: High frequency timer resolution =3.515626 MHz
[2018.08.22-04.05.13:380][  0]LogMemory: Memory total: Physical=32.0GB (32GB approx)
[2018.08.22-04.05.13:380][  0]LogMemory: Platform Memory Stats for Windows
[2018.08.22-04.05.13:380][  0]LogMemory: Process Physical Memory: 279.37 MB used, 279.37 MB peak
[2018.08.22-04.05.13:380][  0]LogMemory: Process Virtual Memory: 269.01 MB used, 269.01 MB peak
[2018.08.22-04.05.13:380][  0]LogMemory: Physical Memory: 13986.47 MB used,  18741.29 MB free, 32727.76 MB total
[2018.08.22-04.05.13:380][  0]LogMemory: Virtual Memory: 746.25 MB used,  18741.29 MB free, 134217728.00 MB total
[2018.08.22-04.05.13:401][  0]LogInit: Using OS detected language (en-US).
[2018.08.22-04.05.13:401][  0]LogInit: Using OS detected locale (en-US).
[2018.08.22-04.05.13:401][  0]LogTextLocalizationManager: No localization for 'en-US' exists, so 'en' will be used for the language.
[2018.08.22-04.05.13:401][  0]LogTextLocalizationManager: No localization for 'en-US' exists, so 'en' will be used for the locale.
[2018.08.22-04.05.13:778][  0]LogStreaming: Display: Took  0.377s to EndInitTextLocalization.
[2018.08.22-04.05.13:798][  0]LogSlate: New Slate User Created.  User Index 0, Is Virtual User: 0
[2018.08.22-04.05.13:798][  0]LogSlate: Slate User Registered.  User Index 0, Is Virtual User: 0
[2018.08.22-04.05.13:803][  0]LogD3D11RHI: D3D11 adapters:
[2018.08.22-04.05.13:856][  0]LogD3D11RHI:    0. 'NVIDIA GeForce GTX 1080' (Feature Level 11_0)
[2018.08.22-04.05.13:856][  0]LogD3D11RHI:       8086/0/16363 MB DedicatedVideo/DedicatedSystem/SharedSystem, Outputs:2, VendorId:0x10de
[2018.08.22-04.05.13:859][  0]LogD3D11RHI:    1. 'Microsoft Basic Render Driver' (Feature Level 11_0)
[2018.08.22-04.05.13:859][  0]LogD3D11RHI:       0/0/16363 MB DedicatedVideo/DedicatedSystem/SharedSystem, Outputs:0, VendorId:0x1414
[2018.08.22-04.05.13:859][  0]LogD3D11RHI: Chosen D3D11 Adapter: 0
[2018.08.22-04.05.13:867][  0]LogD3D11RHI: Creating new Direct3DDevice
[2018.08.22-04.05.13:867][  0]LogD3D11RHI:     GPU DeviceId: 0x1b80 (for the marketing name, search the web for "GPU Device Id")
[2018.08.22-04.05.13:867][  0]LogWindows: EnumDisplayDevices:
[2018.08.22-04.05.13:867][  0]LogWindows:    0. 'NVIDIA GeForce GTX 1080' (P:1 D:1)
[2018.08.22-04.05.13:867][  0]LogWindows:    1. 'NVIDIA GeForce GTX 1080' (P:0 D:1)
[2018.08.22-04.05.13:868][  0]LogWindows:    2. 'NVIDIA GeForce GTX 1080' (P:0 D:0)
[2018.08.22-04.05.13:868][  0]LogWindows:    3. 'NVIDIA GeForce GTX 1080' (P:0 D:0)
[2018.08.22-04.05.13:868][  0]LogWindows:    4. 'Mirage Driver' (P:0 D:0)
[2018.08.22-04.05.13:868][  0]LogWindows: DebugString: GetVideoDriverDetailsInvalid PrimaryIsNotTheChoosenAdapter GetVideoDriverDetailsInvalid PrimaryIsNotTheChoosenAdapter GetVideoDriverDetailsInvalid PrimaryIsNotTheChoosenAdapter GetVideoDriverDetailsInvalid PrimaryIsNotTheChoosenAdapter GetVideoDriverDetailsInvalid PrimaryIsNotTheChoosenAdapter FoundDriverCount:0 
[2018.08.22-04.05.13:868][  0]LogD3D11RHI:     Adapter Name: NVIDIA GeForce GTX 1080
[2018.08.22-04.05.13:868][  0]LogD3D11RHI:   Driver Version: Unknown (internal:Unknown, unified:Unknown)
[2018.08.22-04.05.13:868][  0]LogD3D11RHI:      Driver Date: Unknown
[2018.08.22-04.05.13:868][  0]LogRHI: Texture pool is 5660 MB (70% of 8086 MB)
[2018.08.22-04.05.13:894][  0]LogD3D11RHI: [Aftermath] Aftermath enabled but failed to initialize
[2018.08.22-04.05.13:894][  0]LogD3D11RHI: [Aftermath] Aftermath enabled and primed
[2018.08.22-04.05.13:894][  0]LogD3D11RHI: Async texture creation enabled
[2018.08.22-04.05.13:904][  0]LogD3D11RHI: GPU Timing Frequency: 1000.000000 (Debug: 2 1)
[2018.08.22-04.05.13:988][  0]LogShaderCompilers: Guid format shader working directory is -24 characters bigger than the processId version (../../../../../Users/steven.zha7447/Desktop/AlBirbExperience/ALBIRB_EXPERIENCE/Intermediate/Shaders/WorkingDirectory/17844/).
[2018.08.22-04.05.13:988][  0]LogShaderCompilers: Cleaned the shader compiler working directory 'D:/Users/steven.zha7447/AppData/Local/Temp/UnrealShaderWorkingDir/6C5CB569484AEC3AA1645BBAA0B90DE6/'.
[2018.08.22-04.05.14:171][  0]LogTemp: Display: Loaded TP WindowsClientTargetPlatform
[2018.08.22-04.05.14:182][  0]LogTemp: Display: Loaded TP WindowsNoEditorTargetPlatform
[2018.08.22-04.05.14:194][  0]LogTemp: Display: Loaded TP WindowsServerTargetPlatform
[2018.08.22-04.05.14:205][  0]LogTemp: Display: Loaded TP WindowsTargetPlatform
[2018.08.22-04.05.14:205][  0]LogTargetPlatformManager: Display: Building Assets For Windows
[2018.08.22-04.05.14:287][  0]LogXGEController: Cannot use XGE Controller as Incredibuild is not installed on this machine.
[2018.08.22-04.05.14:287][  0]LogShaderCompilers: Cannot use XGE Shader Compiler as Incredibuild is not installed on this machine.
[2018.08.22-04.05.14:287][  0]LogShaderCompilers: Display: Using Local Shader Compiler.
[2018.08.22-04.05.14:817][  0]LogDerivedDataCache: Display: Max Cache Size: 512 MB
[2018.08.22-04.05.14:868][  0]LogDerivedDataCache: Loaded boot cache 0.05s 74MB D:/Users/steven.zha7447/AppData/Local/UnrealEngine/4.19/DerivedDataCache/Boot.ddc.
[2018.08.22-04.05.14:869][  0]LogDerivedDataCache: Display: Loaded Boot cache: D:/Users/steven.zha7447/AppData/Local/UnrealEngine/4.19/DerivedDataCache/Boot.ddc
[2018.08.22-04.05.14:869][  0]LogDerivedDataCache: FDerivedDataBackendGraph:  Pak pak cache file ../../../../../Users/steven.zha7447/Desktop/AlBirbExperience/ALBIRB_EXPERIENCE/DerivedDataCache/DDC.ddp not found, will not use a pak cache.
[2018.08.22-04.05.14:869][  0]LogDerivedDataCache: Unable to find inner node Pak for hierarchical cache Hierarchy.
[2018.08.22-04.05.14:869][  0]LogDerivedDataCache: FDerivedDataBackendGraph:  CompressedPak pak cache file ../../../../../Users/steven.zha7447/Desktop/AlBirbExperience/ALBIRB_EXPERIENCE/DerivedDataCache/Compressed.ddp not found, will not use a pak cache.
[2018.08.22-04.05.14:869][  0]LogDerivedDataCache: Unable to find inner node CompressedPak for hierarchical cache Hierarchy.
[2018.08.22-04.05.14:881][  0]LogDerivedDataCache: Display: Pak cache opened for reading ../../../Engine/DerivedDataCache/Compressed.ddp.
[2018.08.22-04.05.14:894][  0]LogDerivedDataCache: Using Local data cache path D:/Users/steven.zha7447/AppData/Local/UnrealEngine/Common/DerivedDataCache: Writable
[2018.08.22-04.05.14:894][  0]LogDerivedDataCache: Shared data cache path not found in *engine.ini, will not use an Shared cache.
[2018.08.22-04.05.14:894][  0]LogDerivedDataCache: Unable to find inner node Shared for hierarchical cache Hierarchy.
[2018.08.22-04.05.14:903][  0]LogMaterial: Verifying Global Shaders for PCD3D_SM5
[2018.08.22-04.05.14:903][  0]LogSlate: Using Freetype 2.6.0
[2018.08.22-04.05.14:904][  0]LogSlate: SlateFontCache - WITH_FREETYPE: 1, WITH_HARFBUZZ: 1
[2018.08.22-04.05.14:904][  0]LogSlate: SlateFontCache - WITH_FREETYPE: 1, WITH_HARFBUZZ: 1
[2018.08.22-04.05.14:988][  0]LogAssetRegistry: FAssetRegistry took 0.0035 seconds to start up
[2018.08.22-04.05.15:141][  0]LogPackageLocalizationCache: Processed 9 localized package path(s) for 1 prioritized culture(s) in 0.006531 seconds
[2018.08.22-04.05.15:220][  0]LogInit: Selected Device Profile: [Windows]
[2018.08.22-04.05.15:325][  0]LogSimplygon: Simplygon DLL not present - disabling.
[2018.08.22-04.05.15:327][  0]LogMeshReduction: Using SimplygonSwarm for distributed automatic mesh merging
[2018.08.22-04.05.15:327][  0]LogMeshReduction: Using QuadricMeshReduction for automatic static mesh reduction
[2018.08.22-04.05.15:327][  0]LogMeshReduction: No automatic skeletal mesh reduction module available
[2018.08.22-04.05.15:327][  0]LogMeshReduction: No automatic mesh merging module available
[2018.08.22-04.05.15:327][  0]LogMeshMerging: No automatic mesh merging module available
[2018.08.22-04.05.15:350][  0]LogNetVersion: ALBIRB_EXPERIENCE , NetCL: 3944462, EngineNetVer: 2, GameNetVer: 0 (Checksum: 1179153627)
[2018.08.22-04.05.15:817][  0]LogMoviePlayer: Initializing movie player
[2018.08.22-04.05.16:029][  0]LogTcpMessaging: Initializing TcpMessaging bridge
[2018.08.22-04.05.16:052][  0]LogUdpMessaging: Initializing bridge on interface 0.0.0.0:0 to multicast group 230.0.0.1:6666.
[2018.08.22-04.05.16:250][  0]SourceControl: Source control is disabled
[2018.08.22-04.05.16:250][  0]SourceControl: Source control is disabled
[2018.08.22-04.05.16:262][  0]SourceControl: Source control is disabled
[2018.08.22-04.05.16:528][  0]LogAndroidPermission: UAndroidPermissionCallbackProxy::GetInstance
[2018.08.22-04.05.16:624][  0]LogOcInput: OculusInput pre-init called
[2018.08.22-04.05.16:652][  0]LogUObjectArray: 40170 objects as part of root set at end of initial load.
[2018.08.22-04.05.16:652][  0]LogUObjectAllocator: 8385088 out of 0 bytes used by permanent object pool.
[2018.08.22-04.05.16:652][  0]LogUObjectArray: CloseDisregardForGC: 0/0 objects in disregard for GC pool
[2018.08.22-04.05.16:695][  0]LogEngine: Initializing Engine...
[2018.08.22-04.05.16:696][  0]LogHMD: Failed to initialize OpenVR with code 110
[2018.08.22-04.05.16:708][  0]LogStats: UGameplayTagsManager::ConstructGameplayTagTree: Construct from data asset -  0.000 s
[2018.08.22-04.05.16:708][  0]LogStats: UGameplayTagsManager::ConstructGameplayTagTree: GameplayTagTreeChangedEvent.Broadcast -  0.000 s
[2018.08.22-04.05.16:849][  0]LogInit: XAudio2 using 'Headphones (High Definition Audio Device)' : 2 channels at 48 kHz using 16 bits per sample (channel mask 0x3)
[2018.08.22-04.05.16:859][  0]LogInit: FAudioDevice initialized.
[2018.08.22-04.05.16:876][  0]LogInit: Texture streaming: Enabled
[2018.08.22-04.05.16:967][  0]LogInit: Display: Game Engine Initialized.
[2018.08.22-04.05.16:967][  0]LogGameplayTags: Display: UGameplayTagsManager::DoneAddingNativeTags. DelegateIsBound: 0
[2018.08.22-04.05.16:967][  0]LogStats: UGameplayTagsManager::ConstructGameplayTagTree: Construct from data asset -  0.000 s
[2018.08.22-04.05.16:967][  0]LogStats: UGameplayTagsManager::ConstructGameplayTagTree: GameplayTagTreeChangedEvent.Broadcast -  0.000 s
[2018.08.22-04.05.17:034][  0]LogInit: Display: Starting Game.
[2018.08.22-04.05.17:034][  0]LogNet: Browse: /Game/Maps/FlyingExampleMap?Name=Player
[2018.08.22-04.05.17:034][  0]LogLoad: LoadMap: /Game/Maps/FlyingExampleMap?Name=Player
[2018.08.22-04.05.17:088][  0]LogUObjectGlobals: Created PersistentFrame Addr=0x0000012a1b6ee9f8, Size=8, Default__BP_Gamemode_1_C Function /Game/Maps/BP_Gamemode_1.BP_Gamemode_1_C:ExecuteUbergraph_BP_Gamemode_1
[2018.08.22-04.05.17:092][  0]LogUObjectGlobals: Created PersistentFrame Addr=0x0000012a1b6a0a00, Size=352, Default__MyALBIRB_EXPERIENCEPawn_C Function /Game/MyALBIRB_EXPERIENCEPawn.MyALBIRB_EXPERIENCEPawn_C:ExecuteUbergraph_MyALBIRB_EXPERIENCEPawn
[2018.08.22-04.05.17:094][  0]LogUObjectGlobals: Created PersistentFrame Addr=0x0000012a2d386318, Size=40, Default__BP_MenuWidget_C Function /Game/Menu/BP_MenuWidget.BP_MenuWidget_C:ExecuteUbergraph_BP_MenuWidget
[2018.08.22-04.05.17:094][  0]LogUObjectGlobals: Created PersistentFrame Addr=0x0000012a1b6ee970, Size=4, Default__BP_GameOverWidget_C Function /Game/Menu/BP_GameOverWidget.BP_GameOverWidget_C:ExecuteUbergraph_BP_GameOverWidget
[2018.08.22-04.05.17:098][  0]LogUObjectGlobals: Created PersistentFrame Addr=0x0000012a1b6ee910, Size=4, Default__BP_HowToPlay_C Function /Game/Menu/BP_HowToPlay.BP_HowToPlay_C:ExecuteUbergraph_BP_HowToPlay
[2018.08.22-04.05.17:104][  0]LogUObjectGlobals: Created PersistentFrame Addr=0x0000012a2cc36b10, Size=16, Default__BP_PauseWidget_C Function /Game/Menu/BP_PauseWidget.BP_PauseWidget_C:ExecuteUbergraph_BP_PauseWidget
[2018.08.22-04.05.17:127][  0]LogUObjectGlobals: Destroyed PersistentFrame Addr=0x0000012a1b6ee970, Size=4
[2018.08.22-04.05.17:127][  0]LogUObjectGlobals: Created PersistentFrame Addr=0x0000012a1b6ee970, Size=4, Default__BP_GameOverWidget_C Function /Engine/Transient.REINST_BP_GameOverWidget_C_0:ExecuteUbergraph_BP_GameOverWidget
[2018.08.22-04.05.17:127][  0]LogUObjectGlobals: Destroyed PersistentFrame Addr=0x0000012a1b6ee910, Size=4
[2018.08.22-04.05.17:127][  0]LogUObjectGlobals: Created PersistentFrame Addr=0x0000012a1b6ee910, Size=4, Default__BP_HowToPlay_C Function /Engine/Transient.REINST_BP_HowToPlay_C_1:ExecuteUbergraph_BP_HowToPlay
[2018.08.22-04.05.17:127][  0]LogUObjectGlobals: Destroyed PersistentFrame Addr=0x0000012a2d386318, Size=40
[2018.08.22-04.05.17:127][  0]LogUObjectGlobals: Created PersistentFrame Addr=0x0000012a2d386318, Size=40, Default__BP_MenuWidget_C Function /Engine/Transient.REINST_BP_MenuWidget_C_2:ExecuteUbergraph_BP_MenuWidget
[2018.08.22-04.05.17:127][  0]LogUObjectGlobals: Destroyed PersistentFrame Addr=0x0000012a2cc36b10, Size=16
[2018.08.22-04.05.17:127][  0]LogUObjectGlobals: Created PersistentFrame Addr=0x0000012a2cc36b10, Size=16, Default__BP_PauseWidget_C Function /Engine/Transient.REINST_BP_PauseWidget_C_3:ExecuteUbergraph_BP_PauseWidget
[2018.08.22-04.05.17:127][  0]LogUObjectGlobals: Destroyed PersistentFrame Addr=0x0000012a1b6a0a00, Size=352
[2018.08.22-04.05.17:127][  0]LogUObjectGlobals: Created PersistentFrame Addr=0x0000012a2cf21780, Size=352, Default__MyALBIRB_EXPERIENCEPawn_C Function /Engine/Transient.REINST_MyALBIRB_EXPERIENCEPawn_C_5:ExecuteUbergraph_MyALBIRB_EXPERIENCEPawn
[2018.08.22-04.05.17:127][  0]LogUObjectGlobals: Destroyed PersistentFrame Addr=0x0000012a1b6ee9f8, Size=8
[2018.08.22-04.05.17:127][  0]LogUObjectGlobals: Created PersistentFrame Addr=0x0000012a1b6ee9f8, Size=8, Default__BP_Gamemode_1_C Function /Engine/Transient.REINST_BP_Gamemode_1_C_6:ExecuteUbergraph_BP_Gamemode_1
[2018.08.22-04.05.17:147][  0]LogUObjectGlobals: Created PersistentFrame Addr=0x0000012a22bebac0, Size=4, Default__BP_GameOverWidget_C Function /Game/Menu/BP_GameOverWidget.BP_GameOverWidget_C:ExecuteUbergraph_BP_GameOverWidget
[2018.08.22-04.05.17:147][  0]LogUObjectGlobals: Created PersistentFrame Addr=0x0000012a22beba90, Size=4, Default__BP_HowToPlay_C Function /Game/Menu/BP_HowToPlay.BP_HowToPlay_C:ExecuteUbergraph_BP_HowToPlay
[2018.08.22-04.05.17:148][  0]LogUObjectGlobals: Created PersistentFrame Addr=0x0000012a2d385b70, Size=40, Default__BP_MenuWidget_C Function /Game/Menu/BP_MenuWidget.BP_MenuWidget_C:ExecuteUbergraph_BP_MenuWidget
[2018.08.22-04.05.17:148][  0]LogUObjectGlobals: Created PersistentFrame Addr=0x0000012a22c0abb0, Size=16, Default__BP_PauseWidget_C Function /Game/Menu/BP_PauseWidget.BP_PauseWidget_C:ExecuteUbergraph_BP_PauseWidget
[2018.08.22-04.05.17:149][  0]LogUObjectGlobals: Created PersistentFrame Addr=0x0000012a22b9d180, Size=352, Default__MyALBIRB_EXPERIENCEPawn_C Function /Game/MyALBIRB_EXPERIENCEPawn.MyALBIRB_EXPERIENCEPawn_C:ExecuteUbergraph_MyALBIRB_EXPERIENCEPawn
[2018.08.22-04.05.17:150][  0]LogUObjectGlobals: Created PersistentFrame Addr=0x0000012a22beb830, Size=8, Default__BP_Gamemode_1_C Function /Game/Maps/BP_Gamemode_1.BP_Gamemode_1_C:ExecuteUbergraph_BP_Gamemode_1
[2018.08.22-04.05.17:240][  0]LogAIModule: Creating AISystem for world FlyingExampleMap
[2018.08.22-04.05.17:240][  0]LogLoad: Game class is 'BP_Gamemode_1_C'
[2018.08.22-04.05.17:248][  0]LogWorld: Bringing World /Game/Maps/FlyingExampleMap.FlyingExampleMap up for play (max tick rate 0) at 2018.08.22-16.05.17
[2018.08.22-04.05.17:248][  0]LogWorld: Bringing up level for play took: 0.006876
[2018.08.22-04.05.17:250][  0]LogLoad: Took 0.216436 seconds to LoadMap(/Game/Maps/FlyingExampleMap)
[2018.08.22-04.05.17:304][  0]LogLoad: (Engine Initialization) Total time: 6.52 seconds
[2018.08.22-04.05.17:304][  0]LogLoad: (Engine Initialization) Total Blueprint compile time: 0.00 seconds
[2018.08.22-04.05.17:333][  0]LogRenderer: Reallocating scene render targets to support 1280x720 Format 10 NumSamples 1 (Frame:1).
[2018.08.22-04.05.17:371][  0]LogWindowsTextInputMethodSystem: Display: IME system now deactivated.
[2018.08.22-04.05.17:373][  0]LogContentStreaming: Texture pool size now 1000 MB
[2018.08.22-04.05.18:815][ 88]LogSlate: FSceneViewport::OnFocusLost() reason 0
[2018.08.22-04.05.20:800][211]LogTemp: Warning: Stamina = 98.940582
[2018.08.22-04.05.20:815][212]LogTemp: Warning: Stamina = 98.930588
[2018.08.22-04.05.20:832][213]LogTemp: Warning: Stamina = 98.920593
[2018.08.22-04.05.20:847][214]LogTemp: Warning: Stamina = 98.910599
[2018.08.22-04.05.20:864][215]LogTemp: Warning: Stamina = 98.900604
[2018.08.22-04.05.20:880][216]LogTemp: Warning: Stamina = 98.890610
[2018.08.22-04.05.20:896][217]LogTemp: Warning: Stamina = 98.880615
[2018.08.22-04.05.20:912][218]LogTemp: Warning: Stamina = 98.870621
[2018.08.22-04.05.20:928][219]LogTemp: Warning: Stamina = 98.860626
[2018.08.22-04.05.20:945][220]LogTemp: Warning: Stamina = 98.850632
[2018.08.22-04.05.20:961][221]LogTemp: Warning: Stamina = 98.840637
[2018.08.22-04.05.20:977][222]LogTemp: Warning: Stamina = 98.830643
[2018.08.22-04.05.20:993][223]LogTemp: Warning: Stamina = 98.820648
[2018.08.22-04.05.21:009][224]LogTemp: Warning: Stamina = 98.810654
[2018.08.22-04.05.21:025][225]LogTemp: Warning: Stamina = 98.800659
[2018.08.22-04.05.21:041][226]LogTemp: Warning: Stamina = 98.790665
[2018.08.22-04.05.21:057][227]LogTemp: Warning: Stamina = 98.780670
[2018.08.22-04.05.21:073][228]LogTemp: Warning: Stamina = 98.770676
[2018.08.22-04.05.21:090][229]LogTemp: Warning: Stamina = 98.760681
[2018.08.22-04.05.21:106][230]LogTemp: Warning: Stamina = 98.750687
[2018.08.22-04.05.21:122][231]LogTemp: Warning: Stamina = 98.740692
[2018.08.22-04.05.21:138][232]LogTemp: Warning: Stamina = 98.730698
[2018.08.22-04.05.21:154][233]LogTemp: Warning: Stamina = 98.720703
[2018.08.22-04.05.21:170][234]LogTemp: Warning: Stamina = 98.710709
[2018.08.22-04.05.21:186][235]LogTemp: Warning: Stamina = 98.700714
[2018.08.22-04.05.21:203][236]LogTemp: Warning: Stamina = 98.685722
[2018.08.22-04.05.21:219][237]LogTemp: Warning: Stamina = 98.675728
[2018.08.22-04.05.21:234][238]LogTemp: Warning: Stamina = 98.665733
[2018.08.22-04.05.21:251][239]LogTemp: Warning: Stamina = 98.655739
[2018.08.22-04.05.21:267][240]LogTemp: Warning: Stamina = 98.645744
[2018.08.22-04.05.21:283][241]LogTemp: Warning: Stamina = 98.635750
[2018.08.22-04.05.21:299][242]LogTemp: Warning: Stamina = 98.625755
[2018.08.22-04.05.21:315][243]LogTemp: Warning: Stamina = 98.615761
[2018.08.22-04.05.21:331][244]LogTemp: Warning: Stamina = 98.605766
[2018.08.22-04.05.21:348][245]LogTemp: Warning: Stamina = 98.595772
[2018.08.22-04.05.21:364][246]LogTemp: Warning: Stamina = 98.585777
[2018.08.22-04.05.21:380][247]LogTemp: Warning: Stamina = 98.575783
[2018.08.22-04.05.21:396][248]LogTemp: Warning: Stamina = 98.565788
[2018.08.22-04.05.21:412][249]LogTemp: Warning: Stamina = 98.555794
[2018.08.22-04.05.21:428][250]LogTemp: Warning: Stamina = 98.545799
[2018.08.22-04.05.21:444][251]LogTemp: Warning: Stamina = 98.535805
[2018.08.22-04.05.21:461][252]LogTemp: Warning: Stamina = 98.525810
[2018.08.22-04.05.21:477][253]LogTemp: Warning: Stamina = 98.515816
[2018.08.22-04.05.21:493][254]LogTemp: Warning: Stamina = 98.505821
[2018.08.22-04.05.21:509][255]LogTemp: Warning: Stamina = 98.495827
[2018.08.22-04.05.21:525][256]LogTemp: Warning: Stamina = 98.485832
[2018.08.22-04.05.21:541][257]LogTemp: Warning: Stamina = 98.475838
[2018.08.22-04.05.21:557][258]LogTemp: Warning: Stamina = 98.465843
[2018.08.22-04.05.21:574][259]LogTemp: Warning: Stamina = 98.455849
[2018.08.22-04.05.21:589][260]LogTemp: Warning: Stamina = 98.445854
[2018.08.22-04.05.21:606][261]LogTemp: Warning: Stamina = 98.435860
[2018.08.22-04.05.21:622][262]LogTemp: Warning: Stamina = 98.425865
[2018.08.22-04.05.21:638][263]LogTemp: Warning: Stamina = 98.415871
[2018.08.22-04.05.21:654][264]LogTemp: Warning: Stamina = 98.405876
[2018.08.22-04.05.21:670][265]LogTemp: Warning: Stamina = 98.395882
[2018.08.22-04.05.21:686][266]LogTemp: Warning: Stamina = 98.385887
[2018.08.22-04.05.21:702][267]LogTemp: Warning: Stamina = 98.375893
[2018.08.22-04.05.21:718][268]LogTemp: Warning: Stamina = 98.365898
[2018.08.22-04.05.21:735][269]LogTemp: Warning: Stamina = 98.355904
[2018.08.22-04.05.21:751][270]LogTemp: Warning: Stamina = 98.345909
[2018.08.22-04.05.21:767][271]LogTemp: Warning: Stamina = 98.335915
[2018.08.22-04.05.21:783][272]LogTemp: Warning: Stamina = 98.325920
[2018.08.22-04.05.21:799][273]LogTemp: Warning: Stamina = 98.315926
[2018.08.22-04.05.21:815][274]LogTemp: Warning: Stamina = 98.305931
[2018.08.22-04.05.21:832][275]LogTemp: Warning: Stamina = 98.295937
[2018.08.22-04.05.21:848][276]LogTemp: Warning: Stamina = 98.285942
[2018.08.22-04.05.21:864][277]LogTemp: Warning: Stamina = 98.275948
[2018.08.22-04.05.21:880][278]LogTemp: Warning: Stamina = 98.265953
[2018.08.22-04.05.21:896][279]LogTemp: Warning: Stamina = 98.255959
[2018.08.22-04.05.21:912][280]LogTemp: Warning: Stamina = 98.245964
[2018.08.22-04.05.21:928][281]LogTemp: Warning: Stamina = 98.235970
[2018.08.22-04.05.21:944][282]LogTemp: Warning: Stamina = 98.225975
[2018.08.22-04.05.21:961][283]LogTemp: Warning: Stamina = 98.215981
[2018.08.22-04.05.21:976][284]LogTemp: Warning: Stamina = 98.205986
[2018.08.22-04.05.21:993][285]LogTemp: Warning: Stamina = 98.195992
[2018.08.22-04.05.22:009][286]LogTemp: Warning: Stamina = 98.185997
[2018.08.22-04.05.22:025][287]LogTemp: Warning: Stamina = 98.176003
[2018.08.22-04.05.22:041][288]LogTemp: Warning: Stamina = 98.166008
[2018.08.22-04.05.22:057][289]LogTemp: Warning: Stamina = 98.156013
[2018.08.22-04.05.22:073][290]LogTemp: Warning: Stamina = 98.146019
[2018.08.22-04.05.22:089][291]LogTemp: Warning: Stamina = 98.136024
[2018.08.22-04.05.22:105][292]LogTemp: Warning: Stamina = 98.126030
[2018.08.22-04.05.22:122][293]LogTemp: Warning: Stamina = 98.116035
[2018.08.22-04.05.22:138][294]LogTemp: Warning: Stamina = 98.106041
[2018.08.22-04.05.22:154][295]LogTemp: Warning: Stamina = 98.096046
[2018.08.22-04.05.22:170][296]LogTemp: Warning: Stamina = 98.086052
[2018.08.22-04.05.22:186][297]LogTemp: Warning: Stamina = 98.076057
[2018.08.22-04.05.22:202][298]LogTemp: Warning: Stamina = 98.066063
[2018.08.22-04.05.22:219][299]LogTemp: Warning: Stamina = 98.056068
[2018.08.22-04.05.22:235][300]LogTemp: Warning: Stamina = 98.046074
[2018.08.22-04.05.22:251][301]LogTemp: Warning: Stamina = 98.036079
[2018.08.22-04.05.22:267][302]LogTemp: Warning: Stamina = 98.026085
[2018.08.22-04.05.22:283][303]LogTemp: Warning: Stamina = 98.016090
[2018.08.22-04.05.22:299][304]LogTemp: Warning: Stamina = 98.006096
[2018.08.22-04.05.22:315][305]LogTemp: Warning: Stamina = 97.996101
[2018.08.22-04.05.22:331][306]LogTemp: Warning: Stamina = 97.986107
[2018.08.22-04.05.22:348][307]LogTemp: Warning: Stamina = 97.976112
[2018.08.22-04.05.22:364][308]LogTemp: Warning: Stamina = 97.966118
[2018.08.22-04.05.22:380][309]LogTemp: Warning: Stamina = 97.956123
[2018.08.22-04.05.22:396][310]LogTemp: Warning: Stamina = 97.946129
[2018.08.22-04.05.22:412][311]LogTemp: Warning: Stamina = 97.936134
[2018.08.22-04.05.22:428][312]LogTemp: Warning: Stamina = 97.926140
[2018.08.22-04.05.22:444][313]LogTemp: Warning: Stamina = 97.916145
[2018.08.22-04.05.22:461][314]LogTemp: Warning: Stamina = 97.906151
[2018.08.22-04.05.22:478][315]LogTemp: Warning: Stamina = 97.896156
[2018.08.22-04.05.22:493][316]LogTemp: Warning: Stamina = 97.886162
[2018.08.22-04.05.22:509][317]LogTemp: Warning: Stamina = 97.876167
[2018.08.22-04.05.22:525][318]LogTemp: Warning: Stamina = 97.866173
[2018.08.22-04.05.22:541][319]LogTemp: Warning: Stamina = 97.856178
[2018.08.22-04.05.22:557][320]LogTemp: Warning: Stamina = 97.846184
[2018.08.22-04.05.22:573][321]LogTemp: Warning: Stamina = 97.836189
[2018.08.22-04.05.22:589][322]LogTemp: Warning: Stamina = 97.826195
[2018.08.22-04.05.22:606][323]LogTemp: Warning: Stamina = 97.816200
[2018.08.22-04.05.22:622][324]LogTemp: Warning: Stamina = 97.806206
[2018.08.22-04.05.22:638][325]LogTemp: Warning: Stamina = 97.796211
[2018.08.22-04.05.22:654][326]LogTemp: Warning: Stamina = 97.786217
[2018.08.22-04.05.22:671][327]LogTemp: Warning: Stamina = 97.776222
[2018.08.22-04.05.22:686][328]LogTemp: Warning: Stamina = 97.766228
[2018.08.22-04.05.22:703][329]LogTemp: Warning: Stamina = 97.756233
[2018.08.22-04.05.22:719][330]LogTemp: Warning: Stamina = 97.746239
[2018.08.22-04.05.22:735][331]LogTemp: Warning: Stamina = 97.736244
[2018.08.22-04.05.22:751][332]LogTemp: Warning: Stamina = 97.726250
[2018.08.22-04.05.22:767][333]LogTemp: Warning: Stamina = 97.716255
[2018.08.22-04.05.22:783][334]LogTemp: Warning: Stamina = 97.706261
[2018.08.22-04.05.22:799][335]LogTemp: Warning: Stamina = 97.696266
[2018.08.22-04.05.22:815][336]LogTemp: Warning: Stamina = 97.686272
[2018.08.22-04.05.22:832][337]LogTemp: Warning: Stamina = 97.676277
[2018.08.22-04.05.22:848][338]LogTemp: Warning: Stamina = 97.666283
[2018.08.22-04.05.22:864][339]LogTemp: Warning: Stamina = 97.656288
[2018.08.22-04.05.22:880][340]LogTemp: Warning: Stamina = 97.646294
[2018.08.22-04.05.22:896][341]LogTemp: Warning: Stamina = 97.636299
[2018.08.22-04.05.22:912][342]LogTemp: Warning: Stamina = 97.626305
[2018.08.22-04.05.22:928][343]LogTemp: Warning: Stamina = 97.616310
[2018.08.22-04.05.22:945][344]LogTemp: Warning: Stamina = 97.606316
[2018.08.22-04.05.22:960][345]LogTemp: Warning: Stamina = 97.596321
[2018.08.22-04.05.22:977][346]LogTemp: Warning: Stamina = 97.586327
[2018.08.22-04.05.22:993][347]LogTemp: Warning: Stamina = 97.576332
[2018.08.22-04.05.23:009][348]LogTemp: Warning: Stamina = 97.566338
[2018.08.22-04.05.23:025][349]LogTemp: Warning: Stamina = 97.556343
[2018.08.22-04.05.23:041][350]LogTemp: Warning: Stamina = 97.546349
[2018.08.22-04.05.23:058][351]LogTemp: Warning: Stamina = 97.536354
[2018.08.22-04.05.23:074][352]LogTemp: Warning: Stamina = 97.526360
[2018.08.22-04.05.23:090][353]LogTemp: Warning: Stamina = 97.516365
[2018.08.22-04.05.23:106][354]LogTemp: Warning: Stamina = 97.506371
[2018.08.22-04.05.23:122][355]LogTemp: Warning: Stamina = 97.496376
[2018.08.22-04.05.23:138][356]LogTemp: Warning: Stamina = 97.486382
[2018.08.22-04.05.23:154][357]LogTemp: Warning: Stamina = 97.476387
[2018.08.22-04.05.23:170][358]LogTemp: Warning: Stamina = 97.466393
[2018.08.22-04.05.23:187][359]LogTemp: Warning: Stamina = 97.456398
[2018.08.22-04.05.23:202][360]LogTemp: Warning: Stamina = 97.446404
[2018.08.22-04.05.23:219][361]LogTemp: Warning: Stamina = 97.436409
[2018.08.22-04.05.23:235][362]LogTemp: Warning: Stamina = 97.426414
[2018.08.22-04.05.23:251][363]LogTemp: Warning: Stamina = 97.416420
[2018.08.22-04.05.23:267][364]LogTemp: Warning: Stamina = 97.406425
[2018.08.22-04.05.23:283][365]LogTemp: Warning: Stamina = 97.396431
[2018.08.22-04.05.23:300][366]LogTemp: Warning: Stamina = 97.386436
[2018.08.22-04.05.23:316][367]LogTemp: Warning: Stamina = 97.376442
[2018.08.22-04.05.23:332][368]LogTemp: Warning: Stamina = 97.366447
[2018.08.22-04.05.23:348][369]LogTemp: Warning: Stamina = 97.356453
[2018.08.22-04.05.23:364][370]LogTemp: Warning: Stamina = 97.346458
[2018.08.22-04.05.23:380][371]LogTemp: Warning: Stamina = 97.336464
[2018.08.22-04.05.23:396][372]LogTemp: Warning: Stamina = 97.326469
[2018.08.22-04.05.23:412][373]LogTemp: Warning: Stamina = 97.316475
[2018.08.22-04.05.23:428][374]LogTemp: Warning: Stamina = 97.306480
[2018.08.22-04.05.23:444][375]LogTemp: Warning: Stamina = 97.296486
[2018.08.22-04.05.23:460][376]LogTemp: Warning: Stamina = 97.286491
[2018.08.22-04.05.23:477][377]LogTemp: Warning: Stamina = 97.276497
[2018.08.22-04.05.23:493][378]LogTemp: Warning: Stamina = 97.266502
[2018.08.22-04.05.23:509][379]LogTemp: Warning: Stamina = 97.256508
[2018.08.22-04.05.23:525][380]LogTemp: Warning: Stamina = 97.246513
[2018.08.22-04.05.23:541][381]LogTemp: Warning: Stamina = 97.236519
[2018.08.22-04.05.23:557][382]LogTemp: Warning: Stamina = 97.226524
[2018.08.22-04.05.23:573][383]LogTemp: Warning: Stamina = 97.216530
[2018.08.22-04.05.23:590][384]LogTemp: Warning: Stamina = 97.206535
[2018.08.22-04.05.23:606][385]LogTemp: Warning: Stamina = 97.196541
[2018.08.22-04.05.23:622][386]LogTemp: Warning: Stamina = 97.186546
[2018.08.22-04.05.23:638][387]LogTemp: Warning: Stamina = 97.176552
[2018.08.22-04.05.23:654][388]LogTemp: Warning: Stamina = 97.166557
[2018.08.22-04.05.23:670][389]LogTemp: Warning: Stamina = 97.156563
[2018.08.22-04.05.23:687][390]LogTemp: Warning: Stamina = 97.146568
[2018.08.22-04.05.23:702][391]LogTemp: Warning: Stamina = 97.136574
[2018.08.22-04.05.23:719][392]LogTemp: Warning: Stamina = 97.126579
[2018.08.22-04.05.23:735][393]LogTemp: Warning: Stamina = 97.116585
[2018.08.22-04.05.23:751][394]LogTemp: Warning: Stamina = 97.106590
[2018.08.22-04.05.23:767][395]LogTemp: Warning: Stamina = 97.096596
[2018.08.22-04.05.23:783][396]LogTemp: Warning: Stamina = 97.086601
[2018.08.22-04.05.23:799][397]LogTemp: Warning: Stamina = 97.076607
[2018.08.22-04.05.23:817][398]LogTemp: Warning: Stamina = 97.066612
[2018.08.22-04.05.23:831][399]LogTemp: Warning: Stamina = 97.056618
[2018.08.22-04.05.23:847][400]LogTemp: Warning: Stamina = 97.046623
[2018.08.22-04.05.23:864][401]LogTemp: Warning: Stamina = 97.036629
[2018.08.22-04.05.23:880][402]LogTemp: Warning: Stamina = 97.026634
[2018.08.22-04.05.23:896][403]LogTemp: Warning: Stamina = 97.016640
[2018.08.22-04.05.23:912][404]LogTemp: Warning: Stamina = 97.006645
[2018.08.22-04.05.23:929][405]LogTemp: Warning: Stamina = 96.996651
[2018.08.22-04.05.23:945][406]LogTemp: Warning: Stamina = 96.986656
[2018.08.22-04.05.23:961][407]LogTemp: Warning: Stamina = 96.976662
[2018.08.22-04.05.23:977][408]LogTemp: Warning: Stamina = 96.966667
[2018.08.22-04.05.23:993][409]LogTemp: Warning: Stamina = 96.956673
[2018.08.22-04.05.24:009][410]LogTemp: Warning: Stamina = 96.946678
[2018.08.22-04.05.24:025][411]LogTemp: Warning: Stamina = 96.936684
[2018.08.22-04.05.24:041][412]LogTemp: Warning: Stamina = 96.926689
[2018.08.22-04.05.24:057][413]LogTemp: Warning: Stamina = 96.916695
[2018.08.22-04.05.24:073][414]LogTemp: Warning: Stamina = 96.906700
[2018.08.22-04.05.24:090][415]LogTemp: Warning: Stamina = 96.896706
[2018.08.22-04.05.24:106][416]LogTemp: Warning: Stamina = 96.886711
[2018.08.22-04.05.24:122][417]LogTemp: Warning: Stamina = 96.876717
[2018.08.22-04.05.24:139][418]LogTemp: Warning: Stamina = 96.866722
[2018.08.22-04.05.24:154][419]LogTemp: Warning: Stamina = 96.856728
[2018.08.22-04.05.24:170][420]LogTemp: Warning: Stamina = 96.846733
[2018.08.22-04.05.24:187][421]LogTemp: Warning: Stamina = 96.836739
[2018.08.22-04.05.24:203][422]LogTemp: Warning: Stamina = 96.826744
[2018.08.22-04.05.24:219][423]LogTemp: Warning: Stamina = 96.816750
[2018.08.22-04.05.24:235][424]LogTemp: Warning: Stamina = 96.806755
[2018.08.22-04.05.24:251][425]LogTemp: Warning: Stamina = 96.796761
[2018.08.22-04.05.24:267][426]LogTemp: Warning: Stamina = 96.786766
[2018.08.22-04.05.24:283][427]LogTemp: Warning: Stamina = 96.776772
[2018.08.22-04.05.24:299][428]LogTemp: Warning: Stamina = 96.766777
[2018.08.22-04.05.24:315][429]LogTemp: Warning: Stamina = 96.756783
[2018.08.22-04.05.24:331][430]LogTemp: Warning: Stamina = 96.746788
[2018.08.22-04.05.24:348][431]LogTemp: Warning: Stamina = 96.736794
[2018.08.22-04.05.24:363][432]LogTemp: Warning: Stamina = 96.726799
[2018.08.22-04.05.24:380][433]LogTemp: Warning: Stamina = 96.716805
[2018.08.22-04.05.24:396][434]LogTemp: Warning: Stamina = 96.706810
[2018.08.22-04.05.24:412][435]LogTemp: Warning: Stamina = 96.696815
[2018.08.22-04.05.24:428][436]LogTemp: Warning: Stamina = 96.686821
[2018.08.22-04.05.24:444][437]LogTemp: Warning: Stamina = 96.676826
[2018.08.22-04.05.24:461][438]LogTemp: Warning: Stamina = 96.666832
[2018.08.22-04.05.24:477][439]LogTemp: Warning: Stamina = 96.656837
[2018.08.22-04.05.24:493][440]LogTemp: Warning: Stamina = 96.646843
[2018.08.22-04.05.24:509][441]LogTemp: Warning: Stamina = 96.636848
[2018.08.22-04.05.24:525][442]LogTemp: Warning: Stamina = 96.626854
[2018.08.22-04.05.24:541][443]LogTemp: Warning: Stamina = 96.616859
[2018.08.22-04.05.24:557][444]LogTemp: Warning: Stamina = 96.606865
[2018.08.22-04.05.24:574][445]LogTemp: Warning: Stamina = 96.596870
[2018.08.22-04.05.24:590][446]LogTemp: Warning: Stamina = 96.586876
[2018.08.22-04.05.24:606][447]LogTemp: Warning: Stamina = 96.576881
[2018.08.22-04.05.24:622][448]LogTemp: Warning: Stamina = 96.566887
[2018.08.22-04.05.24:638][449]LogTemp: Warning: Stamina = 96.556892
[2018.08.22-04.05.24:654][450]LogTemp: Warning: Stamina = 96.546898
[2018.08.22-04.05.24:670][451]LogTemp: Warning: Stamina = 96.536903
[2018.08.22-04.05.24:686][452]LogTemp: Warning: Stamina = 96.526909
[2018.08.22-04.05.24:702][453]LogTemp: Warning: Stamina = 96.516914
[2018.08.22-04.05.24:719][454]LogTemp: Warning: Stamina = 96.506920
[2018.08.22-04.05.24:735][455]LogTemp: Warning: Stamina = 96.496925
[2018.08.22-04.05.24:751][456]LogTemp: Warning: Stamina = 96.486931
[2018.08.22-04.05.24:768][457]LogTemp: Warning: Stamina = 96.476936
[2018.08.22-04.05.24:783][458]LogTemp: Warning: Stamina = 96.466942
[2018.08.22-04.05.24:799][459]LogTemp: Warning: Stamina = 96.456947
[2018.08.22-04.05.24:815][460]LogTemp: Warning: Stamina = 96.446953
[2018.08.22-04.05.24:832][461]LogTemp: Warning: Stamina = 96.436958
[2018.08.22-04.05.24:848][462]LogTemp: Warning: Stamina = 96.426964
[2018.08.22-04.05.24:864][463]LogTemp: Warning: Stamina = 96.416969
[2018.08.22-04.05.24:880][464]LogTemp: Warning: Stamina = 96.406975
[2018.08.22-04.05.24:896][465]LogTemp: Warning: Stamina = 96.396980
[2018.08.22-04.05.24:912][466]LogTemp: Warning: Stamina = 96.386986
[2018.08.22-04.05.24:928][467]LogTemp: Warning: Stamina = 96.376991
[2018.08.22-04.05.24:944][468]LogTemp: Warning: Stamina = 96.366997
[2018.08.22-04.05.24:961][469]LogTemp: Warning: Stamina = 96.357002
[2018.08.22-04.05.24:977][470]LogTemp: Warning: Stamina = 96.347008
[2018.08.22-04.05.24:993][471]LogTemp: Warning: Stamina = 96.337013
[2018.08.22-04.05.25:009][472]LogTemp: Warning: Stamina = 96.327019
[2018.08.22-04.05.25:025][473]LogTemp: Warning: Stamina = 96.317024
[2018.08.22-04.05.25:041][474]LogTemp: Warning: Stamina = 96.307030
[2018.08.22-04.05.25:057][475]LogTemp: Warning: Stamina = 96.297035
[2018.08.22-04.05.25:073][476]LogTemp: Warning: Stamina = 96.287041
[2018.08.22-04.05.25:090][477]LogTemp: Warning: Stamina = 96.277046
[2018.08.22-04.05.25:106][478]LogTemp: Warning: Stamina = 96.267052
[2018.08.22-04.05.25:122][479]LogTemp: Warning: Stamina = 96.257057
[2018.08.22-04.05.25:138][480]LogTemp: Warning: Stamina = 96.247063
[2018.08.22-04.05.25:154][481]LogTemp: Warning: Stamina = 96.237068
[2018.08.22-04.05.25:170][482]LogTemp: Warning: Stamina = 96.227074
[2018.08.22-04.05.25:187][483]LogTemp: Warning: Stamina = 96.217079
[2018.08.22-04.05.25:202][484]LogTemp: Warning: Stamina = 96.207085
[2018.08.22-04.05.25:219][485]LogTemp: Warning: Stamina = 96.197090
[2018.08.22-04.05.25:235][486]LogTemp: Warning: Stamina = 96.187096
[2018.08.22-04.05.25:251][487]LogTemp: Warning: Stamina = 96.177101
[2018.08.22-04.05.25:267][488]LogTemp: Warning: Stamina = 96.167107
[2018.08.22-04.05.25:283][489]LogTemp: Warning: Stamina = 96.157112
[2018.08.22-04.05.25:299][490]LogTemp: Warning: Stamina = 96.147118
[2018.08.22-04.05.25:316][491]LogTemp: Warning: Stamina = 96.137123
[2018.08.22-04.05.25:332][492]LogTemp: Warning: Stamina = 96.127129
[2018.08.22-04.05.25:348][493]LogTemp: Warning: Stamina = 96.117134
[2018.08.22-04.05.25:364][494]LogTemp: Warning: Stamina = 96.107140
[2018.08.22-04.05.25:380][495]LogTemp: Warning: Stamina = 96.097145
[2018.08.22-04.05.25:397][496]LogTemp: Warning: Stamina = 96.087151
[2018.08.22-04.05.25:412][497]LogTemp: Warning: Stamina = 96.077156
[2018.08.22-04.05.25:428][498]LogTemp: Warning: Stamina = 96.067162
[2018.08.22-04.05.25:444][499]LogTemp: Warning: Stamina = 96.057167
[2018.08.22-04.05.25:461][500]LogTemp: Warning: Stamina = 96.047173
[2018.08.22-04.05.25:477][501]LogTemp: Warning: Stamina = 96.037178
[2018.08.22-04.05.25:493][502]LogTemp: Warning: Stamina = 96.027184
[2018.08.22-04.05.25:509][503]LogTemp: Warning: Stamina = 96.017189
[2018.08.22-04.05.25:525][504]LogTemp: Warning: Stamina = 96.007195
[2018.08.22-04.05.25:541][505]LogTemp: Warning: Stamina = 95.997200
[2018.08.22-04.05.25:557][506]LogTemp: Warning: Stamina = 95.987206
[2018.08.22-04.05.25:573][507]LogTemp: Warning: Stamina = 95.977211
[2018.08.22-04.05.25:590][508]LogTemp: Warning: Stamina = 95.967216
[2018.08.22-04.05.25:606][509]LogTemp: Warning: Stamina = 95.957222
[2018.08.22-04.05.25:622][510]LogTemp: Warning: Stamina = 95.947227
[2018.08.22-04.05.25:638][511]LogTemp: Warning: Stamina = 95.937233
[2018.08.22-04.05.25:654][512]LogTemp: Warning: Stamina = 95.927238
[2018.08.22-04.05.25:671][513]LogTemp: Warning: Stamina = 95.917244
[2018.08.22-04.05.25:687][514]LogTemp: Warning: Stamina = 95.907249
[2018.08.22-04.05.25:703][515]LogTemp: Warning: Stamina = 95.897255
[2018.08.22-04.05.25:719][516]LogTemp: Warning: Stamina = 95.887260
[2018.08.22-04.05.25:735][517]LogTemp: Warning: Stamina = 95.877266
[2018.08.22-04.05.25:751][518]LogTemp: Warning: Stamina = 95.867271
[2018.08.22-04.05.25:767][519]LogTemp: Warning: Stamina = 95.857277
[2018.08.22-04.05.25:783][520]LogTemp: Warning: Stamina = 95.847282
[2018.08.22-04.05.25:799][521]LogTemp: Warning: Stamina = 95.837288
[2018.08.22-04.05.25:816][522]LogTemp: Warning: Stamina = 95.827293
[2018.08.22-04.05.25:832][523]LogTemp: Warning: Stamina = 95.817299
[2018.08.22-04.05.25:848][524]LogTemp: Warning: Stamina = 95.807304
[2018.08.22-04.05.25:864][525]LogTemp: Warning: Stamina = 95.797310
[2018.08.22-04.05.25:880][526]LogTemp: Warning: Stamina = 95.787315
[2018.08.22-04.05.25:896][527]LogTemp: Warning: Stamina = 95.777321
[2018.08.22-04.05.25:912][528]LogTemp: Warning: Stamina = 95.767326
[2018.08.22-04.05.25:928][529]LogTemp: Warning: Stamina = 95.757332
[2018.08.22-04.05.25:944][530]LogTemp: Warning: Stamina = 95.747337
[2018.08.22-04.05.25:961][531]LogTemp: Warning: Stamina = 95.737343
[2018.08.22-04.05.25:977][532]LogTemp: Warning: Stamina = 95.727348
[2018.08.22-04.05.25:993][533]LogTemp: Warning: Stamina = 95.717354
[2018.08.22-04.05.26:009][534]LogTemp: Warning: Stamina = 95.707359
[2018.08.22-04.05.26:026][535]LogTemp: Warning: Stamina = 95.697365
[2018.08.22-04.05.26:041][536]LogTemp: Warning: Stamina = 95.687370
[2018.08.22-04.05.26:058][537]LogTemp: Warning: Stamina = 95.677376
[2018.08.22-04.05.26:074][538]LogTemp: Warning: Stamina = 95.667381
[2018.08.22-04.05.26:090][539]LogTemp: Warning: Stamina = 95.657387
[2018.08.22-04.05.26:106][540]LogTemp: Warning: Stamina = 95.647392
[2018.08.22-04.05.26:122][541]LogTemp: Warning: Stamina = 95.637398
[2018.08.22-04.05.26:138][542]LogTemp: Warning: Stamina = 95.627403
[2018.08.22-04.05.26:154][543]LogTemp: Warning: Stamina = 95.617409
[2018.08.22-04.05.26:170][544]LogTemp: Warning: Stamina = 95.607414
[2018.08.22-04.05.26:186][545]LogTemp: Warning: Stamina = 95.597420
[2018.08.22-04.05.26:203][546]LogTemp: Warning: Stamina = 95.587425
[2018.08.22-04.05.26:219][547]LogTemp: Warning: Stamina = 95.577431
[2018.08.22-04.05.26:236][548]LogTemp: Warning: Stamina = 95.567436
[2018.08.22-04.05.26:251][549]LogTemp: Warning: Stamina = 95.557442
[2018.08.22-04.05.26:267][550]LogTemp: Warning: Stamina = 95.547447
[2018.08.22-04.05.26:283][551]LogTemp: Warning: Stamina = 95.537453
[2018.08.22-04.05.26:299][552]LogTemp: Warning: Stamina = 95.527458
[2018.08.22-04.05.26:315][553]LogTemp: Warning: Stamina = 95.517464
[2018.08.22-04.05.26:331][554]LogTemp: Warning: Stamina = 95.507469
[2018.08.22-04.05.26:348][555]LogTemp: Warning: Stamina = 95.497475
[2018.08.22-04.05.26:364][556]LogTemp: Warning: Stamina = 95.487480
[2018.08.22-04.05.26:380][557]LogTemp: Warning: Stamina = 95.477486
[2018.08.22-04.05.26:396][558]LogTemp: Warning: Stamina = 95.467491
[2018.08.22-04.05.26:412][559]LogTemp: Warning: Stamina = 95.457497
[2018.08.22-04.05.26:428][560]LogTemp: Warning: Stamina = 95.447502
[2018.08.22-04.05.26:445][561]LogTemp: Warning: Stamina = 95.437508
[2018.08.22-04.05.26:461][562]LogTemp: Warning: Stamina = 95.427513
[2018.08.22-04.05.26:477][563]LogTemp: Warning: Stamina = 95.417519
[2018.08.22-04.05.26:493][564]LogTemp: Warning: Stamina = 95.407524
[2018.08.22-04.05.26:509][565]LogTemp: Warning: Stamina = 95.397530
[2018.08.22-04.05.26:525][566]LogTemp: Warning: Stamina = 95.387535
[2018.08.22-04.05.26:541][567]LogTemp: Warning: Stamina = 95.377541
[2018.08.22-04.05.26:557][568]LogTemp: Warning: Stamina = 95.367546
[2018.08.22-04.05.26:574][569]LogTemp: Warning: Stamina = 95.357552
[2018.08.22-04.05.26:590][570]LogTemp: Warning: Stamina = 95.347557
[2018.08.22-04.05.26:606][571]LogTemp: Warning: Stamina = 95.337563
[2018.08.22-04.05.26:622][572]LogTemp: Warning: Stamina = 95.327568
[2018.08.22-04.05.26:639][573]LogTemp: Warning: Stamina = 95.317574
[2018.08.22-04.05.26:655][574]LogTemp: Warning: Stamina = 95.307579
[2018.08.22-04.05.26:670][575]LogTemp: Warning: Stamina = 95.297585
[2018.08.22-04.05.26:686][576]LogTemp: Warning: Stamina = 95.287590
[2018.08.22-04.05.26:703][577]LogTemp: Warning: Stamina = 95.277596
[2018.08.22-04.05.26:719][578]LogTemp: Warning: Stamina = 95.267601
[2018.08.22-04.05.26:735][579]LogTemp: Warning: Stamina = 95.257607
[2018.08.22-04.05.26:751][580]LogTemp: Warning: Stamina = 95.247612
[2018.08.22-04.05.26:767][581]LogTemp: Warning: Stamina = 95.237617
[2018.08.22-04.05.26:783][582]LogTemp: Warning: Stamina = 95.227623
[2018.08.22-04.05.26:799][583]LogTemp: Warning: Stamina = 95.217628
[2018.08.22-04.05.26:815][584]LogTemp: Warning: Stamina = 95.207634
[2018.08.22-04.05.26:831][585]LogTemp: Warning: Stamina = 95.197639
[2018.08.22-04.05.26:848][586]LogTemp: Warning: Stamina = 95.187645
[2018.08.22-04.05.26:865][587]LogTemp: Warning: Stamina = 95.177650
[2018.08.22-04.05.26:880][588]LogTemp: Warning: Stamina = 95.167656
[2018.08.22-04.05.26:896][589]LogTemp: Warning: Stamina = 95.157661
[2018.08.22-04.05.26:912][590]LogTemp: Warning: Stamina = 95.147667
[2018.08.22-04.05.26:929][591]LogTemp: Warning: Stamina = 95.137672
[2018.08.22-04.05.26:945][592]LogTemp: Warning: Stamina = 95.127678
[2018.08.22-04.05.26:961][593]LogTemp: Warning: Stamina = 95.117683
[2018.08.22-04.05.26:977][594]LogTemp: Warning: Stamina = 95.107689
[2018.08.22-04.05.26:993][595]LogTemp: Warning: Stamina = 95.097694
[2018.08.22-04.05.27:009][596]LogTemp: Warning: Stamina = 95.087700
[2018.08.22-04.05.27:025][597]LogTemp: Warning: Stamina = 95.077705
[2018.08.22-04.05.27:041][598]LogTemp: Warning: Stamina = 95.067711
[2018.08.22-04.05.27:057][599]LogTemp: Warning: Stamina = 95.057716
[2018.08.22-04.05.27:074][600]LogTemp: Warning: Stamina = 95.047722
[2018.08.22-04.05.27:090][601]LogTemp: Warning: Stamina = 95.037727
[2018.08.22-04.05.27:106][602]LogTemp: Warning: Stamina = 95.027733
[2018.08.22-04.05.27:122][603]LogTemp: Warning: Stamina = 95.017738
[2018.08.22-04.05.27:138][604]LogTemp: Warning: Stamina = 95.007744
[2018.08.22-04.05.27:154][605]LogTemp: Warning: Stamina = 94.997749
[2018.08.22-04.05.27:170][606]LogTemp: Warning: Stamina = 94.987755
[2018.08.22-04.05.27:186][607]LogTemp: Warning: Stamina = 94.977760
[2018.08.22-04.05.27:203][608]LogTemp: Warning: Stamina = 94.967766
[2018.08.22-04.05.27:219][609]LogTemp: Warning: Stamina = 94.957771
[2018.08.22-04.05.27:235][610]LogTemp: Warning: Stamina = 94.947777
[2018.08.22-04.05.27:251][611]LogTemp: Warning: Stamina = 94.937782
[2018.08.22-04.05.27:267][612]LogTemp: Warning: Stamina = 94.927788
[2018.08.22-04.05.27:284][613]LogTemp: Warning: Stamina = 94.917793
[2018.08.22-04.05.27:299][614]LogTemp: Warning: Stamina = 94.907799
[2018.08.22-04.05.27:316][615]LogTemp: Warning: Stamina = 94.897804
[2018.08.22-04.05.27:332][616]LogTemp: Warning: Stamina = 94.887810
[2018.08.22-04.05.27:348][617]LogTemp: Warning: Stamina = 94.877815
[2018.08.22-04.05.27:364][618]LogTemp: Warning: Stamina = 94.867821
[2018.08.22-04.05.27:380][619]LogTemp: Warning: Stamina = 94.857826
[2018.08.22-04.05.27:396][620]LogTemp: Warning: Stamina = 94.847832
[2018.08.22-04.05.27:412][621]LogTemp: Warning: Stamina = 94.837837
[2018.08.22-04.05.27:428][622]LogTemp: Warning: Stamina = 94.827843
[2018.08.22-04.05.27:445][623]LogTemp: Warning: Stamina = 94.817848
[2018.08.22-04.05.27:461][624]LogTemp: Warning: Stamina = 94.807854
[2018.08.22-04.05.27:477][625]LogTemp: Warning: Stamina = 94.797859
[2018.08.22-04.05.27:494][626]LogTemp: Warning: Stamina = 94.787865
[2018.08.22-04.05.27:509][627]LogTemp: Warning: Stamina = 94.777870
[2018.08.22-04.05.27:525][628]LogTemp: Warning: Stamina = 94.767876
[2018.08.22-04.05.27:541][629]LogTemp: Warning: Stamina = 94.757881
[2018.08.22-04.05.27:558][630]LogTemp: Warning: Stamina = 94.747887
[2018.08.22-04.05.27:574][631]LogTemp: Warning: Stamina = 94.737892
[2018.08.22-04.05.27:590][632]LogTemp: Warning: Stamina = 94.727898
[2018.08.22-04.05.27:606][633]LogTemp: Warning: Stamina = 94.717903
[2018.08.22-04.05.27:622][634]LogTemp: Warning: Stamina = 94.707909
[2018.08.22-04.05.27:638][635]LogTemp: Warning: Stamina = 94.697914
[2018.08.22-04.05.27:654][636]LogTemp: Warning: Stamina = 94.687920
[2018.08.22-04.05.27:670][637]LogTemp: Warning: Stamina = 94.677925
[2018.08.22-04.05.27:687][638]LogTemp: Warning: Stamina = 94.667931
[2018.08.22-04.05.27:703][639]LogTemp: Warning: Stamina = 94.657936
[2018.08.22-04.05.27:719][640]LogTemp: Warning: Stamina = 94.647942
[2018.08.22-04.05.27:735][641]LogTemp: Warning: Stamina = 94.637947
[2018.08.22-04.05.27:751][642]LogTemp: Warning: Stamina = 94.627953
[2018.08.22-04.05.27:767][643]LogTemp: Warning: Stamina = 94.617958
[2018.08.22-04.05.27:783][644]LogTemp: Warning: Stamina = 94.607964
[2018.08.22-04.05.27:800][645]LogTemp: Warning: Stamina = 94.597969
[2018.08.22-04.05.27:815][646]LogTemp: Warning: Stamina = 94.587975
[2018.08.22-04.05.27:832][647]LogTemp: Warning: Stamina = 94.577980
[2018.08.22-04.05.27:848][648]LogTemp: Warning: Stamina = 94.567986
[2018.08.22-04.05.27:864][649]LogTemp: Warning: Stamina = 94.557991
[2018.08.22-04.05.27:880][650]LogTemp: Warning: Stamina = 94.547997
[2018.08.22-04.05.27:896][651]LogTemp: Warning: Stamina = 94.538002
[2018.08.22-04.05.27:938][652]LogSlate: Window 'ALBIRB_EXPERIENCE (64-bit, PCD3D_SM5) ' being destroyed
[2018.08.22-04.05.27:938][652]LogWindowsTextInputMethodSystem: Display: IME system now deactivated.
[2018.08.22-04.05.27:940][652]LogEngine: All Windows Closed
[2018.08.22-04.05.27:940][652]LogWindows: FPlatformMisc::RequestExit(0)
[2018.08.22-04.05.28:704][653]LogSlate: Slate User Destroyed.  User Index 0, Is Virtual User: 0
[2018.08.22-04.05.28:704][653]LogExit: Preparing to exit.
[2018.08.22-04.05.28:704][653]LogMoviePlayer: Shutting down movie player
[2018.08.22-04.05.29:082][653]LogExit: Game engine shut down
[2018.08.22-04.05.29:084][653]LogUObjectGlobals: Destroyed PersistentFrame Addr=0x0000012a1b6ee9f8, Size=8
[2018.08.22-04.05.29:084][653]LogUObjectGlobals: Destroyed PersistentFrame Addr=0x0000012a2cf21780, Size=352
[2018.08.22-04.05.29:084][653]LogUObjectGlobals: Destroyed PersistentFrame Addr=0x0000012a2d386318, Size=40
[2018.08.22-04.05.29:084][653]LogUObjectGlobals: Destroyed PersistentFrame Addr=0x0000012a1b6ee970, Size=4
[2018.08.22-04.05.29:084][653]LogUObjectGlobals: Destroyed PersistentFrame Addr=0x0000012a1b6ee910, Size=4
[2018.08.22-04.05.29:084][653]LogUObjectGlobals: Destroyed PersistentFrame Addr=0x0000012a2cc36b10, Size=16
[2018.08.22-04.05.29:085][653]LogUObjectGlobals: Destroyed PersistentFrame Addr=0x0000012a22bebac0, Size=4
[2018.08.22-04.05.29:085][653]LogUObjectGlobals: Destroyed PersistentFrame Addr=0x0000012a22beba90, Size=4
[2018.08.22-04.05.29:085][653]LogUObjectGlobals: Destroyed PersistentFrame Addr=0x0000012a2d385b70, Size=40
[2018.08.22-04.05.29:085][653]LogUObjectGlobals: Destroyed PersistentFrame Addr=0x0000012a22c0abb0, Size=16
[2018.08.22-04.05.29:085][653]LogUObjectGlobals: Destroyed PersistentFrame Addr=0x0000012a22b9d180, Size=352
[2018.08.22-04.05.29:085][653]LogUObjectGlobals: Destroyed PersistentFrame Addr=0x0000012a22beb830, Size=8
[2018.08.22-04.05.29:125][653]LogExit: Object subsystem successfully closed.
[2018.08.22-04.05.29:140][653]LogShaderCompilers: Display: Shaders left to compile 0
[2018.08.22-04.05.29:143][653]LogD3D11RHI: Shutdown
[2018.08.22-04.05.29:143][653]LogD3D11RHI: CleanupD3DDevice
[2018.08.22-04.05.29:144][653]LogD3D11RHI: ~FD3D11DynamicRHI
[2018.08.22-04.05.29:149][653]LogModuleManager: Shutting down and abandoning module SequenceRecorderSections (334)
[2018.08.22-04.05.29:149][653]LogModuleManager: Shutting down and abandoning module SequenceRecorder (332)
[2018.08.22-04.05.29:149][653]LogModuleManager: Shutting down and abandoning module AutomationController (330)
[2018.08.22-04.05.29:149][653]LogModuleManager: Shutting down and abandoning module AutomationWorker (328)
[2018.08.22-04.05.29:149][653]LogModuleManager: Shutting down and abandoning module AIModule (326)
[2018.08.22-04.05.29:149][653]LogModuleManager: Shutting down and abandoning module GameplayDebugger (325)
[2018.08.22-04.05.29:149][653]LogModuleManager: Shutting down and abandoning module AITestSuite (323)
[2018.08.22-04.05.29:149][653]LogModuleManager: Shutting down and abandoning module WmfMediaFactory (320)
[2018.08.22-04.05.29:149][653]LogModuleManager: Shutting down and abandoning module OpenExrWrapper (318)
[2018.08.22-04.05.29:149][653]LogModuleManager: Shutting down and abandoning module ImgMediaFactory (316)
[2018.08.22-04.05.29:149][653]LogModuleManager: Shutting down and abandoning module AvfMediaFactory (314)
[2018.08.22-04.05.29:149][653]LogModuleManager: Shutting down and abandoning module CharacterAI (312)
[2018.08.22-04.05.29:149][653]LogModuleManager: Shutting down and abandoning module SessionServices (310)
[2018.08.22-04.05.29:149][653]LogModuleManager: Shutting down and abandoning module MovieSceneCapture (308)
[2018.08.22-04.05.29:149][653]LogModuleManager: Shutting down and abandoning module MovieSceneTracks (306)
[2018.08.22-04.05.29:149][653]LogModuleManager: Shutting down and abandoning module MovieScene (304)
[2018.08.22-04.05.29:149][653]LogModuleManager: Shutting down and abandoning module GeometryCache (302)
[2018.08.22-04.05.29:149][653]LogModuleManager: Shutting down and abandoning module GeometryCacheEd (301)
[2018.08.22-04.05.29:149][653]LogModuleManager: Shutting down and abandoning module StreamingPauseRendering (298)
[2018.08.22-04.05.29:149][653]LogModuleManager: Shutting down and abandoning module PortalServices (296)
[2018.08.22-04.05.29:149][653]LogModuleManager: Shutting down and abandoning module PortalRpc (294)
[2018.08.22-04.05.29:149][653]LogModuleManager: Shutting down and abandoning module MessagingRpc (292)
[2018.08.22-04.05.29:149][653]LogModuleManager: Shutting down and abandoning module ProfilerService (290)
[2018.08.22-04.05.29:174][653]LogModuleManager: Shutting down and abandoning module TaskGraph (288)
[2018.08.22-04.05.29:175][653]LogModuleManager: Shutting down and abandoning module SteamVRController (286)
[2018.08.22-04.05.29:175][653]LogModuleManager: Shutting down and abandoning module ProceduralMeshComponent (284)
[2018.08.22-04.05.29:175][653]LogModuleManager: Shutting down and abandoning module OculusInput (282)
[2018.08.22-04.05.29:175][653]LogModuleManager: Shutting down and abandoning module MobilePatchingUtils (280)
[2018.08.22-04.05.29:175][653]LogModuleManager: Shutting down and abandoning module CustomMeshComponent (278)
[2018.08.22-04.05.29:175][653]LogModuleManager: Shutting down and abandoning module CableComponent (276)
[2018.08.22-04.05.29:175][653]LogModuleManager: Shutting down and abandoning module AudioCapture (274)
[2018.08.22-04.05.29:175][653]LogModuleManager: Shutting down and abandoning module ArchVisCharacter (272)
[2018.08.22-04.05.29:175][653]LogModuleManager: Shutting down and abandoning module AndroidPermission (270)
[2018.08.22-04.05.29:175][653]LogModuleManager: Shutting down and abandoning module NUTUnrealEngine4 (266)
[2018.08.22-04.05.29:175][653]LogModuleManager: Shutting down and abandoning module NetcodeUnitTest (264)
[2018.08.22-04.05.29:175][653]LogModuleManager: Shutting down and abandoning module MediaCompositing (262)
[2018.08.22-04.05.29:175][653]LogModuleManager: Shutting down and abandoning module LinearTimecode (260)
[2018.08.22-04.05.29:175][653]LogModuleManager: Shutting down and abandoning module ImgMedia (258)
[2018.08.22-04.05.29:176][653]LogModuleManager: Shutting down and abandoning module HTML5Networking (256)
[2018.08.22-04.05.29:177][653]LogModuleManager: Shutting down and abandoning module DatasmithContent (254)
[2018.08.22-04.05.29:177][653]LogModuleManager: Shutting down and abandoning module CryptoKeysOpenSSL (252)
[2018.08.22-04.05.29:177][653]LogModuleManager: Shutting down and abandoning module CryptoKeys (250)
[2018.08.22-04.05.29:177][653]LogModuleManager: Shutting down and abandoning module VisualStudioSourceCodeAccess (248)
[2018.08.22-04.05.29:177][653]LogModuleManager: Shutting down and abandoning module HotReload (247)
[2018.08.22-04.05.29:177][653]LogDirectoryWatcher: A directory notification for 'D:/Users/steven.zha7447/Desktop/AlBirbExperience/ALBIRB_EXPERIENCE/Binaries/Win64' was aborted.
[2018.08.22-04.05.29:177][653]LogModuleManager: Shutting down and abandoning module DirectoryWatcher (246)
[2018.08.22-04.05.29:177][653]LogModuleManager: Shutting down and abandoning module VisualStudioCodeSourceCodeAccess (242)
[2018.08.22-04.05.29:177][653]LogModuleManager: Shutting down and abandoning module UObjectPlugin (240)
[2018.08.22-04.05.29:177][653]LogModuleManager: Shutting down and abandoning module SubversionSourceControl (238)
[2018.08.22-04.05.29:177][653]LogModuleManager: Shutting down and abandoning module PerforceSourceControl (236)
[2018.08.22-04.05.29:177][653]LogModuleManager: Shutting down and abandoning module SourceControl (235)
[2018.08.22-04.05.29:177][653]LogModuleManager: Shutting down and abandoning module CLionSourceCodeAccess (232)
[2018.08.22-04.05.29:177][653]LogModuleManager: Shutting down and abandoning module ALBIRB_EXPERIENCE (230)
[2018.08.22-04.05.29:177][653]LogModuleManager: Shutting down and abandoning module RuntimePhysXCooking (228)
[2018.08.22-04.05.29:177][653]LogModuleManager: Shutting down and abandoning module PhysXVehiclesEditor (226)
[2018.08.22-04.05.29:177][653]LogModuleManager: Shutting down and abandoning module PhysXVehicles (224)
[2018.08.22-04.05.29:177][653]LogModuleManager: Shutting down and abandoning module LocationServicesBPLibrary (222)
[2018.08.22-04.05.29:177][653]LogModuleManager: Shutting down and abandoning module ImmediatePhysicsEditor (220)
[2018.08.22-04.05.29:177][653]LogModuleManager: Shutting down and abandoning module ImmediatePhysics (218)
[2018.08.22-04.05.29:177][653]LogModuleManager: Shutting down and abandoning module ActorSequence (216)
[2018.08.22-04.05.29:177][653]LogModuleManager: Shutting down and abandoning module UdpMessaging (214)
[2018.08.22-04.05.29:278][653]LogModuleManager: Shutting down and abandoning module TcpMessaging (212)
[2018.08.22-04.05.30:036][653]LogModuleManager: Shutting down and abandoning module GameplayTagsEditor (210)
[2018.08.22-04.05.30:036][653]LogModuleManager: Shutting down and abandoning module FacialAnimation (208)
[2018.08.22-04.05.30:036][653]LogModuleManager: Shutting down and abandoning module DataValidation (206)
[2018.08.22-04.05.30:036][653]LogModuleManager: Shutting down and abandoning module AssetManagerEditor (204)
[2018.08.22-04.05.30:036][653]LogModuleManager: Shutting down and abandoning module TreeMap (203)
[2018.08.22-04.05.30:036][653]LogModuleManager: Shutting down and abandoning module LightPropagationVolumeRuntime (200)
[2018.08.22-04.05.30:036][653]LogModuleManager: Shutting down and abandoning module LiveLink (198)
[2018.08.22-04.05.30:947][653]LogModuleManager: Shutting down and abandoning module Paper2D (196)
[2018.08.22-04.05.30:947][653]LogModuleManager: Shutting down and abandoning module PIEPreviewDeviceProfileSelector (194)
[2018.08.22-04.05.30:947][653]LogModuleManager: Shutting down and abandoning module WindowsMoviePlayer (192)
[2018.08.22-04.05.30:947][653]LogModuleManager: Shutting down and abandoning module WmfMedia (190)
[2018.08.22-04.05.30:948][653]LogModuleManager: Shutting down and abandoning module Media (189)
[2018.08.22-04.05.30:953][653]LogModuleManager: Shutting down and abandoning module PacketHandler (186)
[2018.08.22-04.05.30:953][653]LogModuleManager: Shutting down and abandoning module ClothingSystemEditor (184)
[2018.08.22-04.05.30:953][653]LogModuleManager: Shutting down and abandoning module ClothingSystemRuntime (182)
[2018.08.22-04.05.30:953][653]LogModuleManager: Shutting down and abandoning module MediaAssets (180)
[2018.08.22-04.05.30:953][653]LogModuleManager: Shutting down and abandoning module Overlay (178)
[2018.08.22-04.05.30:954][653]LogModuleManager: Shutting down and abandoning module OverlayEditor (177)
[2018.08.22-04.05.30:954][653]LogModuleManager: Shutting down and abandoning module VREditor (174)
[2018.08.22-04.05.30:954][653]LogModuleManager: Shutting down and abandoning module StringTableEditor (172)
[2018.08.22-04.05.30:954][653]LogModuleManager: Shutting down and abandoning module GameplayTasksEditor (170)
[2018.08.22-04.05.30:954][653]LogModuleManager: Shutting down and abandoning module BehaviorTreeEditor (168)
[2018.08.22-04.05.30:954][653]LogModuleManager: Shutting down and abandoning module FunctionalTesting (166)
[2018.08.22-04.05.30:954][653]LogModuleManager: Shutting down and abandoning module CollisionAnalyzer (164)
[2018.08.22-04.05.30:954][653]LogModuleManager: Shutting down and abandoning module WorkspaceMenuStructure (163)
[2018.08.22-04.05.30:954][653]LogModuleManager: Shutting down and abandoning module UMG (160)
[2018.08.22-04.05.30:954][653]LogModuleManager: Shutting down and abandoning module UMGEditor (159)
[2018.08.22-04.05.30:954][653]LogModuleManager: Shutting down and abandoning module Sequencer (158)
[2018.08.22-04.05.30:954][653]LogModuleManager: Shutting down and abandoning module MessageLog (155)
[2018.08.22-04.05.30:954][653]LogModuleManager: Shutting down and abandoning module SlateReflector (150)
[2018.08.22-04.05.30:954][653]LogModuleManager: Shutting down and abandoning module Slate (148)
[2018.08.22-04.05.30:954][653]LogModuleManager: Shutting down and abandoning module EditorStyle (146)
[2018.08.22-04.05.30:955][653]LogModuleManager: Shutting down and abandoning module MRMesh (144)
[2018.08.22-04.05.30:955][653]LogModuleManager: Shutting down and abandoning module Messaging (142)
[2018.08.22-04.05.30:955][653]LogModuleManager: Shutting down and abandoning module SourceCodeAccess (140)
[2018.08.22-04.05.30:955][653]LogModuleManager: Shutting down and abandoning module HeadMountedDisplay (138)
[2018.08.22-04.05.30:955][653]LogModuleManager: Shutting down and abandoning module XAudio2 (136)
[2018.08.22-04.05.30:955][653]LogModuleManager: Shutting down and abandoning module Networking (134)
[2018.08.22-04.05.30:955][653]LogModuleManager: Shutting down and abandoning module Core (132)
[2018.08.22-04.05.30:955][653]LogModuleManager: Shutting down and abandoning module LevelSequence (130)
[2018.08.22-04.05.30:955][653]LogModuleManager: Shutting down and abandoning module KismetCompiler (128)
[2018.08.22-04.05.30:955][653]LogModuleManager: Shutting down and abandoning module MeshUtilities (126)
[2018.08.22-04.05.30:955][653]LogModuleManager: Shutting down and abandoning module MeshMergeUtilities (125)
[2018.08.22-04.05.30:955][653]LogModuleManager: Shutting down and abandoning module MeshReductionInterface (124)
[2018.08.22-04.05.30:955][653]LogModuleManager: Shutting down and abandoning module SimplygonSwarm (123)
[2018.08.22-04.05.30:955][653]LogModuleManager: Shutting down and abandoning module SimplygonMeshReduction (121)
[2018.08.22-04.05.30:955][653]LogModuleManager: Shutting down and abandoning module QuadricMeshReduction (119)
[2018.08.22-04.05.30:955][653]LogModuleManager: Shutting down and abandoning module MaterialBaking (115)
[2018.08.22-04.05.30:955][653]LogModuleManager: Shutting down and abandoning module DerivedDataCache (110)
[2018.08.22-04.05.31:395][653]LogDerivedDataCache: Shutdown
[2018.08.22-04.05.31:395][653]LogModuleManager: Shutting down and abandoning module XGEController (108)
[2018.08.22-04.05.31:395][653]LogModuleManager: Shutting down and abandoning module TargetPlatform (106)
[2018.08.22-04.05.31:395][653]LogModuleManager: Shutting down and abandoning module VulkanShaderFormat (105)
[2018.08.22-04.05.31:395][653]LogModuleManager: Shutting down and abandoning module ShaderFormatVectorVM (103)
[2018.08.22-04.05.31:395][653]LogModuleManager: Shutting down and abandoning module ShaderFormatOpenGL (101)
[2018.08.22-04.05.31:395][653]LogModuleManager: Shutting down and abandoning module ShaderFormatD3D (99)
[2018.08.22-04.05.31:395][653]LogModuleManager: Shutting down and abandoning module MetalShaderFormat (97)
[2018.08.22-04.05.31:396][653]LogModuleManager: Shutting down and abandoning module TextureFormatUncompressed (95)
[2018.08.22-04.05.31:396][653]LogModuleManager: Shutting down and abandoning module TextureFormatPVR (93)
[2018.08.22-04.05.31:396][653]LogModuleManager: Shutting down and abandoning module TextureFormatDXT (91)
[2018.08.22-04.05.31:396][653]LogModuleManager: Shutting down and abandoning module TextureFormatIntelISPCTexComp (89)
[2018.08.22-04.05.31:396][653]LogModuleManager: Shutting down and abandoning module TextureFormatASTC (87)
[2018.08.22-04.05.31:396][653]LogModuleManager: Shutting down and abandoning module ImageWrapper (86)
[2018.08.22-04.05.31:396][653]LogModuleManager: Shutting down and abandoning module TextureFormatAndroid (83)
[2018.08.22-04.05.31:396][653]LogModuleManager: Shutting down and abandoning module AudioFormatOpus (81)
[2018.08.22-04.05.31:396][653]LogModuleManager: Shutting down and abandoning module AudioFormatOgg (79)
[2018.08.22-04.05.31:396][653]LogModuleManager: Shutting down and abandoning module AudioFormatADPCM (77)
[2018.08.22-04.05.31:396][653]LogModuleManager: Shutting down and abandoning module WindowsTargetPlatform (75)
[2018.08.22-04.05.31:396][653]LogModuleManager: Shutting down and abandoning module WindowsServerTargetPlatform (73)
[2018.08.22-04.05.31:396][653]LogModuleManager: Shutting down and abandoning module WindowsNoEditorTargetPlatform (71)
[2018.08.22-04.05.31:396][653]LogModuleManager: Shutting down and abandoning module WindowsClientTargetPlatform (69)
[2018.08.22-04.05.31:396][653]LogModuleManager: Shutting down and abandoning module InputCore (66)
[2018.08.22-04.05.31:396][653]LogModuleManager: Shutting down and abandoning module Settings (64)
[2018.08.22-04.05.31:396][653]LogModuleManager: Shutting down and abandoning module PhysXCooking (62)
[2018.08.22-04.05.31:396][653]LogModuleManager: Shutting down and abandoning module SteamVR (60)
[2018.08.22-04.05.31:396][653]LogModuleManager: Shutting down and abandoning module OculusHMD (58)
[2018.08.22-04.05.31:396][653]LogModuleManager: Shutting down and abandoning module ExampleDeviceProfileSelector (56)
[2018.08.22-04.05.31:396][653]LogModuleManager: Shutting down and abandoning module AppleARKit (54)
[2018.08.22-04.05.31:396][653]LogModuleManager: Shutting down and abandoning module AugmentedReality (51)
[2018.08.22-04.05.31:396][653]LogModuleManager: Shutting down and abandoning module OnlineBlueprintSupport (48)
[2018.08.22-04.05.31:396][653]LogModuleManager: Shutting down and abandoning module OnlineSubsystem (44)
[2018.08.22-04.05.31:396][653]LogModuleManager: Shutting down and abandoning module XMPP (43)
[2018.08.22-04.05.31:396][653]LogModuleManager: Shutting down and abandoning module HTTP (41)
[2018.08.22-04.05.31:419][653]LogModuleManager: Shutting down and abandoning module SSL (40)
[2018.08.22-04.05.31:420][653]LogModuleManager: Shutting down and abandoning module AnimationModifiers (36)
[2018.08.22-04.05.31:420][653]LogModuleManager: Shutting down and abandoning module PropertyEditor (35)
[2018.08.22-04.05.31:420][653]LogModuleManager: Shutting down and abandoning module AudioEditor (32)
[2018.08.22-04.05.31:420][653]LogModuleManager: Shutting down and abandoning module TextureCompressor (30)
[2018.08.22-04.05.31:420][653]LogModuleManager: Shutting down and abandoning module ShaderCore (28)
[2018.08.22-04.05.31:420][653]LogModuleManager: Shutting down and abandoning module Landscape (26)
[2018.08.22-04.05.31:420][653]LogModuleManager: Shutting down and abandoning module SlateRHIRenderer (24)
[2018.08.22-04.05.31:420][653]LogModuleManager: Shutting down and abandoning module OpenGLDrv (22)
[2018.08.22-04.05.31:420][653]LogModuleManager: Shutting down and abandoning module D3D11RHI (20)
[2018.08.22-04.05.31:420][653]LogModuleManager: Shutting down and abandoning module AnimGraphRuntime (18)
[2018.08.22-04.05.31:420][653]LogModuleManager: Shutting down and abandoning module Renderer (16)
[2018.08.22-04.05.31:420][653]LogModuleManager: Shutting down and abandoning module Engine (14)
[2018.08.22-04.05.31:420][653]LogModuleManager: Shutting down and abandoning module CoreUObject (12)
[2018.08.22-04.05.31:420][653]LogModuleManager: Shutting down and abandoning module NetworkFile (10)
[2018.08.22-04.05.31:420][653]LogModuleManager: Shutting down and abandoning module CookedIterativeFile (8)
[2018.08.22-04.05.31:420][653]LogModuleManager: Shutting down and abandoning module StreamingFile (6)
[2018.08.22-04.05.31:420][653]LogModuleManager: Shutting down and abandoning module SandboxFile (4)
[2018.08.22-04.05.31:420][653]LogModuleManager: Shutting down and abandoning module PakFile (2)
[2018.08.22-04.05.31:424][653]LogExit: Exiting.
[2018.08.22-04.05.31:425][653]Log file closed, 08/22/18 16:05:31
